17/11/10 11:38:23.853 [pid:150] - error: uncaughtException: Cannot find module '../helper/db_helper.js' 
{ date: 'Fri Nov 10 2017 11:38:23 GMT+0000 (UTC)',
  process: 
   { pid: 150,
     uid: 0,
     gid: 0,
     cwd: '/workspace/Assignment',
     execPath: '/usr/bin/nodejs',
     version: 'v6.11.0',
     argv: [ '/usr/bin/nodejs', '/workspace/Assignment/server/server2.js' ],
     memoryUsage: 
      { rss: 70266880,
        heapTotal: 62951424,
        heapUsed: 29761560,
        external: 18093732 } },
  os: 
   { loadavg: [ 0.1103515625, 0.19775390625, 0.1669921875 ],
     uptime: 166001 },
  trace: 
   [ { column: 15,
       file: 'module.js',
       function: 'Module._resolveFilename',
       line: 469,
       method: '_resolveFilename',
       native: false },
     { column: 25,
       file: 'module.js',
       function: 'Module._load',
       line: 417,
       method: '_load',
       native: false },
     { column: 17,
       file: 'module.js',
       function: 'Module.require',
       line: 497,
       method: 'require',
       native: false },
     { column: 19,
       file: 'internal/module.js',
       function: 'require',
       line: 20,
       method: null,
       native: false },
     { column: 17,
       file: '/workspace/Assignment/server/controllers/fileManager.js',
       function: null,
       line: 2,
       method: null,
       native: false },
     { column: 32,
       file: 'module.js',
       function: 'Module._compile',
       line: 570,
       method: '_compile',
       native: false },
     { column: 10,
       file: 'module.js',
       function: 'Module._extensions..js',
       line: 579,
       method: '.js',
       native: false },
     { column: 32,
       file: 'module.js',
       function: 'Module.load',
       line: 487,
       method: 'load',
       native: false },
     { column: 12,
       file: 'module.js',
       function: 'tryModuleLoad',
       line: 446,
       method: null,
       native: false },
     { column: 3,
       file: 'module.js',
       function: 'Module._load',
       line: 438,
       method: '_load',
       native: false },
     { column: 17,
       file: 'module.js',
       function: 'Module.require',
       line: 497,
       method: 'require',
       native: false },
     { column: 19,
       file: 'internal/module.js',
       function: 'require',
       line: 20,
       method: null,
       native: false },
     { column: 26,
       file: '/workspace/Assignment/server/server2.js',
       function: null,
       line: 190,
       method: null,
       native: false },
     { column: null,
       file: null,
       function: 'Array.forEach',
       line: null,
       method: 'forEach',
       native: true },
     { column: 12,
       file: '/workspace/Assignment/server/server2.js',
       function: null,
       line: 188,
       method: null,
       native: false },
     { column: 32,
       file: 'module.js',
       function: 'Module._compile',
       line: 570,
       method: '_compile',
       native: false } ],
  stack: 
   [ 'Error: Cannot find module \'../helper/db_helper.js\'',
     '    at Function.Module._resolveFilename (module.js:469:15)',
     '    at Function.Module._load (module.js:417:25)',
     '    at Module.require (module.js:497:17)',
     '    at require (internal/module.js:20:19)',
     '    at Object.<anonymous> (/workspace/Assignment/server/controllers/fileManager.js:2:17)',
     '    at Module._compile (module.js:570:32)',
     '    at Object.Module._extensions..js (module.js:579:10)',
     '    at Module.load (module.js:487:32)',
     '    at tryModuleLoad (module.js:446:12)',
     '    at Function.Module._load (module.js:438:3)',
     '    at Module.require (module.js:497:17)',
     '    at require (internal/module.js:20:19)',
     '    at /workspace/Assignment/server/server2.js:190:26',
     '    at Array.forEach (native)',
     '    at Object.<anonymous> (/workspace/Assignment/server/server2.js:188:12)',
     '    at Module._compile (module.js:570:32)' ] }
