17/11/09 07:59:16.799 [pid:338] - error: uncaughtException: Cannot find module 'mongoose' 
{ date: 'Thu Nov 09 2017 07:59:16 GMT+0000 (UTC)',
  process: 
   { pid: 338,
     uid: 0,
     gid: 0,
     cwd: '/workspace/Assignment',
     execPath: '/usr/bin/nodejs',
     version: 'v6.11.0',
     argv: [ '/usr/bin/nodejs', '/workspace/Assignment/server/server2.js' ],
     memoryUsage: 
      { rss: 42373120,
        heapTotal: 32542720,
        heapUsed: 15613096,
        external: 210331 } },
  os: 
   { loadavg: [ 1.0888671875, 0.57470703125, 0.41943359375 ],
     uptime: 66454 },
  trace: 
   [ { column: 15,
       file: 'module.js',
       function: 'Module._resolveFilename',
       line: 469,
       method: '_resolveFilename',
       native: false },
     { column: 25,
       file: 'module.js',
       function: 'Module._load',
       line: 417,
       method: '_load',
       native: false },
     { column: 17,
       file: 'module.js',
       function: 'Module.require',
       line: 497,
       method: 'require',
       native: false },
     { column: 19,
       file: 'internal/module.js',
       function: 'require',
       line: 20,
       method: null,
       native: false },
     { column: 19,
       file: '/workspace/Assignment/server/server2.js',
       function: null,
       line: 29,
       method: null,
       native: false },
     { column: 32,
       file: 'module.js',
       function: 'Module._compile',
       line: 570,
       method: '_compile',
       native: false },
     { column: 10,
       file: 'module.js',
       function: 'Module._extensions..js',
       line: 579,
       method: '.js',
       native: false },
     { column: 32,
       file: 'module.js',
       function: 'Module.load',
       line: 487,
       method: 'load',
       native: false },
     { column: 12,
       file: 'module.js',
       function: 'tryModuleLoad',
       line: 446,
       method: null,
       native: false },
     { column: 3,
       file: 'module.js',
       function: 'Module._load',
       line: 438,
       method: '_load',
       native: false } ],
  stack: 
   [ 'Error: Cannot find module \'mongoose\'',
     '    at Function.Module._resolveFilename (module.js:469:15)',
     '    at Function.Module._load (module.js:417:25)',
     '    at Module.require (module.js:497:17)',
     '    at require (internal/module.js:20:19)',
     '    at Object.<anonymous> (/workspace/Assignment/server/server2.js:29:19)',
     '    at Module._compile (module.js:570:32)',
     '    at Object.Module._extensions..js (module.js:579:10)',
     '    at Module.load (module.js:487:32)',
     '    at tryModuleLoad (module.js:446:12)',
     '    at Function.Module._load (module.js:438:3)' ] }
17/11/09 08:28:44.005 [pid:674] - error: uncaughtException: Most middleware (like session) is no longer bundled with Express and must be installed separately. Please see https://github.com/senchalabs/connect#middleware. 
{ date: 'Thu Nov 09 2017 08:28:43 GMT+0000 (UTC)',
  process: 
   { pid: 674,
     uid: 0,
     gid: 0,
     cwd: '/workspace/Assignment',
     execPath: '/usr/bin/nodejs',
     version: 'v6.11.0',
     argv: [ '/usr/bin/nodejs', '/workspace/Assignment/server/server2.js' ],
     memoryUsage: 
      { rss: 57630720,
        heapTotal: 37785600,
        heapUsed: 24317784,
        external: 18451729 } },
  os: 
   { loadavg: [ 0.12255859375, 0.134765625, 0.2294921875 ],
     uptime: 68221 },
  trace: 
   [ { column: 13,
       file: '/workspace/Assignment/server/node_modules/express/lib/express.js',
       function: 'Function.get',
       line: 108,
       method: 'get',
       native: false },
     { column: 41,
       file: '/workspace/Assignment/server/node_modules/connect-mongo/src/index.js',
       function: 'module.exports',
       line: 54,
       method: 'exports',
       native: false },
     { column: 42,
       file: '/workspace/Assignment/server/server2.js',
       function: null,
       line: 30,
       method: null,
       native: false },
     { column: 32,
       file: 'module.js',
       function: 'Module._compile',
       line: 570,
       method: '_compile',
       native: false },
     { column: 10,
       file: 'module.js',
       function: 'Module._extensions..js',
       line: 579,
       method: '.js',
       native: false },
     { column: 32,
       file: 'module.js',
       function: 'Module.load',
       line: 487,
       method: 'load',
       native: false },
     { column: 12,
       file: 'module.js',
       function: 'tryModuleLoad',
       line: 446,
       method: null,
       native: false },
     { column: 3,
       file: 'module.js',
       function: 'Module._load',
       line: 438,
       method: '_load',
       native: false },
     { column: 10,
       file: 'module.js',
       function: 'Module.runMain',
       line: 604,
       method: 'runMain',
       native: false },
     { column: 7,
       file: 'bootstrap_node.js',
       function: 'run',
       line: 389,
       method: null,
       native: false },
     { column: 9,
       file: 'bootstrap_node.js',
       function: 'startup',
       line: 149,
       method: null,
       native: false },
     { column: 3,
       file: 'bootstrap_node.js',
       function: null,
       line: 504,
       method: null,
       native: false } ],
  stack: 
   [ 'Error: Most middleware (like session) is no longer bundled with Express and must be installed separately. Please see https://github.com/senchalabs/connect#middleware.',
     '    at Function.get (/workspace/Assignment/server/node_modules/express/lib/express.js:108:13)',
     '    at module.exports (/workspace/Assignment/server/node_modules/connect-mongo/src/index.js:54:41)',
     '    at Object.<anonymous> (/workspace/Assignment/server/server2.js:30:42)',
     '    at Module._compile (module.js:570:32)',
     '    at Object.Module._extensions..js (module.js:579:10)',
     '    at Module.load (module.js:487:32)',
     '    at tryModuleLoad (module.js:446:12)',
     '    at Function.Module._load (module.js:438:3)',
     '    at Module.runMain (module.js:604:10)',
     '    at run (bootstrap_node.js:389:7)',
     '    at startup (bootstrap_node.js:149:9)',
     '    at bootstrap_node.js:504:3' ] }
17/11/09 08:36:57.283 [pid:685] - error: uncaughtException: Most middleware (like session) is no longer bundled with Express and must be installed separately. Please see https://github.com/senchalabs/connect#middleware. 
{ date: 'Thu Nov 09 2017 08:36:57 GMT+0000 (UTC)',
  process: 
   { pid: 685,
     uid: 0,
     gid: 0,
     cwd: '/workspace/Assignment',
     execPath: '/usr/bin/nodejs',
     version: 'v6.11.0',
     argv: [ '/usr/bin/nodejs', '/workspace/Assignment/server/server2.js' ],
     memoryUsage: 
      { rss: 57225216,
        heapTotal: 37785600,
        heapUsed: 24318112,
        external: 18451729 } },
  os: 
   { loadavg: [ 0.1669921875, 0.248046875, 0.25146484375 ],
     uptime: 68714 },
  trace: 
   [ { column: 13,
       file: '/workspace/Assignment/server/node_modules/express/lib/express.js',
       function: 'Function.get',
       line: 108,
       method: 'get',
       native: false },
     { column: 41,
       file: '/workspace/Assignment/server/node_modules/connect-mongo/src/index.js',
       function: 'module.exports',
       line: 54,
       method: 'exports',
       native: false },
     { column: 42,
       file: '/workspace/Assignment/server/server2.js',
       function: null,
       line: 30,
       method: null,
       native: false },
     { column: 32,
       file: 'module.js',
       function: 'Module._compile',
       line: 570,
       method: '_compile',
       native: false },
     { column: 10,
       file: 'module.js',
       function: 'Module._extensions..js',
       line: 579,
       method: '.js',
       native: false },
     { column: 32,
       file: 'module.js',
       function: 'Module.load',
       line: 487,
       method: 'load',
       native: false },
     { column: 12,
       file: 'module.js',
       function: 'tryModuleLoad',
       line: 446,
       method: null,
       native: false },
     { column: 3,
       file: 'module.js',
       function: 'Module._load',
       line: 438,
       method: '_load',
       native: false },
     { column: 10,
       file: 'module.js',
       function: 'Module.runMain',
       line: 604,
       method: 'runMain',
       native: false },
     { column: 7,
       file: 'bootstrap_node.js',
       function: 'run',
       line: 389,
       method: null,
       native: false },
     { column: 9,
       file: 'bootstrap_node.js',
       function: 'startup',
       line: 149,
       method: null,
       native: false },
     { column: 3,
       file: 'bootstrap_node.js',
       function: null,
       line: 504,
       method: null,
       native: false } ],
  stack: 
   [ 'Error: Most middleware (like session) is no longer bundled with Express and must be installed separately. Please see https://github.com/senchalabs/connect#middleware.',
     '    at Function.get (/workspace/Assignment/server/node_modules/express/lib/express.js:108:13)',
     '    at module.exports (/workspace/Assignment/server/node_modules/connect-mongo/src/index.js:54:41)',
     '    at Object.<anonymous> (/workspace/Assignment/server/server2.js:30:42)',
     '    at Module._compile (module.js:570:32)',
     '    at Object.Module._extensions..js (module.js:579:10)',
     '    at Module.load (module.js:487:32)',
     '    at tryModuleLoad (module.js:446:12)',
     '    at Function.Module._load (module.js:438:3)',
     '    at Module.runMain (module.js:604:10)',
     '    at run (bootstrap_node.js:389:7)',
     '    at startup (bootstrap_node.js:149:9)',
     '    at bootstrap_node.js:504:3' ] }
17/11/09 10:56:49.564 [pid:108] - error: uncaughtException: ENOENT: no such file or directory, stat '/workspace/Assignment/www/favicon.png' 
{ date: 'Thu Nov 09 2017 10:56:49 GMT+0000 (UTC)',
  process: 
   { pid: 108,
     uid: 0,
     gid: 0,
     cwd: '/workspace/Assignment',
     execPath: '/usr/bin/nodejs',
     version: 'v6.11.0',
     argv: [ '/usr/bin/nodejs', '/workspace/Assignment/server/server2.js' ],
     memoryUsage: 
      { rss: 59871232,
        heapTotal: 37785600,
        heapUsed: 24904104,
        external: 18423182 } },
  os: 
   { loadavg: [ 0.23095703125, 0.52783203125, 0.50244140625 ],
     uptime: 170328 },
  trace: 
   [ { column: null,
       file: null,
       function: 'Error',
       line: null,
       method: null,
       native: true },
     { column: 11,
       file: 'fs.js',
       function: 'Object.fs.statSync',
       line: 1000,
       method: 'statSync',
       native: false },
     { column: 17,
       file: '/workspace/Assignment/server/node_modules/serve-favicon/index.js',
       function: 'resolveSync',
       line: 172,
       method: null,
       native: false },
     { column: 12,
       file: '/workspace/Assignment/server/node_modules/serve-favicon/index.js',
       function: 'favicon',
       line: 61,
       method: null,
       native: false },
     { column: 13,
       file: '/workspace/Assignment/server/server2.js',
       function: null,
       line: 173,
       method: null,
       native: false },
     { column: 32,
       file: 'module.js',
       function: 'Module._compile',
       line: 570,
       method: '_compile',
       native: false },
     { column: 10,
       file: 'module.js',
       function: 'Module._extensions..js',
       line: 579,
       method: '.js',
       native: false },
     { column: 32,
       file: 'module.js',
       function: 'Module.load',
       line: 487,
       method: 'load',
       native: false },
     { column: 12,
       file: 'module.js',
       function: 'tryModuleLoad',
       line: 446,
       method: null,
       native: false },
     { column: 3,
       file: 'module.js',
       function: 'Module._load',
       line: 438,
       method: '_load',
       native: false },
     { column: 10,
       file: 'module.js',
       function: 'Module.runMain',
       line: 604,
       method: 'runMain',
       native: false },
     { column: 7,
       file: 'bootstrap_node.js',
       function: 'run',
       line: 389,
       method: null,
       native: false },
     { column: 9,
       file: 'bootstrap_node.js',
       function: 'startup',
       line: 149,
       method: null,
       native: false },
     { column: 3,
       file: 'bootstrap_node.js',
       function: null,
       line: 504,
       method: null,
       native: false } ],
  stack: 
   [ 'Error: ENOENT: no such file or directory, stat \'/workspace/Assignment/www/favicon.png\'',
     '    at Error (native)',
     '    at Object.fs.statSync (fs.js:1000:11)',
     '    at resolveSync (/workspace/Assignment/server/node_modules/serve-favicon/index.js:172:17)',
     '    at favicon (/workspace/Assignment/server/node_modules/serve-favicon/index.js:61:12)',
     '    at Object.<anonymous> (/workspace/Assignment/server/server2.js:173:13)',
     '    at Module._compile (module.js:570:32)',
     '    at Object.Module._extensions..js (module.js:579:10)',
     '    at Module.load (module.js:487:32)',
     '    at tryModuleLoad (module.js:446:12)',
     '    at Function.Module._load (module.js:438:3)',
     '    at Module.runMain (module.js:604:10)',
     '    at run (bootstrap_node.js:389:7)',
     '    at startup (bootstrap_node.js:149:9)',
     '    at bootstrap_node.js:504:3' ] }
17/11/09 10:58:25.578 [pid:171] - error: uncaughtException: ENOENT: no such file or directory, stat '/workspace/Assignment/www/favicon.png' 
{ date: 'Thu Nov 09 2017 10:58:25 GMT+0000 (UTC)',
  process: 
   { pid: 171,
     uid: 0,
     gid: 0,
     cwd: '/workspace/Assignment',
     execPath: '/usr/bin/nodejs',
     version: 'v6.11.0',
     argv: [ '/usr/bin/nodejs', '/workspace/Assignment/server/server2.js' ],
     memoryUsage: 
      { rss: 60579840,
        heapTotal: 37785600,
        heapUsed: 24896560,
        external: 18423182 } },
  os: 
   { loadavg: [ 0.0673828125, 0.39306640625, 0.45263671875 ],
     uptime: 170424 },
  trace: 
   [ { column: null,
       file: null,
       function: 'Error',
       line: null,
       method: null,
       native: true },
     { column: 11,
       file: 'fs.js',
       function: 'Object.fs.statSync',
       line: 1000,
       method: 'statSync',
       native: false },
     { column: 17,
       file: '/workspace/Assignment/server/node_modules/serve-favicon/index.js',
       function: 'resolveSync',
       line: 172,
       method: null,
       native: false },
     { column: 12,
       file: '/workspace/Assignment/server/node_modules/serve-favicon/index.js',
       function: 'favicon',
       line: 61,
       method: null,
       native: false },
     { column: 13,
       file: '/workspace/Assignment/server/server2.js',
       function: null,
       line: 173,
       method: null,
       native: false },
     { column: 32,
       file: 'module.js',
       function: 'Module._compile',
       line: 570,
       method: '_compile',
       native: false },
     { column: 10,
       file: 'module.js',
       function: 'Module._extensions..js',
       line: 579,
       method: '.js',
       native: false },
     { column: 32,
       file: 'module.js',
       function: 'Module.load',
       line: 487,
       method: 'load',
       native: false },
     { column: 12,
       file: 'module.js',
       function: 'tryModuleLoad',
       line: 446,
       method: null,
       native: false },
     { column: 3,
       file: 'module.js',
       function: 'Module._load',
       line: 438,
       method: '_load',
       native: false },
     { column: 10,
       file: 'module.js',
       function: 'Module.runMain',
       line: 604,
       method: 'runMain',
       native: false },
     { column: 7,
       file: 'bootstrap_node.js',
       function: 'run',
       line: 389,
       method: null,
       native: false },
     { column: 9,
       file: 'bootstrap_node.js',
       function: 'startup',
       line: 149,
       method: null,
       native: false },
     { column: 3,
       file: 'bootstrap_node.js',
       function: null,
       line: 504,
       method: null,
       native: false } ],
  stack: 
   [ 'Error: ENOENT: no such file or directory, stat \'/workspace/Assignment/www/favicon.png\'',
     '    at Error (native)',
     '    at Object.fs.statSync (fs.js:1000:11)',
     '    at resolveSync (/workspace/Assignment/server/node_modules/serve-favicon/index.js:172:17)',
     '    at favicon (/workspace/Assignment/server/node_modules/serve-favicon/index.js:61:12)',
     '    at Object.<anonymous> (/workspace/Assignment/server/server2.js:173:13)',
     '    at Module._compile (module.js:570:32)',
     '    at Object.Module._extensions..js (module.js:579:10)',
     '    at Module.load (module.js:487:32)',
     '    at tryModuleLoad (module.js:446:12)',
     '    at Function.Module._load (module.js:438:3)',
     '    at Module.runMain (module.js:604:10)',
     '    at run (bootstrap_node.js:389:7)',
     '    at startup (bootstrap_node.js:149:9)',
     '    at bootstrap_node.js:504:3' ] }
17/11/09 10:58:29.771 [pid:183] - error: uncaughtException: ENOENT: no such file or directory, stat '/workspace/Assignment/www/favicon.png' 
{ date: 'Thu Nov 09 2017 10:58:29 GMT+0000 (UTC)',
  process: 
   { pid: 183,
     uid: 0,
     gid: 0,
     cwd: '/workspace/Assignment',
     execPath: '/usr/bin/nodejs',
     version: 'v6.11.0',
     argv: [ '/usr/bin/nodejs', '/workspace/Assignment/server/server2.js' ],
     memoryUsage: 
      { rss: 58916864,
        heapTotal: 37785600,
        heapUsed: 25090568,
        external: 18443537 } },
  os: 
   { loadavg: [ 0.0615234375, 0.38623046875, 0.4501953125 ],
     uptime: 170428 },
  trace: 
   [ { column: null,
       file: null,
       function: 'Error',
       line: null,
       method: null,
       native: true },
     { column: 11,
       file: 'fs.js',
       function: 'Object.fs.statSync',
       line: 1000,
       method: 'statSync',
       native: false },
     { column: 17,
       file: '/workspace/Assignment/server/node_modules/serve-favicon/index.js',
       function: 'resolveSync',
       line: 172,
       method: null,
       native: false },
     { column: 12,
       file: '/workspace/Assignment/server/node_modules/serve-favicon/index.js',
       function: 'favicon',
       line: 61,
       method: null,
       native: false },
     { column: 13,
       file: '/workspace/Assignment/server/server2.js',
       function: null,
       line: 173,
       method: null,
       native: false },
     { column: 32,
       file: 'module.js',
       function: 'Module._compile',
       line: 570,
       method: '_compile',
       native: false },
     { column: 10,
       file: 'module.js',
       function: 'Module._extensions..js',
       line: 579,
       method: '.js',
       native: false },
     { column: 32,
       file: 'module.js',
       function: 'Module.load',
       line: 487,
       method: 'load',
       native: false },
     { column: 12,
       file: 'module.js',
       function: 'tryModuleLoad',
       line: 446,
       method: null,
       native: false },
     { column: 3,
       file: 'module.js',
       function: 'Module._load',
       line: 438,
       method: '_load',
       native: false },
     { column: 10,
       file: 'module.js',
       function: 'Module.runMain',
       line: 604,
       method: 'runMain',
       native: false },
     { column: 7,
       file: 'bootstrap_node.js',
       function: 'run',
       line: 389,
       method: null,
       native: false },
     { column: 9,
       file: 'bootstrap_node.js',
       function: 'startup',
       line: 149,
       method: null,
       native: false },
     { column: 3,
       file: 'bootstrap_node.js',
       function: null,
       line: 504,
       method: null,
       native: false } ],
  stack: 
   [ 'Error: ENOENT: no such file or directory, stat \'/workspace/Assignment/www/favicon.png\'',
     '    at Error (native)',
     '    at Object.fs.statSync (fs.js:1000:11)',
     '    at resolveSync (/workspace/Assignment/server/node_modules/serve-favicon/index.js:172:17)',
     '    at favicon (/workspace/Assignment/server/node_modules/serve-favicon/index.js:61:12)',
     '    at Object.<anonymous> (/workspace/Assignment/server/server2.js:173:13)',
     '    at Module._compile (module.js:570:32)',
     '    at Object.Module._extensions..js (module.js:579:10)',
     '    at Module.load (module.js:487:32)',
     '    at tryModuleLoad (module.js:446:12)',
     '    at Function.Module._load (module.js:438:3)',
     '    at Module.runMain (module.js:604:10)',
     '    at run (bootstrap_node.js:389:7)',
     '    at startup (bootstrap_node.js:149:9)',
     '    at bootstrap_node.js:504:3' ] }
17/11/09 11:36:11.773 [pid:219] - error: uncaughtException: Int is not defined 
{ date: 'Thu Nov 09 2017 11:36:11 GMT+0000 (UTC)',
  process: 
   { pid: 219,
     uid: 0,
     gid: 0,
     cwd: '/workspace/Assignment',
     execPath: '/usr/bin/nodejs',
     version: 'v6.11.0',
     argv: [ '/usr/bin/nodejs', '/workspace/Assignment/server/server2.js' ],
     memoryUsage: 
      { rss: 68952064,
        heapTotal: 62951424,
        heapUsed: 26948440,
        external: 17939740 } },
  os: 
   { loadavg: [ 0.25341796875, 0.505859375, 0.7744140625 ],
     uptime: 172691 },
  trace: 
   [ { column: 7,
       file: '/workspace/Assignment/server/models/member.js',
       function: null,
       line: 11,
       method: null,
       native: false },
     { column: 32,
       file: 'module.js',
       function: 'Module._compile',
       line: 570,
       method: '_compile',
       native: false },
     { column: 10,
       file: 'module.js',
       function: 'Module._extensions..js',
       line: 579,
       method: '.js',
       native: false },
     { column: 32,
       file: 'module.js',
       function: 'Module.load',
       line: 487,
       method: 'load',
       native: false },
     { column: 12,
       file: 'module.js',
       function: 'tryModuleLoad',
       line: 446,
       method: null,
       native: false },
     { column: 3,
       file: 'module.js',
       function: 'Module._load',
       line: 438,
       method: '_load',
       native: false },
     { column: 17,
       file: 'module.js',
       function: 'Module.require',
       line: 497,
       method: 'require',
       native: false },
     { column: 19,
       file: 'internal/module.js',
       function: 'require',
       line: 20,
       method: null,
       native: false },
     { column: 14,
       file: '/workspace/Assignment/server/controllers/member.js',
       function: null,
       line: 11,
       method: null,
       native: false },
     { column: 32,
       file: 'module.js',
       function: 'Module._compile',
       line: 570,
       method: '_compile',
       native: false },
     { column: 10,
       file: 'module.js',
       function: 'Module._extensions..js',
       line: 579,
       method: '.js',
       native: false },
     { column: 32,
       file: 'module.js',
       function: 'Module.load',
       line: 487,
       method: 'load',
       native: false },
     { column: 12,
       file: 'module.js',
       function: 'tryModuleLoad',
       line: 446,
       method: null,
       native: false },
     { column: 3,
       file: 'module.js',
       function: 'Module._load',
       line: 438,
       method: '_load',
       native: false },
     { column: 17,
       file: 'module.js',
       function: 'Module.require',
       line: 497,
       method: 'require',
       native: false },
     { column: 19,
       file: 'internal/module.js',
       function: 'require',
       line: 20,
       method: null,
       native: false } ],
  stack: 
   [ 'ReferenceError: Int is not defined',
     '    at Object.<anonymous> (/workspace/Assignment/server/models/member.js:11:7)',
     '    at Module._compile (module.js:570:32)',
     '    at Object.Module._extensions..js (module.js:579:10)',
     '    at Module.load (module.js:487:32)',
     '    at tryModuleLoad (module.js:446:12)',
     '    at Function.Module._load (module.js:438:3)',
     '    at Module.require (module.js:497:17)',
     '    at require (internal/module.js:20:19)',
     '    at Object.<anonymous> (/workspace/Assignment/server/controllers/member.js:11:14)',
     '    at Module._compile (module.js:570:32)',
     '    at Object.Module._extensions..js (module.js:579:10)',
     '    at Module.load (module.js:487:32)',
     '    at tryModuleLoad (module.js:446:12)',
     '    at Function.Module._load (module.js:438:3)',
     '    at Module.require (module.js:497:17)',
     '    at require (internal/module.js:20:19)' ] }
17/11/09 11:47:44.070 [pid:267] - error: uncaughtException: mongoStore is not defined 
{ date: 'Thu Nov 09 2017 11:47:43 GMT+0000 (UTC)',
  process: 
   { pid: 267,
     uid: 0,
     gid: 0,
     cwd: '/workspace/Assignment',
     execPath: '/usr/bin/nodejs',
     version: 'v6.11.0',
     argv: [ '/usr/bin/nodejs', '/workspace/Assignment/server/server2.js' ],
     memoryUsage: 
      { rss: 58404864,
        heapTotal: 37785600,
        heapUsed: 24730152,
        external: 18413160 } },
  os: 
   { loadavg: [ 1.498046875, 1.21533203125, 0.888671875 ],
     uptime: 173383 },
  trace: 
   [ { column: 14,
       file: '/workspace/Assignment/server/server2.js',
       function: null,
       line: 147,
       method: null,
       native: false },
     { column: 32,
       file: 'module.js',
       function: 'Module._compile',
       line: 570,
       method: '_compile',
       native: false },
     { column: 10,
       file: 'module.js',
       function: 'Module._extensions..js',
       line: 579,
       method: '.js',
       native: false },
     { column: 32,
       file: 'module.js',
       function: 'Module.load',
       line: 487,
       method: 'load',
       native: false },
     { column: 12,
       file: 'module.js',
       function: 'tryModuleLoad',
       line: 446,
       method: null,
       native: false },
     { column: 3,
       file: 'module.js',
       function: 'Module._load',
       line: 438,
       method: '_load',
       native: false },
     { column: 10,
       file: 'module.js',
       function: 'Module.runMain',
       line: 604,
       method: 'runMain',
       native: false },
     { column: 7,
       file: 'bootstrap_node.js',
       function: 'run',
       line: 389,
       method: null,
       native: false },
     { column: 9,
       file: 'bootstrap_node.js',
       function: 'startup',
       line: 149,
       method: null,
       native: false },
     { column: 3,
       file: 'bootstrap_node.js',
       function: null,
       line: 504,
       method: null,
       native: false } ],
  stack: 
   [ 'ReferenceError: mongoStore is not defined',
     '    at Object.<anonymous> (/workspace/Assignment/server/server2.js:147:14)',
     '    at Module._compile (module.js:570:32)',
     '    at Object.Module._extensions..js (module.js:579:10)',
     '    at Module.load (module.js:487:32)',
     '    at tryModuleLoad (module.js:446:12)',
     '    at Function.Module._load (module.js:438:3)',
     '    at Module.runMain (module.js:604:10)',
     '    at run (bootstrap_node.js:389:7)',
     '    at startup (bootstrap_node.js:149:9)',
     '    at bootstrap_node.js:504:3' ] }
17/11/09 14:08:38.882 [pid:869] - error: uncaughtException: task.apply is not a function 
{ date: 'Thu Nov 09 2017 14:08:38 GMT+0000 (UTC)',
  process: 
   { pid: 869,
     uid: 0,
     gid: 0,
     cwd: '/workspace/Assignment',
     execPath: '/usr/bin/nodejs',
     version: 'v6.11.0',
     argv: [ '/usr/bin/nodejs', '/workspace/Assignment/server/server2.js' ],
     memoryUsage: 
      { rss: 73650176,
        heapTotal: 65867776,
        heapUsed: 37323528,
        external: 18789391 } },
  os: 
   { loadavg: [ 0.44091796875, 0.24267578125, 0.23828125 ],
     uptime: 181838 },
  trace: 
   [ { column: 14,
       file: '/workspace/Assignment/server/node_modules/async/dist/async.js',
       function: 'nextTask',
       line: 5310,
       method: null,
       native: false },
     { column: 9,
       file: '/workspace/Assignment/server/node_modules/async/dist/async.js',
       function: 'next',
       line: 5317,
       method: null,
       native: false },
     { column: 16,
       file: '/workspace/Assignment/server/node_modules/async/dist/async.js',
       function: null,
       line: 958,
       method: null,
       native: false },
     { column: 21,
       file: '/workspace/Assignment/server/controllers/member.js',
       function: 'async.waterfall.memberSchema.pre.user',
       line: 228,
       method: 'user',
       native: false },
     { column: 14,
       file: '/workspace/Assignment/server/node_modules/async/dist/async.js',
       function: 'nextTask',
       line: 5310,
       method: null,
       native: false },
     { column: 9,
       file: '/workspace/Assignment/server/node_modules/async/dist/async.js',
       function: 'next',
       line: 5317,
       method: null,
       native: false },
     { column: 16,
       file: '/workspace/Assignment/server/node_modules/async/dist/async.js',
       function: null,
       line: 958,
       method: null,
       native: false },
     { column: 6,
       file: '/workspace/Assignment/server/controllers/member.js',
       function: null,
       line: 214,
       method: null,
       native: false },
     { column: 16,
       file: '/workspace/Assignment/server/node_modules/mongoose/lib/model.js',
       function: null,
       line: 4032,
       method: null,
       native: false },
     { column: 21,
       file: '/workspace/Assignment/server/node_modules/kareem/index.js',
       function: null,
       line: 273,
       method: null,
       native: false },
     { column: 16,
       file: '/workspace/Assignment/server/node_modules/kareem/index.js',
       function: null,
       line: 131,
       method: null,
       native: false },
     { column: 7,
       file: 'internal/process/next_tick.js',
       function: '_combinedTickCallback',
       line: 73,
       method: null,
       native: false },
     { column: 9,
       file: 'internal/process/next_tick.js',
       function: 'process._tickCallback',
       line: 104,
       method: '_tickCallback',
       native: false } ],
  stack: 
   [ 'TypeError: task.apply is not a function',
     '    at nextTask (/workspace/Assignment/server/node_modules/async/dist/async.js:5310:14)',
     '    at next (/workspace/Assignment/server/node_modules/async/dist/async.js:5317:9)',
     '    at /workspace/Assignment/server/node_modules/async/dist/async.js:958:16',
     '    at async.waterfall.memberSchema.pre.user (/workspace/Assignment/server/controllers/member.js:228:21)',
     '    at nextTask (/workspace/Assignment/server/node_modules/async/dist/async.js:5310:14)',
     '    at next (/workspace/Assignment/server/node_modules/async/dist/async.js:5317:9)',
     '    at /workspace/Assignment/server/node_modules/async/dist/async.js:958:16',
     '    at /workspace/Assignment/server/controllers/member.js:214:6',
     '    at Query.<anonymous> (/workspace/Assignment/server/node_modules/mongoose/lib/model.js:4032:16)',
     '    at /workspace/Assignment/server/node_modules/kareem/index.js:273:21',
     '    at /workspace/Assignment/server/node_modules/kareem/index.js:131:16',
     '    at _combinedTickCallback (internal/process/next_tick.js:73:7)',
     '    at process._tickCallback (internal/process/next_tick.js:104:9)' ] }
17/11/09 16:53:58.466 [pid:229] - error: uncaughtException: result is not defined 
{ date: 'Thu Nov 09 2017 16:53:58 GMT+0000 (UTC)',
  process: 
   { pid: 229,
     uid: 0,
     gid: 0,
     cwd: '/workspace/Assignment',
     execPath: '/usr/bin/nodejs',
     version: 'v6.11.0',
     argv: [ '/usr/bin/nodejs', '/workspace/Assignment/server/server2.js' ],
     memoryUsage: 
      { rss: 58884096,
        heapTotal: 35459072,
        heapUsed: 29097192,
        external: 17943249 } },
  os: 
   { loadavg: [ 0.28173828125, 0.3837890625, 0.38232421875 ],
     uptime: 191757 },
  trace: 
   [ { column: 28,
       file: '/workspace/Assignment/server/controllers/member.js',
       function: null,
       line: 278,
       method: null,
       native: false },
     { column: 16,
       file: '/workspace/Assignment/server/node_modules/mongoose/lib/model.js',
       function: null,
       line: 4032,
       method: null,
       native: false },
     { column: 21,
       file: '/workspace/Assignment/server/node_modules/kareem/index.js',
       function: null,
       line: 273,
       method: null,
       native: false },
     { column: 16,
       file: '/workspace/Assignment/server/node_modules/kareem/index.js',
       function: null,
       line: 131,
       method: null,
       native: false },
     { column: 7,
       file: 'internal/process/next_tick.js',
       function: '_combinedTickCallback',
       line: 73,
       method: null,
       native: false },
     { column: 9,
       file: 'internal/process/next_tick.js',
       function: 'process._tickCallback',
       line: 104,
       method: '_tickCallback',
       native: false } ],
  stack: 
   [ 'ReferenceError: result is not defined',
     '    at /workspace/Assignment/server/controllers/member.js:278:28',
     '    at Query.<anonymous> (/workspace/Assignment/server/node_modules/mongoose/lib/model.js:4032:16)',
     '    at /workspace/Assignment/server/node_modules/kareem/index.js:273:21',
     '    at /workspace/Assignment/server/node_modules/kareem/index.js:131:16',
     '    at _combinedTickCallback (internal/process/next_tick.js:73:7)',
     '    at process._tickCallback (internal/process/next_tick.js:104:9)' ] }
