17/11/17 12:28:39.319 [pid:139] - error: uncaughtException: write EPIPE 
{ date: 'Fri Nov 17 2017 12:28:39 GMT+0000 (UTC)',
  process: 
   { pid: 139,
     uid: 0,
     gid: 0,
     cwd: '/workspace/Assignment',
     execPath: '/usr/bin/nodejs',
     version: 'v6.11.0',
     argv: [ '/usr/bin/nodejs', '/workspace/Assignment/server/server2.js' ],
     memoryUsage: 
      { rss: 74702848,
        heapTotal: 41750528,
        heapUsed: 31788848,
        external: 19636284 } },
  os: 
   { loadavg: [ 0.72119140625, 0.33642578125, 0.22607421875 ],
     uptime: 215825 },
  trace: 
   [ { column: 11,
       file: 'util.js',
       function: 'exports._errnoException',
       line: 1018,
       method: '_errnoException',
       native: false },
     { column: 14,
       file: 'net.js',
       function: 'WriteWrap.afterWrite',
       line: 800,
       method: 'afterWrite',
       native: false } ],
  stack: 
   [ 'Error: write EPIPE',
     '    at exports._errnoException (util.js:1018:11)',
     '    at WriteWrap.afterWrite (net.js:800:14)' ] }
17/11/17 12:30:41.718 [pid:161] - error: uncaughtException: write EPIPE 
{ date: 'Fri Nov 17 2017 12:30:41 GMT+0000 (UTC)',
  process: 
   { pid: 161,
     uid: 0,
     gid: 0,
     cwd: '/workspace/Assignment',
     execPath: '/usr/bin/nodejs',
     version: 'v6.11.0',
     argv: [ '/usr/bin/nodejs', '/workspace/Assignment/server/server2.js' ],
     memoryUsage: 
      { rss: 89251840,
        heapTotal: 70062080,
        heapUsed: 37221848,
        external: 17979257 } },
  os: 
   { loadavg: [ 0.4345703125, 0.32275390625, 0.23046875 ],
     uptime: 215948 },
  trace: 
   [ { column: 11,
       file: 'util.js',
       function: 'exports._errnoException',
       line: 1018,
       method: '_errnoException',
       native: false },
     { column: 14,
       file: 'net.js',
       function: 'WriteWrap.afterWrite',
       line: 800,
       method: 'afterWrite',
       native: false } ],
  stack: 
   [ 'Error: write EPIPE',
     '    at exports._errnoException (util.js:1018:11)',
     '    at WriteWrap.afterWrite (net.js:800:14)' ] }
17/11/17 12:32:56.010 [pid:194] - error: uncaughtException: This socket has been ended by the other party 
{ date: 'Fri Nov 17 2017 12:32:55 GMT+0000 (UTC)',
  process: 
   { pid: 194,
     uid: 0,
     gid: 0,
     cwd: '/workspace/Assignment',
     execPath: '/usr/bin/nodejs',
     version: 'v6.11.0',
     argv: [ '/usr/bin/nodejs', '/workspace/Assignment/server/server2.js' ],
     memoryUsage: 
      { rss: 90120192,
        heapTotal: 70062080,
        heapUsed: 37660360,
        external: 17960645 } },
  os: 
   { loadavg: [ 0.3603515625, 0.32958984375, 0.24462890625 ],
     uptime: 216082 },
  trace: 
   [ { column: 12,
       file: 'net.js',
       function: 'Socket.writeAfterFIN [as write]',
       line: 290,
       method: 'writeAfterFIN [as write]',
       native: false },
     { column: 19,
       file: '/workspace/Assignment/server/controllers/fileManager.js',
       function: null,
       line: 427,
       method: null,
       native: false },
     { column: 13,
       file: 'events.js',
       function: 'emitOne',
       line: 96,
       method: null,
       native: false },
     { column: 7,
       file: 'events.js',
       function: 'Socket.emit',
       line: 188,
       method: 'emit',
       native: false },
     { column: 18,
       file: '_stream_readable.js',
       function: 'readableAddChunk',
       line: 176,
       method: null,
       native: false },
     { column: 10,
       file: '_stream_readable.js',
       function: 'Socket.Readable.push',
       line: 134,
       method: 'push',
       native: false },
     { column: 20,
       file: 'net.js',
       function: 'Pipe.onread',
       line: 547,
       method: 'onread',
       native: false } ],
  stack: 
   [ 'Error: This socket has been ended by the other party',
     '    at Socket.writeAfterFIN [as write] (net.js:290:12)',
     '    at Socket.<anonymous> (/workspace/Assignment/server/controllers/fileManager.js:427:19)',
     '    at emitOne (events.js:96:13)',
     '    at Socket.emit (events.js:188:7)',
     '    at readableAddChunk (_stream_readable.js:176:18)',
     '    at Socket.Readable.push (_stream_readable.js:134:10)',
     '    at Pipe.onread (net.js:547:20)' ] }
17/11/17 12:33:57.723 [pid:212] - error: uncaughtException: write EPIPE 
{ date: 'Fri Nov 17 2017 12:33:57 GMT+0000 (UTC)',
  process: 
   { pid: 212,
     uid: 0,
     gid: 0,
     cwd: '/workspace/Assignment',
     execPath: '/usr/bin/nodejs',
     version: 'v6.11.0',
     argv: [ '/usr/bin/nodejs', '/workspace/Assignment/server/server2.js' ],
     memoryUsage: 
      { rss: 75284480,
        heapTotal: 65867776,
        heapUsed: 38762336,
        external: 19517091 } },
  os: 
   { loadavg: [ 0.18798828125, 0.27880859375, 0.2314453125 ],
     uptime: 216144 },
  trace: 
   [ { column: 11,
       file: 'util.js',
       function: 'exports._errnoException',
       line: 1018,
       method: '_errnoException',
       native: false },
     { column: 14,
       file: 'net.js',
       function: 'WriteWrap.afterWrite',
       line: 800,
       method: 'afterWrite',
       native: false } ],
  stack: 
   [ 'Error: write EPIPE',
     '    at exports._errnoException (util.js:1018:11)',
     '    at WriteWrap.afterWrite (net.js:800:14)' ] }
17/11/17 12:36:05.924 [pid:230] - error: uncaughtException: write EPIPE 
{ date: 'Fri Nov 17 2017 12:36:05 GMT+0000 (UTC)',
  process: 
   { pid: 230,
     uid: 0,
     gid: 0,
     cwd: '/workspace/Assignment',
     execPath: '/usr/bin/nodejs',
     version: 'v6.11.0',
     argv: [ '/usr/bin/nodejs', '/workspace/Assignment/server/server2.js' ],
     memoryUsage: 
      { rss: 75358208,
        heapTotal: 65867776,
        heapUsed: 39743520,
        external: 19525216 } },
  os: 
   { loadavg: [ 0.13525390625, 0.2099609375, 0.20654296875 ],
     uptime: 216272 },
  trace: 
   [ { column: 11,
       file: 'util.js',
       function: 'exports._errnoException',
       line: 1018,
       method: '_errnoException',
       native: false },
     { column: 14,
       file: 'net.js',
       function: 'WriteWrap.afterWrite',
       line: 800,
       method: 'afterWrite',
       native: false } ],
  stack: 
   [ 'Error: write EPIPE',
     '    at exports._errnoException (util.js:1018:11)',
     '    at WriteWrap.afterWrite (net.js:800:14)' ] }
17/11/17 12:45:12.920 [pid:249] - error: uncaughtException: write EPIPE 
{ date: 'Fri Nov 17 2017 12:45:12 GMT+0000 (UTC)',
  process: 
   { pid: 249,
     uid: 0,
     gid: 0,
     cwd: '/workspace/Assignment',
     execPath: '/usr/bin/nodejs',
     version: 'v6.11.0',
     argv: [ '/usr/bin/nodejs', '/workspace/Assignment/server/server2.js' ],
     memoryUsage: 
      { rss: 89591808,
        heapTotal: 70062080,
        heapUsed: 36865600,
        external: 17984297 } },
  os: 
   { loadavg: [ 0.30810546875, 0.2880859375, 0.22412109375 ],
     uptime: 216819 },
  trace: 
   [ { column: 11,
       file: 'util.js',
       function: 'exports._errnoException',
       line: 1018,
       method: '_errnoException',
       native: false },
     { column: 14,
       file: 'net.js',
       function: 'WriteWrap.afterWrite',
       line: 800,
       method: 'afterWrite',
       native: false } ],
  stack: 
   [ 'Error: write EPIPE',
     '    at exports._errnoException (util.js:1018:11)',
     '    at WriteWrap.afterWrite (net.js:800:14)' ] }
17/11/17 12:50:58.311 [pid:271] - error: uncaughtException: read ECONNRESET 
{ date: 'Fri Nov 17 2017 12:50:58 GMT+0000 (UTC)',
  process: 
   { pid: 271,
     uid: 0,
     gid: 0,
     cwd: '/workspace/Assignment',
     execPath: '/usr/bin/nodejs',
     version: 'v6.11.0',
     argv: [ '/usr/bin/nodejs', '/workspace/Assignment/server/server2.js' ],
     memoryUsage: 
      { rss: 90349568,
        heapTotal: 70062080,
        heapUsed: 37357184,
        external: 17959721 } },
  os: 
   { loadavg: [ 0.486328125, 0.29736328125, 0.2314453125 ],
     uptime: 217164 },
  trace: 
   [ { column: 11,
       file: 'util.js',
       function: 'exports._errnoException',
       line: 1018,
       method: '_errnoException',
       native: false },
     { column: 26,
       file: 'net.js',
       function: 'Pipe.onread',
       line: 568,
       method: 'onread',
       native: false } ],
  stack: 
   [ 'Error: read ECONNRESET',
     '    at exports._errnoException (util.js:1018:11)',
     '    at Pipe.onread (net.js:568:26)' ] }
17/11/17 13:09:33.419 [pid:293] - error: uncaughtException: write EPIPE 
{ date: 'Fri Nov 17 2017 13:09:33 GMT+0000 (UTC)',
  process: 
   { pid: 293,
     uid: 0,
     gid: 0,
     cwd: '/workspace/Assignment',
     execPath: '/usr/bin/nodejs',
     version: 'v6.11.0',
     argv: [ '/usr/bin/nodejs', '/workspace/Assignment/server/server2.js' ],
     memoryUsage: 
      { rss: 72773632,
        heapTotal: 65867776,
        heapUsed: 37273856,
        external: 19419616 } },
  os: 
   { loadavg: [ 1.0830078125, 0.861328125, 0.595703125 ],
     uptime: 218279 },
  trace: 
   [ { column: 11,
       file: 'util.js',
       function: 'exports._errnoException',
       line: 1018,
       method: '_errnoException',
       native: false },
     { column: 14,
       file: 'net.js',
       function: 'WriteWrap.afterWrite',
       line: 800,
       method: 'afterWrite',
       native: false } ],
  stack: 
   [ 'Error: write EPIPE',
     '    at exports._errnoException (util.js:1018:11)',
     '    at WriteWrap.afterWrite (net.js:800:14)' ] }
17/11/17 13:11:03.034 [pid:311] - error: uncaughtException: write EPIPE 
{ date: 'Fri Nov 17 2017 13:11:03 GMT+0000 (UTC)',
  process: 
   { pid: 311,
     uid: 0,
     gid: 0,
     cwd: '/workspace/Assignment',
     execPath: '/usr/bin/nodejs',
     version: 'v6.11.0',
     argv: [ '/usr/bin/nodejs', '/workspace/Assignment/server/server2.js' ],
     memoryUsage: 
      { rss: 74289152,
        heapTotal: 65867776,
        heapUsed: 36679392,
        external: 19379287 } },
  os: 
   { loadavg: [ 0.76318359375, 0.86669921875, 0.62451171875 ],
     uptime: 218369 },
  trace: 
   [ { column: 11,
       file: 'util.js',
       function: 'exports._errnoException',
       line: 1018,
       method: '_errnoException',
       native: false },
     { column: 14,
       file: 'net.js',
       function: 'WriteWrap.afterWrite',
       line: 800,
       method: 'afterWrite',
       native: false } ],
  stack: 
   [ 'Error: write EPIPE',
     '    at exports._errnoException (util.js:1018:11)',
     '    at WriteWrap.afterWrite (net.js:800:14)' ] }
17/11/17 13:11:51.609 [pid:329] - error: uncaughtException: read ECONNRESET 
{ date: 'Fri Nov 17 2017 13:11:51 GMT+0000 (UTC)',
  process: 
   { pid: 329,
     uid: 0,
     gid: 0,
     cwd: '/workspace/Assignment',
     execPath: '/usr/bin/nodejs',
     version: 'v6.11.0',
     argv: [ '/usr/bin/nodejs', '/workspace/Assignment/server/server2.js' ],
     memoryUsage: 
      { rss: 87060480,
        heapTotal: 70062080,
        heapUsed: 36975896,
        external: 17992489 } },
  os: 
   { loadavg: [ 0.53125, 0.791015625, 0.611328125 ],
     uptime: 218418 },
  trace: 
   [ { column: 11,
       file: 'util.js',
       function: 'exports._errnoException',
       line: 1018,
       method: '_errnoException',
       native: false },
     { column: 26,
       file: 'net.js',
       function: 'Pipe.onread',
       line: 568,
       method: 'onread',
       native: false } ],
  stack: 
   [ 'Error: read ECONNRESET',
     '    at exports._errnoException (util.js:1018:11)',
     '    at Pipe.onread (net.js:568:26)' ] }
17/11/17 15:44:48.354 [pid:130] - error: uncaughtException: fs.readfile is not a function 
{ date: 'Fri Nov 17 2017 15:44:48 GMT+0000 (UTC)',
  process: 
   { pid: 130,
     uid: 0,
     gid: 0,
     cwd: '/workspace/Assignment',
     execPath: '/usr/bin/nodejs',
     version: 'v6.11.0',
     argv: [ '/usr/bin/nodejs', '/workspace/Assignment/server/server2.js' ],
     memoryUsage: 
      { rss: 89767936,
        heapTotal: 70062080,
        heapUsed: 36650088,
        external: 17959682 } },
  os: 
   { loadavg: [ 0.587890625, 0.29345703125, 0.24072265625 ],
     uptime: 227701 },
  trace: 
   [ { column: 10,
       file: '/workspace/Assignment/server/controllers/fileManager.js',
       function: null,
       line: 428,
       method: null,
       native: false },
     { column: 13,
       file: 'events.js',
       function: 'emitOne',
       line: 96,
       method: null,
       native: false },
     { column: 7,
       file: 'events.js',
       function: 'Socket.emit',
       line: 188,
       method: 'emit',
       native: false },
     { column: 18,
       file: '_stream_readable.js',
       function: 'readableAddChunk',
       line: 176,
       method: null,
       native: false },
     { column: 10,
       file: '_stream_readable.js',
       function: 'Socket.Readable.push',
       line: 134,
       method: 'push',
       native: false },
     { column: 20,
       file: 'net.js',
       function: 'Pipe.onread',
       line: 547,
       method: 'onread',
       native: false } ],
  stack: 
   [ 'TypeError: fs.readfile is not a function',
     '    at Socket.<anonymous> (/workspace/Assignment/server/controllers/fileManager.js:428:10)',
     '    at emitOne (events.js:96:13)',
     '    at Socket.emit (events.js:188:7)',
     '    at readableAddChunk (_stream_readable.js:176:18)',
     '    at Socket.Readable.push (_stream_readable.js:134:10)',
     '    at Pipe.onread (net.js:547:20)' ] }
17/11/17 15:46:32.753 [pid:174] - error: uncaughtException: data.count is not a function 
{ date: 'Fri Nov 17 2017 15:46:32 GMT+0000 (UTC)',
  process: 
   { pid: 174,
     uid: 0,
     gid: 0,
     cwd: '/workspace/Assignment',
     execPath: '/usr/bin/nodejs',
     version: 'v6.11.0',
     argv: [ '/usr/bin/nodejs', '/workspace/Assignment/server/server2.js' ],
     memoryUsage: 
      { rss: 89452544,
        heapTotal: 70062080,
        heapUsed: 36513296,
        external: 17959293 } },
  os: 
   { loadavg: [ 0.427734375, 0.3076171875, 0.24951171875 ],
     uptime: 227806 },
  trace: 
   [ { column: 25,
       file: '/workspace/Assignment/server/controllers/fileManager.js',
       function: null,
       line: 433,
       method: null,
       native: false },
     { column: 3,
       file: 'fs.js',
       function: 'tryToString',
       line: 456,
       method: null,
       native: false },
     { column: 12,
       file: 'fs.js',
       function: 'FSReqWrap.readFileAfterClose [as oncomplete]',
       line: 443,
       method: 'readFileAfterClose [as oncomplete]',
       native: false } ],
  stack: 
   [ 'TypeError: data.count is not a function',
     '    at /workspace/Assignment/server/controllers/fileManager.js:433:25',
     '    at tryToString (fs.js:456:3)',
     '    at FSReqWrap.readFileAfterClose [as oncomplete] (fs.js:443:12)' ] }
17/11/17 16:42:54.756 [pid:299] - error: uncaughtException: io is not defined 
{ date: 'Fri Nov 17 2017 16:42:54 GMT+0000 (UTC)',
  process: 
   { pid: 299,
     uid: 0,
     gid: 0,
     cwd: '/workspace/Assignment',
     execPath: '/usr/bin/nodejs',
     version: 'v6.11.0',
     argv: [ '/usr/bin/nodejs', '/workspace/Assignment/server/server2.js' ],
     memoryUsage: 
      { rss: 89608192,
        heapTotal: 70062080,
        heapUsed: 36534336,
        external: 18003109 } },
  os: 
   { loadavg: [ 0.20263671875, 0.40966796875, 0.44921875 ],
     uptime: 231188 },
  trace: 
   [ { column: 7,
       file: '/workspace/Assignment/server/controllers/fileManager.js',
       function: null,
       line: 434,
       method: null,
       native: false },
     { column: 13,
       file: 'events.js',
       function: 'emitOne',
       line: 96,
       method: null,
       native: false },
     { column: 7,
       file: 'events.js',
       function: 'Socket.emit',
       line: 188,
       method: 'emit',
       native: false },
     { column: 18,
       file: '_stream_readable.js',
       function: 'readableAddChunk',
       line: 176,
       method: null,
       native: false },
     { column: 10,
       file: '_stream_readable.js',
       function: 'Socket.Readable.push',
       line: 134,
       method: 'push',
       native: false },
     { column: 20,
       file: 'net.js',
       function: 'Pipe.onread',
       line: 547,
       method: 'onread',
       native: false } ],
  stack: 
   [ 'ReferenceError: io is not defined',
     '    at Socket.<anonymous> (/workspace/Assignment/server/controllers/fileManager.js:434:7)',
     '    at emitOne (events.js:96:13)',
     '    at Socket.emit (events.js:188:7)',
     '    at readableAddChunk (_stream_readable.js:176:18)',
     '    at Socket.Readable.push (_stream_readable.js:134:10)',
     '    at Pipe.onread (net.js:547:20)' ] }
17/11/17 16:45:32.356 [pid:321] - error: uncaughtException: httpServer is not defined 
{ date: 'Fri Nov 17 2017 16:45:32 GMT+0000 (UTC)',
  process: 
   { pid: 321,
     uid: 0,
     gid: 0,
     cwd: '/workspace/Assignment',
     execPath: '/usr/bin/nodejs',
     version: 'v6.11.0',
     argv: [ '/usr/bin/nodejs', '/workspace/Assignment/server/server2.js' ],
     memoryUsage: 
      { rss: 70021120,
        heapTotal: 62951424,
        heapUsed: 32625000,
        external: 18883576 } },
  os: 
   { loadavg: [ 0.28857421875, 0.322265625, 0.40625 ],
     uptime: 231345 },
  trace: 
   [ { column: 38,
       file: '/workspace/Assignment/server/controllers/fileManager.js',
       function: null,
       line: 15,
       method: null,
       native: false },
     { column: 32,
       file: 'module.js',
       function: 'Module._compile',
       line: 570,
       method: '_compile',
       native: false },
     { column: 10,
       file: 'module.js',
       function: 'Module._extensions..js',
       line: 579,
       method: '.js',
       native: false },
     { column: 32,
       file: 'module.js',
       function: 'Module.load',
       line: 487,
       method: 'load',
       native: false },
     { column: 12,
       file: 'module.js',
       function: 'tryModuleLoad',
       line: 446,
       method: null,
       native: false },
     { column: 3,
       file: 'module.js',
       function: 'Module._load',
       line: 438,
       method: '_load',
       native: false },
     { column: 17,
       file: 'module.js',
       function: 'Module.require',
       line: 497,
       method: 'require',
       native: false },
     { column: 19,
       file: 'internal/module.js',
       function: 'require',
       line: 20,
       method: null,
       native: false },
     { column: 26,
       file: '/workspace/Assignment/server/server2.js',
       function: null,
       line: 191,
       method: null,
       native: false },
     { column: null,
       file: null,
       function: 'Array.forEach',
       line: null,
       method: 'forEach',
       native: true },
     { column: 12,
       file: '/workspace/Assignment/server/server2.js',
       function: null,
       line: 189,
       method: null,
       native: false },
     { column: 32,
       file: 'module.js',
       function: 'Module._compile',
       line: 570,
       method: '_compile',
       native: false },
     { column: 10,
       file: 'module.js',
       function: 'Module._extensions..js',
       line: 579,
       method: '.js',
       native: false },
     { column: 32,
       file: 'module.js',
       function: 'Module.load',
       line: 487,
       method: 'load',
       native: false },
     { column: 12,
       file: 'module.js',
       function: 'tryModuleLoad',
       line: 446,
       method: null,
       native: false },
     { column: 3,
       file: 'module.js',
       function: 'Module._load',
       line: 438,
       method: '_load',
       native: false } ],
  stack: 
   [ 'ReferenceError: httpServer is not defined',
     '    at Object.<anonymous> (/workspace/Assignment/server/controllers/fileManager.js:15:38)',
     '    at Module._compile (module.js:570:32)',
     '    at Object.Module._extensions..js (module.js:579:10)',
     '    at Module.load (module.js:487:32)',
     '    at tryModuleLoad (module.js:446:12)',
     '    at Function.Module._load (module.js:438:3)',
     '    at Module.require (module.js:497:17)',
     '    at require (internal/module.js:20:19)',
     '    at /workspace/Assignment/server/server2.js:191:26',
     '    at Array.forEach (native)',
     '    at Object.<anonymous> (/workspace/Assignment/server/server2.js:189:12)',
     '    at Module._compile (module.js:570:32)',
     '    at Object.Module._extensions..js (module.js:579:10)',
     '    at Module.load (module.js:487:32)',
     '    at tryModuleLoad (module.js:446:12)',
     '    at Function.Module._load (module.js:438:3)' ] }
17/11/17 16:57:49.363 [pid:333] - error: uncaughtException: io.on is not a function 
{ date: 'Fri Nov 17 2017 16:57:49 GMT+0000 (UTC)',
  process: 
   { pid: 333,
     uid: 0,
     gid: 0,
     cwd: '/workspace/Assignment',
     execPath: '/usr/bin/nodejs',
     version: 'v6.11.0',
     argv: [ '/usr/bin/nodejs', '/workspace/Assignment/server/server2.js' ],
     memoryUsage: 
      { rss: 89669632,
        heapTotal: 70062080,
        heapUsed: 36791568,
        external: 18011200 } },
  os: { loadavg: [ 0.1640625, 0.17041015625, 0.25 ], uptime: 232082 },
  trace: 
   [ { column: 10,
       file: '/workspace/Assignment/server/controllers/fileManager.js',
       function: null,
       line: 433,
       method: null,
       native: false },
     { column: 13,
       file: 'events.js',
       function: 'emitOne',
       line: 96,
       method: null,
       native: false },
     { column: 7,
       file: 'events.js',
       function: 'Socket.emit',
       line: 188,
       method: 'emit',
       native: false },
     { column: 18,
       file: '_stream_readable.js',
       function: 'readableAddChunk',
       line: 176,
       method: null,
       native: false },
     { column: 10,
       file: '_stream_readable.js',
       function: 'Socket.Readable.push',
       line: 134,
       method: 'push',
       native: false },
     { column: 20,
       file: 'net.js',
       function: 'Pipe.onread',
       line: 547,
       method: 'onread',
       native: false } ],
  stack: 
   [ 'TypeError: io.on is not a function',
     '    at Socket.<anonymous> (/workspace/Assignment/server/controllers/fileManager.js:433:10)',
     '    at emitOne (events.js:96:13)',
     '    at Socket.emit (events.js:188:7)',
     '    at readableAddChunk (_stream_readable.js:176:18)',
     '    at Socket.Readable.push (_stream_readable.js:134:10)',
     '    at Pipe.onread (net.js:547:20)' ] }
17/11/17 17:00:13.742 [pid:355] - error: uncaughtException: io is not a function 
{ date: 'Fri Nov 17 2017 17:00:13 GMT+0000 (UTC)',
  process: 
   { pid: 355,
     uid: 0,
     gid: 0,
     cwd: '/workspace/Assignment',
     execPath: '/usr/bin/nodejs',
     version: 'v6.11.0',
     argv: [ '/usr/bin/nodejs', '/workspace/Assignment/server/server2.js' ],
     memoryUsage: 
      { rss: 84865024,
        heapTotal: 70062080,
        heapUsed: 36914288,
        external: 17963038 } },
  os: 
   { loadavg: [ 0.123046875, 0.15185546875, 0.23095703125 ],
     uptime: 232227 },
  trace: 
   [ { column: 7,
       file: '/workspace/Assignment/server/controllers/fileManager.js',
       function: null,
       line: 433,
       method: null,
       native: false },
     { column: 13,
       file: 'events.js',
       function: 'emitOne',
       line: 96,
       method: null,
       native: false },
     { column: 7,
       file: 'events.js',
       function: 'Socket.emit',
       line: 188,
       method: 'emit',
       native: false },
     { column: 18,
       file: '_stream_readable.js',
       function: 'readableAddChunk',
       line: 176,
       method: null,
       native: false },
     { column: 10,
       file: '_stream_readable.js',
       function: 'Socket.Readable.push',
       line: 134,
       method: 'push',
       native: false },
     { column: 20,
       file: 'net.js',
       function: 'Pipe.onread',
       line: 547,
       method: 'onread',
       native: false } ],
  stack: 
   [ 'TypeError: io is not a function',
     '    at Socket.<anonymous> (/workspace/Assignment/server/controllers/fileManager.js:433:7)',
     '    at emitOne (events.js:96:13)',
     '    at Socket.emit (events.js:188:7)',
     '    at readableAddChunk (_stream_readable.js:176:18)',
     '    at Socket.Readable.push (_stream_readable.js:134:10)',
     '    at Pipe.onread (net.js:547:20)' ] }
