17/11/13 13:03:34.663 [pid:126] - error: uncaughtException: Cannot read property 'read' of undefined 
{ date: 'Mon Nov 13 2017 13:03:34 GMT+0000 (UTC)',
  process: 
   { pid: 126,
     uid: 0,
     gid: 0,
     cwd: '/workspace/Assignment',
     execPath: '/usr/bin/nodejs',
     version: 'v6.11.0',
     argv: [ '/usr/bin/nodejs', '/workspace/Assignment/server/server2.js' ],
     memoryUsage: 
      { rss: 67342336,
        heapTotal: 62951424,
        heapUsed: 31053536,
        external: 18729801 } },
  os: 
   { loadavg: [ 0.08447265625, 0.0498046875, 0.00634765625 ],
     uptime: 371720 },
  trace: 
   [ { column: 48,
       file: '/workspace/Assignment/server/server2.js',
       function: null,
       line: 200,
       method: null,
       native: false },
     { column: null,
       file: null,
       function: 'Array.forEach',
       line: null,
       method: 'forEach',
       native: true },
     { column: 12,
       file: '/workspace/Assignment/server/server2.js',
       function: null,
       line: 188,
       method: null,
       native: false },
     { column: 32,
       file: 'module.js',
       function: 'Module._compile',
       line: 570,
       method: '_compile',
       native: false },
     { column: 10,
       file: 'module.js',
       function: 'Module._extensions..js',
       line: 579,
       method: '.js',
       native: false },
     { column: 32,
       file: 'module.js',
       function: 'Module.load',
       line: 487,
       method: 'load',
       native: false },
     { column: 12,
       file: 'module.js',
       function: 'tryModuleLoad',
       line: 446,
       method: null,
       native: false },
     { column: 3,
       file: 'module.js',
       function: 'Module._load',
       line: 438,
       method: '_load',
       native: false },
     { column: 10,
       file: 'module.js',
       function: 'Module.runMain',
       line: 604,
       method: 'runMain',
       native: false },
     { column: 7,
       file: 'bootstrap_node.js',
       function: 'run',
       line: 389,
       method: null,
       native: false },
     { column: 9,
       file: 'bootstrap_node.js',
       function: 'startup',
       line: 149,
       method: null,
       native: false },
     { column: 3,
       file: 'bootstrap_node.js',
       function: null,
       line: 504,
       method: null,
       native: false } ],
  stack: 
   [ 'TypeError: Cannot read property \'read\' of undefined',
     '    at /workspace/Assignment/server/server2.js:200:48',
     '    at Array.forEach (native)',
     '    at Object.<anonymous> (/workspace/Assignment/server/server2.js:188:12)',
     '    at Module._compile (module.js:570:32)',
     '    at Object.Module._extensions..js (module.js:579:10)',
     '    at Module.load (module.js:487:32)',
     '    at tryModuleLoad (module.js:446:12)',
     '    at Function.Module._load (module.js:438:3)',
     '    at Module.runMain (module.js:604:10)',
     '    at run (bootstrap_node.js:389:7)',
     '    at startup (bootstrap_node.js:149:9)',
     '    at bootstrap_node.js:504:3' ] }
17/11/13 13:04:16.563 [pid:138] - error: uncaughtException: Cannot read property 'read' of undefined 
{ date: 'Mon Nov 13 2017 13:04:16 GMT+0000 (UTC)',
  process: 
   { pid: 138,
     uid: 0,
     gid: 0,
     cwd: '/workspace/Assignment',
     execPath: '/usr/bin/nodejs',
     version: 'v6.11.0',
     argv: [ '/usr/bin/nodejs', '/workspace/Assignment/server/server2.js' ],
     memoryUsage: 
      { rss: 69898240,
        heapTotal: 62951424,
        heapUsed: 31016880,
        external: 18764216 } },
  os: 
   { loadavg: [ 0.03857421875, 0.041015625, 0.001953125 ],
     uptime: 371762 },
  trace: 
   [ { column: 48,
       file: '/workspace/Assignment/server/server2.js',
       function: null,
       line: 200,
       method: null,
       native: false },
     { column: null,
       file: null,
       function: 'Array.forEach',
       line: null,
       method: 'forEach',
       native: true },
     { column: 12,
       file: '/workspace/Assignment/server/server2.js',
       function: null,
       line: 188,
       method: null,
       native: false },
     { column: 32,
       file: 'module.js',
       function: 'Module._compile',
       line: 570,
       method: '_compile',
       native: false },
     { column: 10,
       file: 'module.js',
       function: 'Module._extensions..js',
       line: 579,
       method: '.js',
       native: false },
     { column: 32,
       file: 'module.js',
       function: 'Module.load',
       line: 487,
       method: 'load',
       native: false },
     { column: 12,
       file: 'module.js',
       function: 'tryModuleLoad',
       line: 446,
       method: null,
       native: false },
     { column: 3,
       file: 'module.js',
       function: 'Module._load',
       line: 438,
       method: '_load',
       native: false },
     { column: 10,
       file: 'module.js',
       function: 'Module.runMain',
       line: 604,
       method: 'runMain',
       native: false },
     { column: 7,
       file: 'bootstrap_node.js',
       function: 'run',
       line: 389,
       method: null,
       native: false },
     { column: 9,
       file: 'bootstrap_node.js',
       function: 'startup',
       line: 149,
       method: null,
       native: false },
     { column: 3,
       file: 'bootstrap_node.js',
       function: null,
       line: 504,
       method: null,
       native: false } ],
  stack: 
   [ 'TypeError: Cannot read property \'read\' of undefined',
     '    at /workspace/Assignment/server/server2.js:200:48',
     '    at Array.forEach (native)',
     '    at Object.<anonymous> (/workspace/Assignment/server/server2.js:188:12)',
     '    at Module._compile (module.js:570:32)',
     '    at Object.Module._extensions..js (module.js:579:10)',
     '    at Module.load (module.js:487:32)',
     '    at tryModuleLoad (module.js:446:12)',
     '    at Function.Module._load (module.js:438:3)',
     '    at Module.runMain (module.js:604:10)',
     '    at run (bootstrap_node.js:389:7)',
     '    at startup (bootstrap_node.js:149:9)',
     '    at bootstrap_node.js:504:3' ] }
