17/11/16 09:07:12.063 [pid:582] - error: uncaughtException: Callback was already called. 
{ date: 'Thu Nov 16 2017 09:07:12 GMT+0000 (UTC)',
  process: 
   { pid: 582,
     uid: 0,
     gid: 0,
     cwd: '/workspace/Assignment',
     execPath: '/usr/bin/nodejs',
     version: 'v6.11.0',
     argv: [ '/usr/bin/nodejs', '/workspace/Assignment/server/server2.js' ],
     memoryUsage: 
      { rss: 86286336,
        heapTotal: 67964928,
        heapUsed: 46866760,
        external: 19620450 } },
  os: 
   { loadavg: [ 0.32666015625, 0.57275390625, 0.744140625 ],
     uptime: 117445 },
  trace: 
   [ { column: 32,
       file: '/workspace/Assignment/server/node_modules/async/dist/async.js',
       function: null,
       line: 955,
       method: null,
       native: false },
     { column: 7,
       file: '/workspace/Assignment/server/controllers/fileManager.js',
       function: null,
       line: 437,
       method: null,
       native: false },
     { column: 13,
       file: 'events.js',
       function: 'emitOne',
       line: 96,
       method: null,
       native: false },
     { column: 7,
       file: 'events.js',
       function: 'Socket.emit',
       line: 188,
       method: 'emit',
       native: false },
     { column: 18,
       file: '_stream_readable.js',
       function: 'readableAddChunk',
       line: 176,
       method: null,
       native: false },
     { column: 10,
       file: '_stream_readable.js',
       function: 'Socket.Readable.push',
       line: 134,
       method: 'push',
       native: false },
     { column: 20,
       file: 'net.js',
       function: 'Pipe.onread',
       line: 547,
       method: 'onread',
       native: false } ],
  stack: 
   [ 'Error: Callback was already called.',
     '    at /workspace/Assignment/server/node_modules/async/dist/async.js:955:32',
     '    at Socket.<anonymous> (/workspace/Assignment/server/controllers/fileManager.js:437:7)',
     '    at emitOne (events.js:96:13)',
     '    at Socket.emit (events.js:188:7)',
     '    at readableAddChunk (_stream_readable.js:176:18)',
     '    at Socket.Readable.push (_stream_readable.js:134:10)',
     '    at Pipe.onread (net.js:547:20)' ] }
17/11/16 09:23:04.860 [pid:634] - error: uncaughtException: read ECONNRESET 
{ date: 'Thu Nov 16 2017 09:23:04 GMT+0000 (UTC)',
  process: 
   { pid: 634,
     uid: 0,
     gid: 0,
     cwd: '/workspace/Assignment',
     execPath: '/usr/bin/nodejs',
     version: 'v6.11.0',
     argv: [ '/usr/bin/nodejs', '/workspace/Assignment/server/server2.js' ],
     memoryUsage: 
      { rss: 66449408,
        heapTotal: 37556224,
        heapUsed: 31268336,
        external: 17905297 } },
  os: 
   { loadavg: [ 0.62451171875, 0.42626953125, 0.50830078125 ],
     uptime: 118398 },
  trace: 
   [ { column: 11,
       file: 'util.js',
       function: 'exports._errnoException',
       line: 1018,
       method: '_errnoException',
       native: false },
     { column: 26,
       file: 'net.js',
       function: 'Pipe.onread',
       line: 568,
       method: 'onread',
       native: false } ],
  stack: 
   [ 'Error: read ECONNRESET',
     '    at exports._errnoException (util.js:1018:11)',
     '    at Pipe.onread (net.js:568:26)' ] }
17/11/16 09:24:02.762 [pid:693] - error: uncaughtException: write EPIPE 
{ date: 'Thu Nov 16 2017 09:24:02 GMT+0000 (UTC)',
  process: 
   { pid: 693,
     uid: 0,
     gid: 0,
     cwd: '/workspace/Assignment',
     execPath: '/usr/bin/nodejs',
     version: 'v6.11.0',
     argv: [ '/usr/bin/nodejs', '/workspace/Assignment/server/server2.js' ],
     memoryUsage: 
      { rss: 67342336,
        heapTotal: 36507648,
        heapUsed: 31325080,
        external: 17941438 } },
  os: 
   { loadavg: [ 0.22705078125, 0.34619140625, 0.47314453125 ],
     uptime: 118456 },
  trace: 
   [ { column: 11,
       file: 'util.js',
       function: 'exports._errnoException',
       line: 1018,
       method: '_errnoException',
       native: false },
     { column: 14,
       file: 'net.js',
       function: 'WriteWrap.afterWrite',
       line: 800,
       method: 'afterWrite',
       native: false } ],
  stack: 
   [ 'Error: write EPIPE',
     '    at exports._errnoException (util.js:1018:11)',
     '    at WriteWrap.afterWrite (net.js:800:14)' ] }
17/11/16 09:28:53.150 [pid:733] - error: uncaughtException: This socket has been ended by the other party 
{ date: 'Thu Nov 16 2017 09:28:53 GMT+0000 (UTC)',
  process: 
   { pid: 733,
     uid: 0,
     gid: 0,
     cwd: '/workspace/Assignment',
     execPath: '/usr/bin/nodejs',
     version: 'v6.11.0',
     argv: [ '/usr/bin/nodejs', '/workspace/Assignment/server/server2.js' ],
     memoryUsage: 
      { rss: 78249984,
        heapTotal: 67964928,
        heapUsed: 39811464,
        external: 19528093 } },
  os: 
   { loadavg: [ 0.68359375, 0.42822265625, 0.46533203125 ],
     uptime: 118746 },
  trace: 
   [ { column: 12,
       file: 'net.js',
       function: 'Socket.writeAfterFIN [as write]',
       line: 290,
       method: 'writeAfterFIN [as write]',
       native: false },
     { column: 19,
       file: '/workspace/Assignment/server/controllers/fileManager.js',
       function: null,
       line: 427,
       method: null,
       native: false },
     { column: 13,
       file: 'events.js',
       function: 'emitOne',
       line: 96,
       method: null,
       native: false },
     { column: 7,
       file: 'events.js',
       function: 'Socket.emit',
       line: 188,
       method: 'emit',
       native: false },
     { column: 18,
       file: '_stream_readable.js',
       function: 'readableAddChunk',
       line: 176,
       method: null,
       native: false },
     { column: 10,
       file: '_stream_readable.js',
       function: 'Socket.Readable.push',
       line: 134,
       method: 'push',
       native: false },
     { column: 20,
       file: 'net.js',
       function: 'Pipe.onread',
       line: 547,
       method: 'onread',
       native: false } ],
  stack: 
   [ 'Error: This socket has been ended by the other party',
     '    at Socket.writeAfterFIN [as write] (net.js:290:12)',
     '    at Socket.<anonymous> (/workspace/Assignment/server/controllers/fileManager.js:427:19)',
     '    at emitOne (events.js:96:13)',
     '    at Socket.emit (events.js:188:7)',
     '    at readableAddChunk (_stream_readable.js:176:18)',
     '    at Socket.Readable.push (_stream_readable.js:134:10)',
     '    at Pipe.onread (net.js:547:20)' ] }
17/11/16 13:02:01.817 [pid:457] - error: uncaughtException:   File "/workspace/Assignment/server/_files/upload/hyunil/layout-master/test.py", line 3
SyntaxError: Non-ASCII character '\xec' in file /workspace/Assignment/server/_files/upload/hyunil/layout-master/test.py on line 3, but no encoding declared; see http://www.python.org/peps/pep-0263.html for details
 
{ date: 'Thu Nov 16 2017 13:02:01 GMT+0000 (UTC)',
  process: 
   { pid: 457,
     uid: 0,
     gid: 0,
     cwd: '/workspace/Assignment',
     execPath: '/usr/bin/nodejs',
     version: 'v6.11.0',
     argv: [ '/usr/bin/nodejs', '/workspace/Assignment/server/server2.js' ],
     memoryUsage: 
      { rss: 67153920,
        heapTotal: 36507648,
        heapUsed: 30074088,
        external: 17957699 } },
  os: 
   { loadavg: [ 1.12841796875, 1.12646484375, 1.185546875 ],
     uptime: 177805 },
  trace: 
   [ { column: 17,
       file: '/workspace/Assignment/server/node_modules/python-shell/index.js',
       function: 'PythonShell.parseError',
       line: 190,
       method: 'parseError',
       native: false },
     { column: 28,
       file: '/workspace/Assignment/server/node_modules/python-shell/index.js',
       function: 'terminateIfNeeded',
       line: 98,
       method: null,
       native: false },
     { column: 9,
       file: '/workspace/Assignment/server/node_modules/python-shell/index.js',
       function: null,
       line: 88,
       method: null,
       native: false },
     { column: 13,
       file: 'events.js',
       function: 'emitTwo',
       line: 106,
       method: null,
       native: false },
     { column: 7,
       file: 'events.js',
       function: 'ChildProcess.emit',
       line: 191,
       method: 'emit',
       native: false },
     { column: 12,
       file: 'internal/child_process.js',
       function: 'Process.ChildProcess._handle.onexit',
       line: 215,
       method: 'onexit',
       native: false } ],
  stack: 
   [ 'Error:   File "/workspace/Assignment/server/_files/upload/hyunil/layout-master/test.py", line 3',
     'SyntaxError: Non-ASCII character \'\\xec\' in file /workspace/Assignment/server/_files/upload/hyunil/layout-master/test.py on line 3, but no encoding declared; see http://www.python.org/peps/pep-0263.html for details',
     '',
     '    at PythonShell.parseError (/workspace/Assignment/server/node_modules/python-shell/index.js:190:17)',
     '    at terminateIfNeeded (/workspace/Assignment/server/node_modules/python-shell/index.js:98:28)',
     '    at ChildProcess.<anonymous> (/workspace/Assignment/server/node_modules/python-shell/index.js:88:9)',
     '    at emitTwo (events.js:106:13)',
     '    at ChildProcess.emit (events.js:191:7)',
     '    at Process.ChildProcess._handle.onexit (internal/child_process.js:215:12)' ] }
17/11/16 13:04:32.069 [pid:473] - error: uncaughtException:   File "/workspace/Assignment/server/_files/upload/hyunil/layout-master/test.py", line 3
SyntaxError: Non-ASCII character '\xec' in file /workspace/Assignment/server/_files/upload/hyunil/layout-master/test.py on line 3, but no encoding declared; see http://www.python.org/peps/pep-0263.html for details
 
{ date: 'Thu Nov 16 2017 13:04:32 GMT+0000 (UTC)',
  process: 
   { pid: 473,
     uid: 0,
     gid: 0,
     cwd: '/workspace/Assignment',
     execPath: '/usr/bin/nodejs',
     version: 'v6.11.0',
     argv: [ '/usr/bin/nodejs', '/workspace/Assignment/server/server2.js' ],
     memoryUsage: 
      { rss: 63307776,
        heapTotal: 39653376,
        heapUsed: 32300360,
        external: 17980039 } },
  os: 
   { loadavg: [ 1.15576171875, 1.12646484375, 1.17431640625 ],
     uptime: 177955 },
  trace: 
   [ { column: 17,
       file: '/workspace/Assignment/server/node_modules/python-shell/index.js',
       function: 'PythonShell.parseError',
       line: 190,
       method: 'parseError',
       native: false },
     { column: 28,
       file: '/workspace/Assignment/server/node_modules/python-shell/index.js',
       function: 'terminateIfNeeded',
       line: 98,
       method: null,
       native: false },
     { column: 9,
       file: '/workspace/Assignment/server/node_modules/python-shell/index.js',
       function: null,
       line: 88,
       method: null,
       native: false },
     { column: 13,
       file: 'events.js',
       function: 'emitTwo',
       line: 106,
       method: null,
       native: false },
     { column: 7,
       file: 'events.js',
       function: 'ChildProcess.emit',
       line: 191,
       method: 'emit',
       native: false },
     { column: 12,
       file: 'internal/child_process.js',
       function: 'Process.ChildProcess._handle.onexit',
       line: 215,
       method: 'onexit',
       native: false } ],
  stack: 
   [ 'Error:   File "/workspace/Assignment/server/_files/upload/hyunil/layout-master/test.py", line 3',
     'SyntaxError: Non-ASCII character \'\\xec\' in file /workspace/Assignment/server/_files/upload/hyunil/layout-master/test.py on line 3, but no encoding declared; see http://www.python.org/peps/pep-0263.html for details',
     '',
     '    at PythonShell.parseError (/workspace/Assignment/server/node_modules/python-shell/index.js:190:17)',
     '    at terminateIfNeeded (/workspace/Assignment/server/node_modules/python-shell/index.js:98:28)',
     '    at ChildProcess.<anonymous> (/workspace/Assignment/server/node_modules/python-shell/index.js:88:9)',
     '    at emitTwo (events.js:106:13)',
     '    at ChildProcess.emit (events.js:191:7)',
     '    at Process.ChildProcess._handle.onexit (internal/child_process.js:215:12)' ] }
17/11/16 14:07:26.341 [pid:178] - error: uncaughtException: Invalid filename 
{ date: 'Thu Nov 16 2017 14:07:26 GMT+0000 (UTC)',
  process: 
   { pid: 178,
     uid: 0,
     gid: 0,
     cwd: '/workspace/Assignment',
     execPath: '/usr/bin/nodejs',
     version: 'v6.11.0',
     argv: [ '/usr/bin/nodejs', '/workspace/Assignment/server/server2.js' ],
     memoryUsage: 
      { rss: 65925120,
        heapTotal: 41750528,
        heapUsed: 36900704,
        external: 18137816 } },
  os: 
   { loadavg: [ 1.01318359375, 0.9345703125, 0.80712890625 ],
     uptime: 135352 },
  trace: [],
  stack: undefined }
17/11/16 16:46:49.124 [pid:299] - error: uncaughtException: Key must be a buffer 
{ date: 'Thu Nov 16 2017 16:46:49 GMT+0000 (UTC)',
  process: 
   { pid: 299,
     uid: 0,
     gid: 0,
     cwd: '/workspace/Assignment',
     execPath: '/usr/bin/nodejs',
     version: 'v6.11.0',
     argv: [ '/usr/bin/nodejs', '/workspace/Assignment/server/server2.js' ],
     memoryUsage: 
      { rss: 74584064,
        heapTotal: 65867776,
        heapUsed: 37384432,
        external: 19501497 } },
  os: 
   { loadavg: [ 0.16015625, 0.1376953125, 0.099609375 ],
     uptime: 144915 },
  trace: 
   [ { column: null,
       file: null,
       function: 'TypeError',
       line: null,
       method: null,
       native: true },
     { column: 16,
       file: 'crypto.js',
       function: 'new Hmac',
       line: 92,
       method: null,
       native: false },
     { column: 12,
       file: 'crypto.js',
       function: 'Object.Hmac',
       line: 90,
       method: 'Hmac',
       native: false },
     { column: 25,
       file: '/workspace/Assignment/server/controllers/member.js',
       function: 'sha512',
       line: 328,
       method: null,
       native: false },
     { column: 26,
       file: '/workspace/Assignment/server/controllers/member.js',
       function: 'saltHashPassword',
       line: 337,
       method: null,
       native: false },
     { column: 17,
       file: '/workspace/Assignment/server/controllers/member.js',
       function: 'async.waterfall.Member.findOne.user_id',
       line: 343,
       method: 'user_id',
       native: false },
     { column: 14,
       file: '/workspace/Assignment/server/node_modules/async/dist/async.js',
       function: 'nextTask',
       line: 5310,
       method: null,
       native: false },
     { column: 9,
       file: '/workspace/Assignment/server/node_modules/async/dist/async.js',
       function: 'next',
       line: 5317,
       method: null,
       native: false },
     { column: 16,
       file: '/workspace/Assignment/server/node_modules/async/dist/async.js',
       function: null,
       line: 958,
       method: null,
       native: false },
     { column: 7,
       file: '/workspace/Assignment/server/controllers/member.js',
       function: null,
       line: 319,
       method: null,
       native: false },
     { column: 16,
       file: '/workspace/Assignment/server/node_modules/mongoose/lib/model.js',
       function: null,
       line: 4032,
       method: null,
       native: false },
     { column: 21,
       file: '/workspace/Assignment/server/node_modules/kareem/index.js',
       function: null,
       line: 273,
       method: null,
       native: false },
     { column: 16,
       file: '/workspace/Assignment/server/node_modules/kareem/index.js',
       function: null,
       line: 131,
       method: null,
       native: false },
     { column: 7,
       file: 'internal/process/next_tick.js',
       function: '_combinedTickCallback',
       line: 73,
       method: null,
       native: false },
     { column: 9,
       file: 'internal/process/next_tick.js',
       function: 'process._tickCallback',
       line: 104,
       method: '_tickCallback',
       native: false } ],
  stack: 
   [ 'TypeError: Key must be a buffer',
     '    at TypeError (native)',
     '    at new Hmac (crypto.js:92:16)',
     '    at Object.Hmac (crypto.js:90:12)',
     '    at sha512 (/workspace/Assignment/server/controllers/member.js:328:25)',
     '    at saltHashPassword (/workspace/Assignment/server/controllers/member.js:337:26)',
     '    at async.waterfall.Member.findOne.user_id (/workspace/Assignment/server/controllers/member.js:343:17)',
     '    at nextTask (/workspace/Assignment/server/node_modules/async/dist/async.js:5310:14)',
     '    at next (/workspace/Assignment/server/node_modules/async/dist/async.js:5317:9)',
     '    at /workspace/Assignment/server/node_modules/async/dist/async.js:958:16',
     '    at /workspace/Assignment/server/controllers/member.js:319:7',
     '    at Query.<anonymous> (/workspace/Assignment/server/node_modules/mongoose/lib/model.js:4032:16)',
     '    at /workspace/Assignment/server/node_modules/kareem/index.js:273:21',
     '    at /workspace/Assignment/server/node_modules/kareem/index.js:131:16',
     '    at _combinedTickCallback (internal/process/next_tick.js:73:7)',
     '    at process._tickCallback (internal/process/next_tick.js:104:9)' ] }
17/11/16 16:49:35.216 [pid:311] - error: uncaughtException: sha512 is not defined 
{ date: 'Thu Nov 16 2017 16:49:35 GMT+0000 (UTC)',
  process: 
   { pid: 311,
     uid: 0,
     gid: 0,
     cwd: '/workspace/Assignment',
     execPath: '/usr/bin/nodejs',
     version: 'v6.11.0',
     argv: [ '/usr/bin/nodejs', '/workspace/Assignment/server/server2.js' ],
     memoryUsage: 
      { rss: 77889536,
        heapTotal: 65867776,
        heapUsed: 39717168,
        external: 19467922 } },
  os: 
   { loadavg: [ 0.14306640625, 0.13818359375, 0.09619140625 ],
     uptime: 145081 },
  trace: 
   [ { column: 26,
       file: '/workspace/Assignment/server/controllers/member.js',
       function: 'saltPassword',
       line: 337,
       method: null,
       native: false },
     { column: 17,
       file: '/workspace/Assignment/server/controllers/member.js',
       function: 'async.waterfall.Member.findOne.user_id',
       line: 343,
       method: 'user_id',
       native: false },
     { column: 14,
       file: '/workspace/Assignment/server/node_modules/async/dist/async.js',
       function: 'nextTask',
       line: 5310,
       method: null,
       native: false },
     { column: 9,
       file: '/workspace/Assignment/server/node_modules/async/dist/async.js',
       function: 'next',
       line: 5317,
       method: null,
       native: false },
     { column: 16,
       file: '/workspace/Assignment/server/node_modules/async/dist/async.js',
       function: null,
       line: 958,
       method: null,
       native: false },
     { column: 7,
       file: '/workspace/Assignment/server/controllers/member.js',
       function: null,
       line: 319,
       method: null,
       native: false },
     { column: 16,
       file: '/workspace/Assignment/server/node_modules/mongoose/lib/model.js',
       function: null,
       line: 4032,
       method: null,
       native: false },
     { column: 21,
       file: '/workspace/Assignment/server/node_modules/kareem/index.js',
       function: null,
       line: 273,
       method: null,
       native: false },
     { column: 16,
       file: '/workspace/Assignment/server/node_modules/kareem/index.js',
       function: null,
       line: 131,
       method: null,
       native: false },
     { column: 7,
       file: 'internal/process/next_tick.js',
       function: '_combinedTickCallback',
       line: 73,
       method: null,
       native: false },
     { column: 9,
       file: 'internal/process/next_tick.js',
       function: 'process._tickCallback',
       line: 104,
       method: '_tickCallback',
       native: false } ],
  stack: 
   [ 'ReferenceError: sha512 is not defined',
     '    at saltPassword (/workspace/Assignment/server/controllers/member.js:337:26)',
     '    at async.waterfall.Member.findOne.user_id (/workspace/Assignment/server/controllers/member.js:343:17)',
     '    at nextTask (/workspace/Assignment/server/node_modules/async/dist/async.js:5310:14)',
     '    at next (/workspace/Assignment/server/node_modules/async/dist/async.js:5317:9)',
     '    at /workspace/Assignment/server/node_modules/async/dist/async.js:958:16',
     '    at /workspace/Assignment/server/controllers/member.js:319:7',
     '    at Query.<anonymous> (/workspace/Assignment/server/node_modules/mongoose/lib/model.js:4032:16)',
     '    at /workspace/Assignment/server/node_modules/kareem/index.js:273:21',
     '    at /workspace/Assignment/server/node_modules/kareem/index.js:131:16',
     '    at _combinedTickCallback (internal/process/next_tick.js:73:7)',
     '    at process._tickCallback (internal/process/next_tick.js:104:9)' ] }
17/11/16 16:50:15.212 [pid:325] - error: uncaughtException: Key must be a buffer 
{ date: 'Thu Nov 16 2017 16:50:15 GMT+0000 (UTC)',
  process: 
   { pid: 325,
     uid: 0,
     gid: 0,
     cwd: '/workspace/Assignment',
     execPath: '/usr/bin/nodejs',
     version: 'v6.11.0',
     argv: [ '/usr/bin/nodejs', '/workspace/Assignment/server/server2.js' ],
     memoryUsage: 
      { rss: 77516800,
        heapTotal: 65867776,
        heapUsed: 39583976,
        external: 19502206 } },
  os: 
   { loadavg: [ 0.12109375, 0.134765625, 0.09423828125 ],
     uptime: 145121 },
  trace: 
   [ { column: null,
       file: null,
       function: 'TypeError',
       line: null,
       method: null,
       native: true },
     { column: 16,
       file: 'crypto.js',
       function: 'new Hmac',
       line: 92,
       method: null,
       native: false },
     { column: 12,
       file: 'crypto.js',
       function: 'Object.Hmac',
       line: 90,
       method: 'Hmac',
       native: false },
     { column: 25,
       file: '/workspace/Assignment/server/controllers/member.js',
       function: 'sha',
       line: 328,
       method: null,
       native: false },
     { column: 26,
       file: '/workspace/Assignment/server/controllers/member.js',
       function: 'saltPassword',
       line: 337,
       method: null,
       native: false },
     { column: 17,
       file: '/workspace/Assignment/server/controllers/member.js',
       function: 'async.waterfall.Member.findOne.user_id',
       line: 343,
       method: 'user_id',
       native: false },
     { column: 14,
       file: '/workspace/Assignment/server/node_modules/async/dist/async.js',
       function: 'nextTask',
       line: 5310,
       method: null,
       native: false },
     { column: 9,
       file: '/workspace/Assignment/server/node_modules/async/dist/async.js',
       function: 'next',
       line: 5317,
       method: null,
       native: false },
     { column: 16,
       file: '/workspace/Assignment/server/node_modules/async/dist/async.js',
       function: null,
       line: 958,
       method: null,
       native: false },
     { column: 7,
       file: '/workspace/Assignment/server/controllers/member.js',
       function: null,
       line: 319,
       method: null,
       native: false },
     { column: 16,
       file: '/workspace/Assignment/server/node_modules/mongoose/lib/model.js',
       function: null,
       line: 4032,
       method: null,
       native: false },
     { column: 21,
       file: '/workspace/Assignment/server/node_modules/kareem/index.js',
       function: null,
       line: 273,
       method: null,
       native: false },
     { column: 16,
       file: '/workspace/Assignment/server/node_modules/kareem/index.js',
       function: null,
       line: 131,
       method: null,
       native: false },
     { column: 7,
       file: 'internal/process/next_tick.js',
       function: '_combinedTickCallback',
       line: 73,
       method: null,
       native: false },
     { column: 9,
       file: 'internal/process/next_tick.js',
       function: 'process._tickCallback',
       line: 104,
       method: '_tickCallback',
       native: false } ],
  stack: 
   [ 'TypeError: Key must be a buffer',
     '    at TypeError (native)',
     '    at new Hmac (crypto.js:92:16)',
     '    at Object.Hmac (crypto.js:90:12)',
     '    at sha (/workspace/Assignment/server/controllers/member.js:328:25)',
     '    at saltPassword (/workspace/Assignment/server/controllers/member.js:337:26)',
     '    at async.waterfall.Member.findOne.user_id (/workspace/Assignment/server/controllers/member.js:343:17)',
     '    at nextTask (/workspace/Assignment/server/node_modules/async/dist/async.js:5310:14)',
     '    at next (/workspace/Assignment/server/node_modules/async/dist/async.js:5317:9)',
     '    at /workspace/Assignment/server/node_modules/async/dist/async.js:958:16',
     '    at /workspace/Assignment/server/controllers/member.js:319:7',
     '    at Query.<anonymous> (/workspace/Assignment/server/node_modules/mongoose/lib/model.js:4032:16)',
     '    at /workspace/Assignment/server/node_modules/kareem/index.js:273:21',
     '    at /workspace/Assignment/server/node_modules/kareem/index.js:131:16',
     '    at _combinedTickCallback (internal/process/next_tick.js:73:7)',
     '    at process._tickCallback (internal/process/next_tick.js:104:9)' ] }
17/11/16 16:59:00.131 [pid:338] - error: uncaughtException: Key must be a buffer 
{ date: 'Thu Nov 16 2017 16:59:00 GMT+0000 (UTC)',
  process: 
   { pid: 338,
     uid: 0,
     gid: 0,
     cwd: '/workspace/Assignment',
     execPath: '/usr/bin/nodejs',
     version: 'v6.11.0',
     argv: [ '/usr/bin/nodejs', '/workspace/Assignment/server/server2.js' ],
     memoryUsage: 
      { rss: 74964992,
        heapTotal: 66916352,
        heapUsed: 39621720,
        external: 19502206 } },
  os: 
   { loadavg: [ 0.14501953125, 0.134765625, 0.09326171875 ],
     uptime: 145646 },
  trace: 
   [ { column: null,
       file: null,
       function: 'TypeError',
       line: null,
       method: null,
       native: true },
     { column: 16,
       file: 'crypto.js',
       function: 'new Hmac',
       line: 92,
       method: null,
       native: false },
     { column: 12,
       file: 'crypto.js',
       function: 'Object.Hmac',
       line: 90,
       method: 'Hmac',
       native: false },
     { column: 25,
       file: '/workspace/Assignment/server/controllers/member.js',
       function: 'sha',
       line: 329,
       method: null,
       native: false },
     { column: 26,
       file: '/workspace/Assignment/server/controllers/member.js',
       function: 'saltPassword',
       line: 338,
       method: null,
       native: false },
     { column: 17,
       file: '/workspace/Assignment/server/controllers/member.js',
       function: 'async.waterfall.Member.findOne.user_id',
       line: 344,
       method: 'user_id',
       native: false },
     { column: 14,
       file: '/workspace/Assignment/server/node_modules/async/dist/async.js',
       function: 'nextTask',
       line: 5310,
       method: null,
       native: false },
     { column: 9,
       file: '/workspace/Assignment/server/node_modules/async/dist/async.js',
       function: 'next',
       line: 5317,
       method: null,
       native: false },
     { column: 16,
       file: '/workspace/Assignment/server/node_modules/async/dist/async.js',
       function: null,
       line: 958,
       method: null,
       native: false },
     { column: 7,
       file: '/workspace/Assignment/server/controllers/member.js',
       function: null,
       line: 320,
       method: null,
       native: false },
     { column: 16,
       file: '/workspace/Assignment/server/node_modules/mongoose/lib/model.js',
       function: null,
       line: 4032,
       method: null,
       native: false },
     { column: 21,
       file: '/workspace/Assignment/server/node_modules/kareem/index.js',
       function: null,
       line: 273,
       method: null,
       native: false },
     { column: 16,
       file: '/workspace/Assignment/server/node_modules/kareem/index.js',
       function: null,
       line: 131,
       method: null,
       native: false },
     { column: 7,
       file: 'internal/process/next_tick.js',
       function: '_combinedTickCallback',
       line: 73,
       method: null,
       native: false },
     { column: 9,
       file: 'internal/process/next_tick.js',
       function: 'process._tickCallback',
       line: 104,
       method: '_tickCallback',
       native: false } ],
  stack: 
   [ 'TypeError: Key must be a buffer',
     '    at TypeError (native)',
     '    at new Hmac (crypto.js:92:16)',
     '    at Object.Hmac (crypto.js:90:12)',
     '    at sha (/workspace/Assignment/server/controllers/member.js:329:25)',
     '    at saltPassword (/workspace/Assignment/server/controllers/member.js:338:26)',
     '    at async.waterfall.Member.findOne.user_id (/workspace/Assignment/server/controllers/member.js:344:17)',
     '    at nextTask (/workspace/Assignment/server/node_modules/async/dist/async.js:5310:14)',
     '    at next (/workspace/Assignment/server/node_modules/async/dist/async.js:5317:9)',
     '    at /workspace/Assignment/server/node_modules/async/dist/async.js:958:16',
     '    at /workspace/Assignment/server/controllers/member.js:320:7',
     '    at Query.<anonymous> (/workspace/Assignment/server/node_modules/mongoose/lib/model.js:4032:16)',
     '    at /workspace/Assignment/server/node_modules/kareem/index.js:273:21',
     '    at /workspace/Assignment/server/node_modules/kareem/index.js:131:16',
     '    at _combinedTickCallback (internal/process/next_tick.js:73:7)',
     '    at process._tickCallback (internal/process/next_tick.js:104:9)' ] }
17/11/16 17:02:31.123 [pid:350] - error: uncaughtException: Key must be a buffer 
{ date: 'Thu Nov 16 2017 17:02:31 GMT+0000 (UTC)',
  process: 
   { pid: 350,
     uid: 0,
     gid: 0,
     cwd: '/workspace/Assignment',
     execPath: '/usr/bin/nodejs',
     version: 'v6.11.0',
     argv: [ '/usr/bin/nodejs', '/workspace/Assignment/server/server2.js' ],
     memoryUsage: 
      { rss: 77836288,
        heapTotal: 67964928,
        heapUsed: 39820208,
        external: 19510398 } },
  os: 
   { loadavg: [ 0.1396484375, 0.1396484375, 0.0947265625 ],
     uptime: 145857 },
  trace: 
   [ { column: null,
       file: null,
       function: 'TypeError',
       line: null,
       method: null,
       native: true },
     { column: 16,
       file: 'crypto.js',
       function: 'new Hmac',
       line: 92,
       method: null,
       native: false },
     { column: 12,
       file: 'crypto.js',
       function: 'Object.Hmac',
       line: 90,
       method: 'Hmac',
       native: false },
     { column: 25,
       file: '/workspace/Assignment/server/controllers/member.js',
       function: 'sha',
       line: 334,
       method: null,
       native: false },
     { column: 26,
       file: '/workspace/Assignment/server/controllers/member.js',
       function: 'saltPassword',
       line: 343,
       method: null,
       native: false },
     { column: 17,
       file: '/workspace/Assignment/server/controllers/member.js',
       function: 'async.waterfall.Member.findOne.user_id',
       line: 349,
       method: 'user_id',
       native: false },
     { column: 14,
       file: '/workspace/Assignment/server/node_modules/async/dist/async.js',
       function: 'nextTask',
       line: 5310,
       method: null,
       native: false },
     { column: 9,
       file: '/workspace/Assignment/server/node_modules/async/dist/async.js',
       function: 'next',
       line: 5317,
       method: null,
       native: false },
     { column: 16,
       file: '/workspace/Assignment/server/node_modules/async/dist/async.js',
       function: null,
       line: 958,
       method: null,
       native: false },
     { column: 7,
       file: '/workspace/Assignment/server/controllers/member.js',
       function: null,
       line: 325,
       method: null,
       native: false },
     { column: 16,
       file: '/workspace/Assignment/server/node_modules/mongoose/lib/model.js',
       function: null,
       line: 4032,
       method: null,
       native: false },
     { column: 21,
       file: '/workspace/Assignment/server/node_modules/kareem/index.js',
       function: null,
       line: 273,
       method: null,
       native: false },
     { column: 16,
       file: '/workspace/Assignment/server/node_modules/kareem/index.js',
       function: null,
       line: 131,
       method: null,
       native: false },
     { column: 7,
       file: 'internal/process/next_tick.js',
       function: '_combinedTickCallback',
       line: 73,
       method: null,
       native: false },
     { column: 9,
       file: 'internal/process/next_tick.js',
       function: 'process._tickCallback',
       line: 104,
       method: '_tickCallback',
       native: false } ],
  stack: 
   [ 'TypeError: Key must be a buffer',
     '    at TypeError (native)',
     '    at new Hmac (crypto.js:92:16)',
     '    at Object.Hmac (crypto.js:90:12)',
     '    at sha (/workspace/Assignment/server/controllers/member.js:334:25)',
     '    at saltPassword (/workspace/Assignment/server/controllers/member.js:343:26)',
     '    at async.waterfall.Member.findOne.user_id (/workspace/Assignment/server/controllers/member.js:349:17)',
     '    at nextTask (/workspace/Assignment/server/node_modules/async/dist/async.js:5310:14)',
     '    at next (/workspace/Assignment/server/node_modules/async/dist/async.js:5317:9)',
     '    at /workspace/Assignment/server/node_modules/async/dist/async.js:958:16',
     '    at /workspace/Assignment/server/controllers/member.js:325:7',
     '    at Query.<anonymous> (/workspace/Assignment/server/node_modules/mongoose/lib/model.js:4032:16)',
     '    at /workspace/Assignment/server/node_modules/kareem/index.js:273:21',
     '    at /workspace/Assignment/server/node_modules/kareem/index.js:131:16',
     '    at _combinedTickCallback (internal/process/next_tick.js:73:7)',
     '    at process._tickCallback (internal/process/next_tick.js:104:9)' ] }
17/11/16 17:22:23.116 [pid:392] - error: uncaughtException: Cannot set property 'project' of null 
{ date: 'Thu Nov 16 2017 17:22:23 GMT+0000 (UTC)',
  process: 
   { pid: 392,
     uid: 0,
     gid: 0,
     cwd: '/workspace/Assignment',
     execPath: '/usr/bin/nodejs',
     version: 'v6.11.0',
     argv: [ '/usr/bin/nodejs', '/workspace/Assignment/server/server2.js' ],
     memoryUsage: 
      { rss: 68141056,
        heapTotal: 42799104,
        heapUsed: 32983216,
        external: 20148339 } },
  os: 
   { loadavg: [ 0.150390625, 0.15087890625, 0.12109375 ],
     uptime: 147049 },
  trace: 
   [ { column: 23,
       file: '/workspace/Assignment/server/controllers/fileManager.js',
       function: null,
       line: 188,
       method: null,
       native: false },
     { column: 16,
       file: '/workspace/Assignment/server/node_modules/mongoose/lib/model.js',
       function: null,
       line: 4032,
       method: null,
       native: false },
     { column: 21,
       file: '/workspace/Assignment/server/node_modules/kareem/index.js',
       function: null,
       line: 273,
       method: null,
       native: false },
     { column: 16,
       file: '/workspace/Assignment/server/node_modules/kareem/index.js',
       function: null,
       line: 131,
       method: null,
       native: false },
     { column: 7,
       file: 'internal/process/next_tick.js',
       function: '_combinedTickCallback',
       line: 73,
       method: null,
       native: false },
     { column: 9,
       file: 'internal/process/next_tick.js',
       function: 'process._tickCallback',
       line: 104,
       method: '_tickCallback',
       native: false } ],
  stack: 
   [ 'TypeError: Cannot set property \'project\' of null',
     '    at /workspace/Assignment/server/controllers/fileManager.js:188:23',
     '    at Query.<anonymous> (/workspace/Assignment/server/node_modules/mongoose/lib/model.js:4032:16)',
     '    at /workspace/Assignment/server/node_modules/kareem/index.js:273:21',
     '    at /workspace/Assignment/server/node_modules/kareem/index.js:131:16',
     '    at _combinedTickCallback (internal/process/next_tick.js:73:7)',
     '    at process._tickCallback (internal/process/next_tick.js:104:9)' ] }
17/11/16 17:32:49.925 [pid:408] - error: uncaughtException: Cannot set property 'project' of null 
{ date: 'Thu Nov 16 2017 17:32:49 GMT+0000 (UTC)',
  process: 
   { pid: 408,
     uid: 0,
     gid: 0,
     cwd: '/workspace/Assignment',
     execPath: '/usr/bin/nodejs',
     version: 'v6.11.0',
     argv: [ '/usr/bin/nodejs', '/workspace/Assignment/server/server2.js' ],
     memoryUsage: 
      { rss: 90963968,
        heapTotal: 71110656,
        heapUsed: 42389976,
        external: 18719253 } },
  os: 
   { loadavg: [ 0.54443359375, 0.28564453125, 0.169921875 ],
     uptime: 147676 },
  trace: 
   [ { column: 23,
       file: '/workspace/Assignment/server/controllers/fileManager.js',
       function: null,
       line: 188,
       method: null,
       native: false },
     { column: 16,
       file: '/workspace/Assignment/server/node_modules/mongoose/lib/model.js',
       function: null,
       line: 4032,
       method: null,
       native: false },
     { column: 21,
       file: '/workspace/Assignment/server/node_modules/kareem/index.js',
       function: null,
       line: 273,
       method: null,
       native: false },
     { column: 16,
       file: '/workspace/Assignment/server/node_modules/kareem/index.js',
       function: null,
       line: 131,
       method: null,
       native: false },
     { column: 7,
       file: 'internal/process/next_tick.js',
       function: '_combinedTickCallback',
       line: 73,
       method: null,
       native: false },
     { column: 9,
       file: 'internal/process/next_tick.js',
       function: 'process._tickCallback',
       line: 104,
       method: '_tickCallback',
       native: false } ],
  stack: 
   [ 'TypeError: Cannot set property \'project\' of null',
     '    at /workspace/Assignment/server/controllers/fileManager.js:188:23',
     '    at Query.<anonymous> (/workspace/Assignment/server/node_modules/mongoose/lib/model.js:4032:16)',
     '    at /workspace/Assignment/server/node_modules/kareem/index.js:273:21',
     '    at /workspace/Assignment/server/node_modules/kareem/index.js:131:16',
     '    at _combinedTickCallback (internal/process/next_tick.js:73:7)',
     '    at process._tickCallback (internal/process/next_tick.js:104:9)' ] }
17/11/16 17:37:13.908 [pid:424] - error: uncaughtException: Cannot set property 'tel' of null 
{ date: 'Thu Nov 16 2017 17:37:13 GMT+0000 (UTC)',
  process: 
   { pid: 424,
     uid: 0,
     gid: 0,
     cwd: '/workspace/Assignment',
     execPath: '/usr/bin/nodejs',
     version: 'v6.11.0',
     argv: [ '/usr/bin/nodejs', '/workspace/Assignment/server/server2.js' ],
     memoryUsage: 
      { rss: 84054016,
        heapTotal: 67964928,
        heapUsed: 45829552,
        external: 20219755 } },
  os: 
   { loadavg: [ 0.10302734375, 0.1923828125, 0.1650390625 ],
     uptime: 147940 },
  trace: 
   [ { column: 19,
       file: '/workspace/Assignment/server/controllers/fileManager.js',
       function: null,
       line: 188,
       method: null,
       native: false },
     { column: 16,
       file: '/workspace/Assignment/server/node_modules/mongoose/lib/model.js',
       function: null,
       line: 4032,
       method: null,
       native: false },
     { column: 21,
       file: '/workspace/Assignment/server/node_modules/kareem/index.js',
       function: null,
       line: 273,
       method: null,
       native: false },
     { column: 16,
       file: '/workspace/Assignment/server/node_modules/kareem/index.js',
       function: null,
       line: 131,
       method: null,
       native: false },
     { column: 7,
       file: 'internal/process/next_tick.js',
       function: '_combinedTickCallback',
       line: 73,
       method: null,
       native: false },
     { column: 9,
       file: 'internal/process/next_tick.js',
       function: 'process._tickCallback',
       line: 104,
       method: '_tickCallback',
       native: false } ],
  stack: 
   [ 'TypeError: Cannot set property \'tel\' of null',
     '    at /workspace/Assignment/server/controllers/fileManager.js:188:19',
     '    at Query.<anonymous> (/workspace/Assignment/server/node_modules/mongoose/lib/model.js:4032:16)',
     '    at /workspace/Assignment/server/node_modules/kareem/index.js:273:21',
     '    at /workspace/Assignment/server/node_modules/kareem/index.js:131:16',
     '    at _combinedTickCallback (internal/process/next_tick.js:73:7)',
     '    at process._tickCallback (internal/process/next_tick.js:104:9)' ] }
