17/11/19 06:49:01.061 [pid:154] - error: uncaughtException: Route.get() requires a callback function but got a [object Undefined] 
{ date: 'Sun Nov 19 2017 06:49:01 GMT+0000 (UTC)',
  process: 
   { pid: 154,
     uid: 0,
     gid: 0,
     cwd: '/workspace/Assignment',
     execPath: '/usr/bin/nodejs',
     version: 'v6.11.0',
     argv: [ '/usr/bin/nodejs', '/workspace/Assignment/server/server2.js' ],
     memoryUsage: 
      { rss: 70033408,
        heapTotal: 62951424,
        heapUsed: 31311864,
        external: 18755668 } },
  os: 
   { loadavg: [ 0.123046875, 0.2685546875, 0.2490234375 ],
     uptime: 368354 },
  trace: 
   [ { column: 15,
       file: '/workspace/Assignment/server/node_modules/express/lib/router/route.js',
       function: 'Route.(anonymous function) [as get]',
       line: 202,
       method: '(anonymous function) [as get]',
       native: false },
     { column: 41,
       file: '/workspace/Assignment/server/server2.js',
       function: null,
       line: 207,
       method: null,
       native: false },
     { column: null,
       file: null,
       function: 'Array.forEach',
       line: null,
       method: 'forEach',
       native: true },
     { column: 12,
       file: '/workspace/Assignment/server/server2.js',
       function: null,
       line: 189,
       method: null,
       native: false },
     { column: 32,
       file: 'module.js',
       function: 'Module._compile',
       line: 570,
       method: '_compile',
       native: false },
     { column: 10,
       file: 'module.js',
       function: 'Module._extensions..js',
       line: 579,
       method: '.js',
       native: false },
     { column: 32,
       file: 'module.js',
       function: 'Module.load',
       line: 487,
       method: 'load',
       native: false },
     { column: 12,
       file: 'module.js',
       function: 'tryModuleLoad',
       line: 446,
       method: null,
       native: false },
     { column: 3,
       file: 'module.js',
       function: 'Module._load',
       line: 438,
       method: '_load',
       native: false },
     { column: 10,
       file: 'module.js',
       function: 'Module.runMain',
       line: 604,
       method: 'runMain',
       native: false },
     { column: 7,
       file: 'bootstrap_node.js',
       function: 'run',
       line: 389,
       method: null,
       native: false },
     { column: 9,
       file: 'bootstrap_node.js',
       function: 'startup',
       line: 149,
       method: null,
       native: false },
     { column: 3,
       file: 'bootstrap_node.js',
       function: null,
       line: 504,
       method: null,
       native: false } ],
  stack: 
   [ 'Error: Route.get() requires a callback function but got a [object Undefined]',
     '    at Route.(anonymous function) [as get] (/workspace/Assignment/server/node_modules/express/lib/router/route.js:202:15)',
     '    at /workspace/Assignment/server/server2.js:207:41',
     '    at Array.forEach (native)',
     '    at Object.<anonymous> (/workspace/Assignment/server/server2.js:189:12)',
     '    at Module._compile (module.js:570:32)',
     '    at Object.Module._extensions..js (module.js:579:10)',
     '    at Module.load (module.js:487:32)',
     '    at tryModuleLoad (module.js:446:12)',
     '    at Function.Module._load (module.js:438:3)',
     '    at Module.runMain (module.js:604:10)',
     '    at run (bootstrap_node.js:389:7)',
     '    at startup (bootstrap_node.js:149:9)',
     '    at bootstrap_node.js:504:3' ] }
17/11/19 06:50:23.455 [pid:166] - error: uncaughtException: Invalid or unexpected token 
{ date: 'Sun Nov 19 2017 06:50:23 GMT+0000 (UTC)',
  process: 
   { pid: 166,
     uid: 0,
     gid: 0,
     cwd: '/workspace/Assignment',
     execPath: '/usr/bin/nodejs',
     version: 'v6.11.0',
     argv: [ '/usr/bin/nodejs', '/workspace/Assignment/server/server2.js' ],
     memoryUsage: 
      { rss: 33792000,
        heapTotal: 18911232,
        heapUsed: 8588536,
        external: 52715 } },
  os: 
   { loadavg: [ 0.49169921875, 0.3388671875, 0.2763671875 ],
     uptime: 368436 },
  trace: 
   [ { column: 10,
       file: 'vm.js',
       function: 'createScript',
       line: 56,
       method: null,
       native: false },
     { column: 10,
       file: 'vm.js',
       function: 'Object.runInThisContext',
       line: 97,
       method: 'runInThisContext',
       native: false },
     { column: 28,
       file: 'module.js',
       function: 'Module._compile',
       line: 542,
       method: '_compile',
       native: false },
     { column: 10,
       file: 'module.js',
       function: 'Module._extensions..js',
       line: 579,
       method: '.js',
       native: false },
     { column: 32,
       file: 'module.js',
       function: 'Module.load',
       line: 487,
       method: 'load',
       native: false },
     { column: 12,
       file: 'module.js',
       function: 'tryModuleLoad',
       line: 446,
       method: null,
       native: false },
     { column: 3,
       file: 'module.js',
       function: 'Module._load',
       line: 438,
       method: '_load',
       native: false },
     { column: 17,
       file: 'module.js',
       function: 'Module.require',
       line: 497,
       method: 'require',
       native: false },
     { column: 19,
       file: 'internal/module.js',
       function: 'require',
       line: 20,
       method: null,
       native: false },
     { column: 14,
       file: '/workspace/Assignment/server/server2.js',
       function: null,
       line: 8,
       method: null,
       native: false } ],
  stack: 
   [ '/workspace/Assignment/server/routes.js:23',
     '\t{path: \'/fileManager/checkInput\', method: \'get\', src: \'./controllers/fileManager.js\', module: \'fileManager.checkInput},',
     '\t                                                                                              ^^^^^^^^^^^^^^^^^^^^^^^^^',
     'SyntaxError: Invalid or unexpected token',
     '    at createScript (vm.js:56:10)',
     '    at Object.runInThisContext (vm.js:97:10)',
     '    at Module._compile (module.js:542:28)',
     '    at Object.Module._extensions..js (module.js:579:10)',
     '    at Module.load (module.js:487:32)',
     '    at tryModuleLoad (module.js:446:12)',
     '    at Function.Module._load (module.js:438:3)',
     '    at Module.require (module.js:497:17)',
     '    at require (internal/module.js:20:19)',
     '    at Object.<anonymous> (/workspace/Assignment/server/server2.js:8:14)' ] }
17/11/19 06:50:53.041 [pid:177] - error: uncaughtException: spawn EACCES 
{ date: 'Sun Nov 19 2017 06:50:53 GMT+0000 (UTC)',
  process: 
   { pid: 177,
     uid: 0,
     gid: 0,
     cwd: '/workspace/Assignment',
     execPath: '/usr/bin/nodejs',
     version: 'v6.11.0',
     argv: [ '/usr/bin/nodejs', '/workspace/Assignment/server/server2.js' ],
     memoryUsage: 
      { rss: 89350144,
        heapTotal: 70062080,
        heapUsed: 37140664,
        external: 18050614 } },
  os: 
   { loadavg: [ 0.41259765625, 0.33740234375, 0.2763671875 ],
     uptime: 368466 },
  trace: 
   [ { column: 11,
       file: 'util.js',
       function: 'exports._errnoException',
       line: 1018,
       method: '_errnoException',
       native: false },
     { column: 11,
       file: 'internal/child_process.js',
       function: 'ChildProcess.spawn',
       line: 319,
       method: 'spawn',
       native: false },
     { column: 9,
       file: 'child_process.js',
       function: 'exports.spawn',
       line: 378,
       method: 'spawn',
       native: false },
     { column: 14,
       file: '/workspace/Assignment/server/controllers/fileManager.js',
       function: 'Timeout._onTimeout',
       line: 581,
       method: '_onTimeout',
       native: false },
     { column: 14,
       file: 'timers.js',
       function: 'ontimeout',
       line: 386,
       method: null,
       native: false },
     { column: 5,
       file: 'timers.js',
       function: 'tryOnTimeout',
       line: 250,
       method: null,
       native: false },
     { column: 5,
       file: 'timers.js',
       function: 'Timer.listOnTimeout',
       line: 214,
       method: 'listOnTimeout',
       native: false } ],
  stack: 
   [ 'Error: spawn EACCES',
     '    at exports._errnoException (util.js:1018:11)',
     '    at ChildProcess.spawn (internal/child_process.js:319:11)',
     '    at exports.spawn (child_process.js:378:9)',
     '    at Timeout._onTimeout (/workspace/Assignment/server/controllers/fileManager.js:581:14)',
     '    at ontimeout (timers.js:386:14)',
     '    at tryOnTimeout (timers.js:250:5)',
     '    at Timer.listOnTimeout (timers.js:214:5)' ] }
17/11/19 14:00:44.852 [pid:174] - error: uncaughtException: callback is not a function 
{ date: 'Sun Nov 19 2017 14:00:44 GMT+0000 (UTC)',
  process: 
   { pid: 174,
     uid: 0,
     gid: 0,
     cwd: '/workspace/Assignment',
     execPath: '/usr/bin/nodejs',
     version: 'v6.11.0',
     argv: [ '/usr/bin/nodejs', '/workspace/Assignment/server/server2.js' ],
     memoryUsage: 
      { rss: 71843840,
        heapTotal: 65867776,
        heapUsed: 36817808,
        external: 19418413 } },
  os: 
   { loadavg: [ 0.88916015625, 1.0927734375, 0.9521484375 ],
     uptime: 394151 },
  trace: 
   [ { column: 7,
       file: '/workspace/Assignment/server/controllers/fileManager.js',
       function: 'Timeout._onTimeout',
       line: 399,
       method: '_onTimeout',
       native: false },
     { column: 14,
       file: 'timers.js',
       function: 'ontimeout',
       line: 386,
       method: null,
       native: false },
     { column: 5,
       file: 'timers.js',
       function: 'tryOnTimeout',
       line: 250,
       method: null,
       native: false },
     { column: 5,
       file: 'timers.js',
       function: 'Timer.listOnTimeout',
       line: 214,
       method: 'listOnTimeout',
       native: false } ],
  stack: 
   [ 'TypeError: callback is not a function',
     '    at Timeout._onTimeout (/workspace/Assignment/server/controllers/fileManager.js:399:7)',
     '    at ontimeout (timers.js:386:14)',
     '    at tryOnTimeout (timers.js:250:5)',
     '    at Timer.listOnTimeout (timers.js:214:5)' ] }
17/11/19 14:01:31.834 [pid:187] - error: uncaughtException: compileErr is not defined 
{ date: 'Sun Nov 19 2017 14:01:31 GMT+0000 (UTC)',
  process: 
   { pid: 187,
     uid: 0,
     gid: 0,
     cwd: '/workspace/Assignment',
     execPath: '/usr/bin/nodejs',
     version: 'v6.11.0',
     argv: [ '/usr/bin/nodejs', '/workspace/Assignment/server/server2.js' ],
     memoryUsage: 
      { rss: 72536064,
        heapTotal: 65867776,
        heapUsed: 36840584,
        external: 19418401 } },
  os: 
   { loadavg: [ 0.67578125, 1.0009765625, 0.9267578125 ],
     uptime: 394198 },
  trace: 
   [ { column: 19,
       file: '/workspace/Assignment/server/controllers/fileManager.js',
       function: 'Timeout._onTimeout',
       line: 398,
       method: '_onTimeout',
       native: false },
     { column: 14,
       file: 'timers.js',
       function: 'ontimeout',
       line: 386,
       method: null,
       native: false },
     { column: 5,
       file: 'timers.js',
       function: 'tryOnTimeout',
       line: 250,
       method: null,
       native: false },
     { column: 5,
       file: 'timers.js',
       function: 'Timer.listOnTimeout',
       line: 214,
       method: 'listOnTimeout',
       native: false } ],
  stack: 
   [ 'ReferenceError: compileErr is not defined',
     '    at Timeout._onTimeout (/workspace/Assignment/server/controllers/fileManager.js:398:19)',
     '    at ontimeout (timers.js:386:14)',
     '    at tryOnTimeout (timers.js:250:5)',
     '    at Timer.listOnTimeout (timers.js:214:5)' ] }
17/11/19 15:19:11.546 [pid:602] - error: uncaughtException: spawn EACCES 
{ date: 'Sun Nov 19 2017 15:19:11 GMT+0000 (UTC)',
  process: 
   { pid: 602,
     uid: 0,
     gid: 0,
     cwd: '/workspace/Assignment',
     execPath: '/usr/bin/nodejs',
     version: 'v6.11.0',
     argv: [ '/usr/bin/nodejs', '/workspace/Assignment/server/server2.js' ],
     memoryUsage: 
      { rss: 66060288,
        heapTotal: 38604800,
        heapUsed: 30375592,
        external: 17898792 } },
  os: 
   { loadavg: [ 0.50341796875, 0.51953125, 0.42822265625 ],
     uptime: 398858 },
  trace: 
   [ { column: 11,
       file: 'util.js',
       function: 'exports._errnoException',
       line: 1018,
       method: '_errnoException',
       native: false },
     { column: 11,
       file: 'internal/child_process.js',
       function: 'ChildProcess.spawn',
       line: 319,
       method: 'spawn',
       native: false },
     { column: 9,
       file: 'child_process.js',
       function: 'exports.spawn',
       line: 378,
       method: 'spawn',
       native: false },
     { column: 14,
       file: '/workspace/Assignment/server/controllers/fileManager.js',
       function: 'Timeout._onTimeout',
       line: 671,
       method: '_onTimeout',
       native: false },
     { column: 14,
       file: 'timers.js',
       function: 'ontimeout',
       line: 386,
       method: null,
       native: false },
     { column: 5,
       file: 'timers.js',
       function: 'tryOnTimeout',
       line: 250,
       method: null,
       native: false },
     { column: 5,
       file: 'timers.js',
       function: 'Timer.listOnTimeout',
       line: 214,
       method: 'listOnTimeout',
       native: false } ],
  stack: 
   [ 'Error: spawn EACCES',
     '    at exports._errnoException (util.js:1018:11)',
     '    at ChildProcess.spawn (internal/child_process.js:319:11)',
     '    at exports.spawn (child_process.js:378:9)',
     '    at Timeout._onTimeout (/workspace/Assignment/server/controllers/fileManager.js:671:14)',
     '    at ontimeout (timers.js:386:14)',
     '    at tryOnTimeout (timers.js:250:5)',
     '    at Timer.listOnTimeout (timers.js:214:5)' ] }
17/11/19 15:59:18.430 [pid:698] - error: uncaughtException: exec is not defined 
{ date: 'Sun Nov 19 2017 15:59:18 GMT+0000 (UTC)',
  process: 
   { pid: 698,
     uid: 0,
     gid: 0,
     cwd: '/workspace/Assignment',
     execPath: '/usr/bin/nodejs',
     version: 'v6.11.0',
     argv: [ '/usr/bin/nodejs', '/workspace/Assignment/server/server2.js' ],
     memoryUsage: 
      { rss: 88526848,
        heapTotal: 70062080,
        heapUsed: 36792096,
        external: 17938589 } },
  os: 
   { loadavg: [ 0.263671875, 0.265625, 0.3173828125 ],
     uptime: 401265 },
  trace: 
   [ { column: 9,
       file: '/workspace/Assignment/server/controllers/fileManager.js',
       function: null,
       line: 463,
       method: null,
       native: false },
     { column: 20,
       file: 'events.js',
       function: 'emitOne',
       line: 101,
       method: null,
       native: false },
     { column: 7,
       file: 'events.js',
       function: 'Socket.emit',
       line: 188,
       method: 'emit',
       native: false },
     { column: 18,
       file: '_stream_readable.js',
       function: 'readableAddChunk',
       line: 176,
       method: null,
       native: false },
     { column: 10,
       file: '_stream_readable.js',
       function: 'Socket.Readable.push',
       line: 134,
       method: 'push',
       native: false },
     { column: 20,
       file: 'net.js',
       function: 'Pipe.onread',
       line: 547,
       method: 'onread',
       native: false } ],
  stack: 
   [ 'ReferenceError: exec is not defined',
     '    at Socket.<anonymous> (/workspace/Assignment/server/controllers/fileManager.js:463:9)',
     '    at emitOne (events.js:101:20)',
     '    at Socket.emit (events.js:188:7)',
     '    at readableAddChunk (_stream_readable.js:176:18)',
     '    at Socket.Readable.push (_stream_readable.js:134:10)',
     '    at Pipe.onread (net.js:547:20)' ] }
