17/11/14 05:13:04.903 [pid:462] - error: uncaughtException: Unexpected token ) 
{ date: 'Tue Nov 14 2017 05:13:04 GMT+0000 (UTC)',
  process: 
   { pid: 462,
     uid: 0,
     gid: 0,
     cwd: '/workspace/Assignment',
     execPath: '/usr/bin/nodejs',
     version: 'v6.11.0',
     argv: [ '/usr/bin/nodejs', '/workspace/Assignment/server/server2.js' ],
     memoryUsage: 
      { rss: 65331200,
        heapTotal: 62951424,
        heapUsed: 27006672,
        external: 17934073 } },
  os: 
   { loadavg: [ 1.39501953125, 1.33935546875, 1.9130859375 ],
     uptime: 581704 },
  trace: 
   [ { column: 10,
       file: 'vm.js',
       function: 'createScript',
       line: 56,
       method: null,
       native: false },
     { column: 10,
       file: 'vm.js',
       function: 'Object.runInThisContext',
       line: 97,
       method: 'runInThisContext',
       native: false },
     { column: 28,
       file: 'module.js',
       function: 'Module._compile',
       line: 542,
       method: '_compile',
       native: false },
     { column: 10,
       file: 'module.js',
       function: 'Module._extensions..js',
       line: 579,
       method: '.js',
       native: false },
     { column: 32,
       file: 'module.js',
       function: 'Module.load',
       line: 487,
       method: 'load',
       native: false },
     { column: 12,
       file: 'module.js',
       function: 'tryModuleLoad',
       line: 446,
       method: null,
       native: false },
     { column: 3,
       file: 'module.js',
       function: 'Module._load',
       line: 438,
       method: '_load',
       native: false },
     { column: 17,
       file: 'module.js',
       function: 'Module.require',
       line: 497,
       method: 'require',
       native: false },
     { column: 19,
       file: 'internal/module.js',
       function: 'require',
       line: 20,
       method: null,
       native: false },
     { column: 26,
       file: '/workspace/Assignment/server/server2.js',
       function: null,
       line: 190,
       method: null,
       native: false },
     { column: null,
       file: null,
       function: 'Array.forEach',
       line: null,
       method: 'forEach',
       native: true },
     { column: 12,
       file: '/workspace/Assignment/server/server2.js',
       function: null,
       line: 188,
       method: null,
       native: false },
     { column: 32,
       file: 'module.js',
       function: 'Module._compile',
       line: 570,
       method: '_compile',
       native: false },
     { column: 10,
       file: 'module.js',
       function: 'Module._extensions..js',
       line: 579,
       method: '.js',
       native: false },
     { column: 32,
       file: 'module.js',
       function: 'Module.load',
       line: 487,
       method: 'load',
       native: false },
     { column: 12,
       file: 'module.js',
       function: 'tryModuleLoad',
       line: 446,
       method: null,
       native: false } ],
  stack: 
   [ '/workspace/Assignment/server/controllers/fileManager.js:315',
     '        );',
     '        ^',
     'SyntaxError: Unexpected token )',
     '    at createScript (vm.js:56:10)',
     '    at Object.runInThisContext (vm.js:97:10)',
     '    at Module._compile (module.js:542:28)',
     '    at Object.Module._extensions..js (module.js:579:10)',
     '    at Module.load (module.js:487:32)',
     '    at tryModuleLoad (module.js:446:12)',
     '    at Function.Module._load (module.js:438:3)',
     '    at Module.require (module.js:497:17)',
     '    at require (internal/module.js:20:19)',
     '    at /workspace/Assignment/server/server2.js:190:26',
     '    at Array.forEach (native)',
     '    at Object.<anonymous> (/workspace/Assignment/server/server2.js:188:12)',
     '    at Module._compile (module.js:570:32)',
     '    at Object.Module._extensions..js (module.js:579:10)',
     '    at Module.load (module.js:487:32)',
     '    at tryModuleLoad (module.js:446:12)' ] }
17/11/14 08:04:32.968 [pid:170] - error: uncaughtException: navigator is not defined 
{ date: 'Tue Nov 14 2017 08:04:32 GMT+0000 (UTC)',
  process: 
   { pid: 170,
     uid: 0,
     gid: 0,
     cwd: '/workspace/Assignment',
     execPath: '/usr/bin/nodejs',
     version: 'v6.11.0',
     argv: [ '/usr/bin/nodejs', '/workspace/Assignment/server/server2.js' ],
     memoryUsage: 
      { rss: 71344128,
        heapTotal: 62951424,
        heapUsed: 32397528,
        external: 19078202 } },
  os: 
   { loadavg: [ 0.240234375, 0.19384765625, 0.11962890625 ],
     uptime: 440178 },
  trace: 
   [ { column: 33,
       file: '/workspace/Assignment/server/node_modules/codemirror/lib/codemirror.js',
       function: null,
       line: 25,
       method: null,
       native: false },
     { column: 22,
       file: '/workspace/Assignment/server/node_modules/codemirror/lib/codemirror.js',
       function: null,
       line: 12,
       method: null,
       native: false },
     { column: 3,
       file: '/workspace/Assignment/server/node_modules/codemirror/lib/codemirror.js',
       function: null,
       line: 17,
       method: null,
       native: false },
     { column: 32,
       file: 'module.js',
       function: 'Module._compile',
       line: 570,
       method: '_compile',
       native: false },
     { column: 10,
       file: 'module.js',
       function: 'Module._extensions..js',
       line: 579,
       method: '.js',
       native: false },
     { column: 32,
       file: 'module.js',
       function: 'Module.load',
       line: 487,
       method: 'load',
       native: false },
     { column: 12,
       file: 'module.js',
       function: 'tryModuleLoad',
       line: 446,
       method: null,
       native: false },
     { column: 3,
       file: 'module.js',
       function: 'Module._load',
       line: 438,
       method: '_load',
       native: false },
     { column: 17,
       file: 'module.js',
       function: 'Module.require',
       line: 497,
       method: 'require',
       native: false },
     { column: 19,
       file: 'internal/module.js',
       function: 'require',
       line: 20,
       method: null,
       native: false },
     { column: 18,
       file: '/workspace/Assignment/server/controllers/fileManager.js',
       function: null,
       line: 11,
       method: null,
       native: false },
     { column: 32,
       file: 'module.js',
       function: 'Module._compile',
       line: 570,
       method: '_compile',
       native: false },
     { column: 10,
       file: 'module.js',
       function: 'Module._extensions..js',
       line: 579,
       method: '.js',
       native: false },
     { column: 32,
       file: 'module.js',
       function: 'Module.load',
       line: 487,
       method: 'load',
       native: false },
     { column: 12,
       file: 'module.js',
       function: 'tryModuleLoad',
       line: 446,
       method: null,
       native: false },
     { column: 3,
       file: 'module.js',
       function: 'Module._load',
       line: 438,
       method: '_load',
       native: false } ],
  stack: 
   [ 'ReferenceError: navigator is not defined',
     '    at /workspace/Assignment/server/node_modules/codemirror/lib/codemirror.js:25:33',
     '    at /workspace/Assignment/server/node_modules/codemirror/lib/codemirror.js:12:22',
     '    at Object.<anonymous> (/workspace/Assignment/server/node_modules/codemirror/lib/codemirror.js:17:3)',
     '    at Module._compile (module.js:570:32)',
     '    at Object.Module._extensions..js (module.js:579:10)',
     '    at Module.load (module.js:487:32)',
     '    at tryModuleLoad (module.js:446:12)',
     '    at Function.Module._load (module.js:438:3)',
     '    at Module.require (module.js:497:17)',
     '    at require (internal/module.js:20:19)',
     '    at Object.<anonymous> (/workspace/Assignment/server/controllers/fileManager.js:11:18)',
     '    at Module._compile (module.js:570:32)',
     '    at Object.Module._extensions..js (module.js:579:10)',
     '    at Module.load (module.js:487:32)',
     '    at tryModuleLoad (module.js:446:12)',
     '    at Function.Module._load (module.js:438:3)' ] }
17/11/14 09:05:42.801 [pid:381] - error: uncaughtException: /usr/bin/python: can't find '__main__' module in ''
 
{ date: 'Tue Nov 14 2017 09:05:42 GMT+0000 (UTC)',
  process: 
   { pid: 381,
     uid: 0,
     gid: 0,
     cwd: '/workspace/Assignment',
     execPath: '/usr/bin/nodejs',
     version: 'v6.11.0',
     argv: [ '/usr/bin/nodejs', '/workspace/Assignment/server/server2.js' ],
     memoryUsage: 
      { rss: 87093248,
        heapTotal: 67964928,
        heapUsed: 46981528,
        external: 19620113 } },
  os: 
   { loadavg: [ 0.17919921875, 0.1904296875, 0.1279296875 ],
     uptime: 443848 },
  trace: 
   [ { column: 17,
       file: '/workspace/Assignment/server/node_modules/python-shell/index.js',
       function: 'PythonShell.parseError',
       line: 190,
       method: 'parseError',
       native: false },
     { column: 28,
       file: '/workspace/Assignment/server/node_modules/python-shell/index.js',
       function: 'terminateIfNeeded',
       line: 98,
       method: null,
       native: false },
     { column: 9,
       file: '/workspace/Assignment/server/node_modules/python-shell/index.js',
       function: null,
       line: 88,
       method: null,
       native: false },
     { column: 13,
       file: 'events.js',
       function: 'emitTwo',
       line: 106,
       method: null,
       native: false },
     { column: 7,
       file: 'events.js',
       function: 'ChildProcess.emit',
       line: 191,
       method: 'emit',
       native: false },
     { column: 12,
       file: 'internal/child_process.js',
       function: 'Process.ChildProcess._handle.onexit',
       line: 215,
       method: 'onexit',
       native: false } ],
  stack: 
   [ 'Error: /usr/bin/python: can\'t find \'__main__\' module in \'\'',
     '',
     '    at PythonShell.parseError (/workspace/Assignment/server/node_modules/python-shell/index.js:190:17)',
     '    at terminateIfNeeded (/workspace/Assignment/server/node_modules/python-shell/index.js:98:28)',
     '    at ChildProcess.<anonymous> (/workspace/Assignment/server/node_modules/python-shell/index.js:88:9)',
     '    at emitTwo (events.js:106:13)',
     '    at ChildProcess.emit (events.js:191:7)',
     '    at Process.ChildProcess._handle.onexit (internal/child_process.js:215:12)' ] }
17/11/14 09:17:36.441 [pid:609] - error: uncaughtException: /usr/bin/python: can't find '__main__' module in ''
 
{ date: 'Tue Nov 14 2017 09:17:36 GMT+0000 (UTC)',
  process: 
   { pid: 609,
     uid: 0,
     gid: 0,
     cwd: '/workspace/Assignment',
     execPath: '/usr/bin/nodejs',
     version: 'v6.11.0',
     argv: [ '/usr/bin/nodejs', '/workspace/Assignment/server/server2.js' ],
     memoryUsage: 
      { rss: 85401600,
        heapTotal: 67964928,
        heapUsed: 43293992,
        external: 19552294 } },
  os: 
   { loadavg: [ 0.18798828125, 0.1767578125, 0.12451171875 ],
     uptime: 444562 },
  trace: 
   [ { column: 17,
       file: '/workspace/Assignment/server/node_modules/python-shell/index.js',
       function: 'PythonShell.parseError',
       line: 190,
       method: 'parseError',
       native: false },
     { column: 28,
       file: '/workspace/Assignment/server/node_modules/python-shell/index.js',
       function: 'terminateIfNeeded',
       line: 98,
       method: null,
       native: false },
     { column: 9,
       file: '/workspace/Assignment/server/node_modules/python-shell/index.js',
       function: null,
       line: 88,
       method: null,
       native: false },
     { column: 13,
       file: 'events.js',
       function: 'emitTwo',
       line: 106,
       method: null,
       native: false },
     { column: 7,
       file: 'events.js',
       function: 'ChildProcess.emit',
       line: 191,
       method: 'emit',
       native: false },
     { column: 12,
       file: 'internal/child_process.js',
       function: 'Process.ChildProcess._handle.onexit',
       line: 215,
       method: 'onexit',
       native: false } ],
  stack: 
   [ 'Error: /usr/bin/python: can\'t find \'__main__\' module in \'\'',
     '',
     '    at PythonShell.parseError (/workspace/Assignment/server/node_modules/python-shell/index.js:190:17)',
     '    at terminateIfNeeded (/workspace/Assignment/server/node_modules/python-shell/index.js:98:28)',
     '    at ChildProcess.<anonymous> (/workspace/Assignment/server/node_modules/python-shell/index.js:88:9)',
     '    at emitTwo (events.js:106:13)',
     '    at ChildProcess.emit (events.js:191:7)',
     '    at Process.ChildProcess._handle.onexit (internal/child_process.js:215:12)' ] }
17/11/14 09:18:26.145 [pid:625] - error: uncaughtException: python: can't open file 'text.py': [Errno 2] No such file or directory
 
{ date: 'Tue Nov 14 2017 09:18:26 GMT+0000 (UTC)',
  process: 
   { pid: 625,
     uid: 0,
     gid: 0,
     cwd: '/workspace/Assignment',
     execPath: '/usr/bin/nodejs',
     version: 'v6.11.0',
     argv: [ '/usr/bin/nodejs', '/workspace/Assignment/server/server2.js' ],
     memoryUsage: 
      { rss: 83476480,
        heapTotal: 67964928,
        heapUsed: 43113632,
        external: 19543750 } },
  os: 
   { loadavg: [ 0.080078125, 0.14697265625, 0.11474609375 ],
     uptime: 444611 },
  trace: 
   [ { column: 17,
       file: '/workspace/Assignment/server/node_modules/python-shell/index.js',
       function: 'PythonShell.parseError',
       line: 190,
       method: 'parseError',
       native: false },
     { column: 28,
       file: '/workspace/Assignment/server/node_modules/python-shell/index.js',
       function: 'terminateIfNeeded',
       line: 98,
       method: null,
       native: false },
     { column: 9,
       file: '/workspace/Assignment/server/node_modules/python-shell/index.js',
       function: null,
       line: 88,
       method: null,
       native: false },
     { column: 13,
       file: 'events.js',
       function: 'emitTwo',
       line: 106,
       method: null,
       native: false },
     { column: 7,
       file: 'events.js',
       function: 'ChildProcess.emit',
       line: 191,
       method: 'emit',
       native: false },
     { column: 12,
       file: 'internal/child_process.js',
       function: 'Process.ChildProcess._handle.onexit',
       line: 215,
       method: 'onexit',
       native: false } ],
  stack: 
   [ 'Error: python: can\'t open file \'text.py\': [Errno 2] No such file or directory',
     '',
     '    at PythonShell.parseError (/workspace/Assignment/server/node_modules/python-shell/index.js:190:17)',
     '    at terminateIfNeeded (/workspace/Assignment/server/node_modules/python-shell/index.js:98:28)',
     '    at ChildProcess.<anonymous> (/workspace/Assignment/server/node_modules/python-shell/index.js:88:9)',
     '    at emitTwo (events.js:106:13)',
     '    at ChildProcess.emit (events.js:191:7)',
     '    at Process.ChildProcess._handle.onexit (internal/child_process.js:215:12)' ] }
17/11/14 09:20:14.146 [pid:645] - error: uncaughtException: python: can't open file 'workspace/Assignment/text.py': [Errno 2] No such file or directory
 
{ date: 'Tue Nov 14 2017 09:20:14 GMT+0000 (UTC)',
  process: 
   { pid: 645,
     uid: 0,
     gid: 0,
     cwd: '/workspace/Assignment',
     execPath: '/usr/bin/nodejs',
     version: 'v6.11.0',
     argv: [ '/usr/bin/nodejs', '/workspace/Assignment/server/server2.js' ],
     memoryUsage: 
      { rss: 83030016,
        heapTotal: 67964928,
        heapUsed: 44074344,
        external: 19551753 } },
  os: 
   { loadavg: [ 0.0908203125, 0.1396484375, 0.11181640625 ],
     uptime: 444719 },
  trace: 
   [ { column: 17,
       file: '/workspace/Assignment/server/node_modules/python-shell/index.js',
       function: 'PythonShell.parseError',
       line: 190,
       method: 'parseError',
       native: false },
     { column: 28,
       file: '/workspace/Assignment/server/node_modules/python-shell/index.js',
       function: 'terminateIfNeeded',
       line: 98,
       method: null,
       native: false },
     { column: 9,
       file: '/workspace/Assignment/server/node_modules/python-shell/index.js',
       function: null,
       line: 88,
       method: null,
       native: false },
     { column: 13,
       file: 'events.js',
       function: 'emitTwo',
       line: 106,
       method: null,
       native: false },
     { column: 7,
       file: 'events.js',
       function: 'ChildProcess.emit',
       line: 191,
       method: 'emit',
       native: false },
     { column: 12,
       file: 'internal/child_process.js',
       function: 'Process.ChildProcess._handle.onexit',
       line: 215,
       method: 'onexit',
       native: false } ],
  stack: 
   [ 'Error: python: can\'t open file \'workspace/Assignment/text.py\': [Errno 2] No such file or directory',
     '',
     '    at PythonShell.parseError (/workspace/Assignment/server/node_modules/python-shell/index.js:190:17)',
     '    at terminateIfNeeded (/workspace/Assignment/server/node_modules/python-shell/index.js:98:28)',
     '    at ChildProcess.<anonymous> (/workspace/Assignment/server/node_modules/python-shell/index.js:88:9)',
     '    at emitTwo (events.js:106:13)',
     '    at ChildProcess.emit (events.js:191:7)',
     '    at Process.ChildProcess._handle.onexit (internal/child_process.js:215:12)' ] }
17/11/14 09:24:43.357 [pid:662] - error: uncaughtException: python: can't open file '/workspace/Assignment/text.py': [Errno 2] No such file or directory
 
{ date: 'Tue Nov 14 2017 09:24:43 GMT+0000 (UTC)',
  process: 
   { pid: 662,
     uid: 0,
     gid: 0,
     cwd: '/workspace/Assignment',
     execPath: '/usr/bin/nodejs',
     version: 'v6.11.0',
     argv: [ '/usr/bin/nodejs', '/workspace/Assignment/server/server2.js' ],
     memoryUsage: 
      { rss: 83013632,
        heapTotal: 67964928,
        heapUsed: 43304696,
        external: 19517944 } },
  os: 
   { loadavg: [ 0.09814453125, 0.095703125, 0.09033203125 ],
     uptime: 444989 },
  trace: 
   [ { column: 17,
       file: '/workspace/Assignment/server/node_modules/python-shell/index.js',
       function: 'PythonShell.parseError',
       line: 190,
       method: 'parseError',
       native: false },
     { column: 28,
       file: '/workspace/Assignment/server/node_modules/python-shell/index.js',
       function: 'terminateIfNeeded',
       line: 98,
       method: null,
       native: false },
     { column: 9,
       file: '/workspace/Assignment/server/node_modules/python-shell/index.js',
       function: null,
       line: 88,
       method: null,
       native: false },
     { column: 13,
       file: 'events.js',
       function: 'emitTwo',
       line: 106,
       method: null,
       native: false },
     { column: 7,
       file: 'events.js',
       function: 'ChildProcess.emit',
       line: 191,
       method: 'emit',
       native: false },
     { column: 12,
       file: 'internal/child_process.js',
       function: 'Process.ChildProcess._handle.onexit',
       line: 215,
       method: 'onexit',
       native: false } ],
  stack: 
   [ 'Error: python: can\'t open file \'/workspace/Assignment/text.py\': [Errno 2] No such file or directory',
     '',
     '    at PythonShell.parseError (/workspace/Assignment/server/node_modules/python-shell/index.js:190:17)',
     '    at terminateIfNeeded (/workspace/Assignment/server/node_modules/python-shell/index.js:98:28)',
     '    at ChildProcess.<anonymous> (/workspace/Assignment/server/node_modules/python-shell/index.js:88:9)',
     '    at emitTwo (events.js:106:13)',
     '    at ChildProcess.emit (events.js:191:7)',
     '    at Process.ChildProcess._handle.onexit (internal/child_process.js:215:12)' ] }
17/11/14 09:25:49.262 [pid:679] - error: uncaughtException: python: can't open file 'http:/jobinterview.run.goorm.io/workspace/Assignment/text.py': [Errno 2] No such file or directory
 
{ date: 'Tue Nov 14 2017 09:25:49 GMT+0000 (UTC)',
  process: 
   { pid: 679,
     uid: 0,
     gid: 0,
     cwd: '/workspace/Assignment',
     execPath: '/usr/bin/nodejs',
     version: 'v6.11.0',
     argv: [ '/usr/bin/nodejs', '/workspace/Assignment/server/server2.js' ],
     memoryUsage: 
      { rss: 81801216,
        heapTotal: 67964928,
        heapUsed: 43270328,
        external: 19609393 } },
  os: 
   { loadavg: [ 0.03076171875, 0.07470703125, 0.083984375 ],
     uptime: 445054 },
  trace: 
   [ { column: 17,
       file: '/workspace/Assignment/server/node_modules/python-shell/index.js',
       function: 'PythonShell.parseError',
       line: 190,
       method: 'parseError',
       native: false },
     { column: 28,
       file: '/workspace/Assignment/server/node_modules/python-shell/index.js',
       function: 'terminateIfNeeded',
       line: 98,
       method: null,
       native: false },
     { column: 9,
       file: '/workspace/Assignment/server/node_modules/python-shell/index.js',
       function: null,
       line: 88,
       method: null,
       native: false },
     { column: 13,
       file: 'events.js',
       function: 'emitTwo',
       line: 106,
       method: null,
       native: false },
     { column: 7,
       file: 'events.js',
       function: 'ChildProcess.emit',
       line: 191,
       method: 'emit',
       native: false },
     { column: 12,
       file: 'internal/child_process.js',
       function: 'Process.ChildProcess._handle.onexit',
       line: 215,
       method: 'onexit',
       native: false } ],
  stack: 
   [ 'Error: python: can\'t open file \'http:/jobinterview.run.goorm.io/workspace/Assignment/text.py\': [Errno 2] No such file or directory',
     '',
     '    at PythonShell.parseError (/workspace/Assignment/server/node_modules/python-shell/index.js:190:17)',
     '    at terminateIfNeeded (/workspace/Assignment/server/node_modules/python-shell/index.js:98:28)',
     '    at ChildProcess.<anonymous> (/workspace/Assignment/server/node_modules/python-shell/index.js:88:9)',
     '    at emitTwo (events.js:106:13)',
     '    at ChildProcess.emit (events.js:191:7)',
     '    at Process.ChildProcess._handle.onexit (internal/child_process.js:215:12)' ] }
17/11/14 09:28:54.239 [pid:696] - error: uncaughtException: python: can't open file '../../../workspace/Assignment/text.py': [Errno 2] No such file or directory
 
{ date: 'Tue Nov 14 2017 09:28:54 GMT+0000 (UTC)',
  process: 
   { pid: 696,
     uid: 0,
     gid: 0,
     cwd: '/workspace/Assignment',
     execPath: '/usr/bin/nodejs',
     version: 'v6.11.0',
     argv: [ '/usr/bin/nodejs', '/workspace/Assignment/server/server2.js' ],
     memoryUsage: 
      { rss: 80179200,
        heapTotal: 67964928,
        heapUsed: 43233728,
        external: 19543943 } },
  os: 
   { loadavg: [ 0.0908203125, 0.09521484375, 0.08935546875 ],
     uptime: 445239 },
  trace: 
   [ { column: 17,
       file: '/workspace/Assignment/server/node_modules/python-shell/index.js',
       function: 'PythonShell.parseError',
       line: 190,
       method: 'parseError',
       native: false },
     { column: 28,
       file: '/workspace/Assignment/server/node_modules/python-shell/index.js',
       function: 'terminateIfNeeded',
       line: 98,
       method: null,
       native: false },
     { column: 9,
       file: '/workspace/Assignment/server/node_modules/python-shell/index.js',
       function: null,
       line: 88,
       method: null,
       native: false },
     { column: 13,
       file: 'events.js',
       function: 'emitTwo',
       line: 106,
       method: null,
       native: false },
     { column: 7,
       file: 'events.js',
       function: 'ChildProcess.emit',
       line: 191,
       method: 'emit',
       native: false },
     { column: 12,
       file: 'internal/child_process.js',
       function: 'Process.ChildProcess._handle.onexit',
       line: 215,
       method: 'onexit',
       native: false } ],
  stack: 
   [ 'Error: python: can\'t open file \'../../../workspace/Assignment/text.py\': [Errno 2] No such file or directory',
     '',
     '    at PythonShell.parseError (/workspace/Assignment/server/node_modules/python-shell/index.js:190:17)',
     '    at terminateIfNeeded (/workspace/Assignment/server/node_modules/python-shell/index.js:98:28)',
     '    at ChildProcess.<anonymous> (/workspace/Assignment/server/node_modules/python-shell/index.js:88:9)',
     '    at emitTwo (events.js:106:13)',
     '    at ChildProcess.emit (events.js:191:7)',
     '    at Process.ChildProcess._handle.onexit (internal/child_process.js:215:12)' ] }
17/11/14 09:29:25.241 [pid:713] - error: uncaughtException: python: can't open file 'text.py': [Errno 2] No such file or directory
 
{ date: 'Tue Nov 14 2017 09:29:25 GMT+0000 (UTC)',
  process: 
   { pid: 713,
     uid: 0,
     gid: 0,
     cwd: '/workspace/Assignment',
     execPath: '/usr/bin/nodejs',
     version: 'v6.11.0',
     argv: [ '/usr/bin/nodejs', '/workspace/Assignment/server/server2.js' ],
     memoryUsage: 
      { rss: 82276352,
        heapTotal: 67964928,
        heapUsed: 43196952,
        external: 19509204 } },
  os: 
   { loadavg: [ 0.134765625, 0.1015625, 0.09228515625 ],
     uptime: 445270 },
  trace: 
   [ { column: 17,
       file: '/workspace/Assignment/server/node_modules/python-shell/index.js',
       function: 'PythonShell.parseError',
       line: 190,
       method: 'parseError',
       native: false },
     { column: 28,
       file: '/workspace/Assignment/server/node_modules/python-shell/index.js',
       function: 'terminateIfNeeded',
       line: 98,
       method: null,
       native: false },
     { column: 9,
       file: '/workspace/Assignment/server/node_modules/python-shell/index.js',
       function: null,
       line: 88,
       method: null,
       native: false },
     { column: 13,
       file: 'events.js',
       function: 'emitTwo',
       line: 106,
       method: null,
       native: false },
     { column: 7,
       file: 'events.js',
       function: 'ChildProcess.emit',
       line: 191,
       method: 'emit',
       native: false },
     { column: 12,
       file: 'internal/child_process.js',
       function: 'Process.ChildProcess._handle.onexit',
       line: 215,
       method: 'onexit',
       native: false } ],
  stack: 
   [ 'Error: python: can\'t open file \'text.py\': [Errno 2] No such file or directory',
     '',
     '    at PythonShell.parseError (/workspace/Assignment/server/node_modules/python-shell/index.js:190:17)',
     '    at terminateIfNeeded (/workspace/Assignment/server/node_modules/python-shell/index.js:98:28)',
     '    at ChildProcess.<anonymous> (/workspace/Assignment/server/node_modules/python-shell/index.js:88:9)',
     '    at emitTwo (events.js:106:13)',
     '    at ChildProcess.emit (events.js:191:7)',
     '    at Process.ChildProcess._handle.onexit (internal/child_process.js:215:12)' ] }
17/11/14 09:33:07.757 [pid:764] - error: uncaughtException: python: can't open file 'workspace/Assignment/text.py': [Errno 2] No such file or directory
 
{ date: 'Tue Nov 14 2017 09:33:07 GMT+0000 (UTC)',
  process: 
   { pid: 764,
     uid: 0,
     gid: 0,
     cwd: '/workspace/Assignment',
     execPath: '/usr/bin/nodejs',
     version: 'v6.11.0',
     argv: [ '/usr/bin/nodejs', '/workspace/Assignment/server/server2.js' ],
     memoryUsage: 
      { rss: 86667264,
        heapTotal: 67964928,
        heapUsed: 43164792,
        external: 19509247 } },
  os: 
   { loadavg: [ 0.45166015625, 0.17138671875, 0.11376953125 ],
     uptime: 445493 },
  trace: 
   [ { column: 17,
       file: '/workspace/Assignment/server/node_modules/python-shell/index.js',
       function: 'PythonShell.parseError',
       line: 190,
       method: 'parseError',
       native: false },
     { column: 28,
       file: '/workspace/Assignment/server/node_modules/python-shell/index.js',
       function: 'terminateIfNeeded',
       line: 98,
       method: null,
       native: false },
     { column: 9,
       file: '/workspace/Assignment/server/node_modules/python-shell/index.js',
       function: null,
       line: 88,
       method: null,
       native: false },
     { column: 13,
       file: 'events.js',
       function: 'emitTwo',
       line: 106,
       method: null,
       native: false },
     { column: 7,
       file: 'events.js',
       function: 'ChildProcess.emit',
       line: 191,
       method: 'emit',
       native: false },
     { column: 12,
       file: 'internal/child_process.js',
       function: 'Process.ChildProcess._handle.onexit',
       line: 215,
       method: 'onexit',
       native: false } ],
  stack: 
   [ 'Error: python: can\'t open file \'workspace/Assignment/text.py\': [Errno 2] No such file or directory',
     '',
     '    at PythonShell.parseError (/workspace/Assignment/server/node_modules/python-shell/index.js:190:17)',
     '    at terminateIfNeeded (/workspace/Assignment/server/node_modules/python-shell/index.js:98:28)',
     '    at ChildProcess.<anonymous> (/workspace/Assignment/server/node_modules/python-shell/index.js:88:9)',
     '    at emitTwo (events.js:106:13)',
     '    at ChildProcess.emit (events.js:191:7)',
     '    at Process.ChildProcess._handle.onexit (internal/child_process.js:215:12)' ] }
17/11/14 09:34:50.041 [pid:781] - error: uncaughtException: python: can't open file 'root@groom/workspace/Assignment/text.py': [Errno 2] No such file or directory
 
{ date: 'Tue Nov 14 2017 09:34:49 GMT+0000 (UTC)',
  process: 
   { pid: 781,
     uid: 0,
     gid: 0,
     cwd: '/workspace/Assignment',
     execPath: '/usr/bin/nodejs',
     version: 'v6.11.0',
     argv: [ '/usr/bin/nodejs', '/workspace/Assignment/server/server2.js' ],
     memoryUsage: 
      { rss: 85344256,
        heapTotal: 67964928,
        heapUsed: 43196808,
        external: 19543682 } },
  os: 
   { loadavg: [ 0.103515625, 0.13232421875, 0.10009765625 ],
     uptime: 445595 },
  trace: 
   [ { column: 17,
       file: '/workspace/Assignment/server/node_modules/python-shell/index.js',
       function: 'PythonShell.parseError',
       line: 190,
       method: 'parseError',
       native: false },
     { column: 28,
       file: '/workspace/Assignment/server/node_modules/python-shell/index.js',
       function: 'terminateIfNeeded',
       line: 98,
       method: null,
       native: false },
     { column: 9,
       file: '/workspace/Assignment/server/node_modules/python-shell/index.js',
       function: null,
       line: 88,
       method: null,
       native: false },
     { column: 13,
       file: 'events.js',
       function: 'emitTwo',
       line: 106,
       method: null,
       native: false },
     { column: 7,
       file: 'events.js',
       function: 'ChildProcess.emit',
       line: 191,
       method: 'emit',
       native: false },
     { column: 12,
       file: 'internal/child_process.js',
       function: 'Process.ChildProcess._handle.onexit',
       line: 215,
       method: 'onexit',
       native: false } ],
  stack: 
   [ 'Error: python: can\'t open file \'root@groom/workspace/Assignment/text.py\': [Errno 2] No such file or directory',
     '',
     '    at PythonShell.parseError (/workspace/Assignment/server/node_modules/python-shell/index.js:190:17)',
     '    at terminateIfNeeded (/workspace/Assignment/server/node_modules/python-shell/index.js:98:28)',
     '    at ChildProcess.<anonymous> (/workspace/Assignment/server/node_modules/python-shell/index.js:88:9)',
     '    at emitTwo (events.js:106:13)',
     '    at ChildProcess.emit (events.js:191:7)',
     '    at Process.ChildProcess._handle.onexit (internal/child_process.js:215:12)' ] }
17/11/14 09:38:17.948 [pid:801] - error: uncaughtException: python: can't open file '../../workspace/Assignment/text.py': [Errno 2] No such file or directory
 
{ date: 'Tue Nov 14 2017 09:38:17 GMT+0000 (UTC)',
  process: 
   { pid: 801,
     uid: 0,
     gid: 0,
     cwd: '/workspace/Assignment',
     execPath: '/usr/bin/nodejs',
     version: 'v6.11.0',
     argv: [ '/usr/bin/nodejs', '/workspace/Assignment/server/server2.js' ],
     memoryUsage: 
      { rss: 80900096,
        heapTotal: 67964928,
        heapUsed: 43295848,
        external: 19517953 } },
  os: 
   { loadavg: [ 0.03125, 0.08154296875, 0.083984375 ],
     uptime: 445803 },
  trace: 
   [ { column: 17,
       file: '/workspace/Assignment/server/node_modules/python-shell/index.js',
       function: 'PythonShell.parseError',
       line: 190,
       method: 'parseError',
       native: false },
     { column: 28,
       file: '/workspace/Assignment/server/node_modules/python-shell/index.js',
       function: 'terminateIfNeeded',
       line: 98,
       method: null,
       native: false },
     { column: 9,
       file: '/workspace/Assignment/server/node_modules/python-shell/index.js',
       function: null,
       line: 88,
       method: null,
       native: false },
     { column: 13,
       file: 'events.js',
       function: 'emitTwo',
       line: 106,
       method: null,
       native: false },
     { column: 7,
       file: 'events.js',
       function: 'ChildProcess.emit',
       line: 191,
       method: 'emit',
       native: false },
     { column: 12,
       file: 'internal/child_process.js',
       function: 'Process.ChildProcess._handle.onexit',
       line: 215,
       method: 'onexit',
       native: false } ],
  stack: 
   [ 'Error: python: can\'t open file \'../../workspace/Assignment/text.py\': [Errno 2] No such file or directory',
     '',
     '    at PythonShell.parseError (/workspace/Assignment/server/node_modules/python-shell/index.js:190:17)',
     '    at terminateIfNeeded (/workspace/Assignment/server/node_modules/python-shell/index.js:98:28)',
     '    at ChildProcess.<anonymous> (/workspace/Assignment/server/node_modules/python-shell/index.js:88:9)',
     '    at emitTwo (events.js:106:13)',
     '    at ChildProcess.emit (events.js:191:7)',
     '    at Process.ChildProcess._handle.onexit (internal/child_process.js:215:12)' ] }
17/11/14 09:38:44.339 [pid:818] - error: uncaughtException: python: can't open file '../../../workspace/Assignment/text.py': [Errno 2] No such file or directory
 
{ date: 'Tue Nov 14 2017 09:38:44 GMT+0000 (UTC)',
  process: 
   { pid: 818,
     uid: 0,
     gid: 0,
     cwd: '/workspace/Assignment',
     execPath: '/usr/bin/nodejs',
     version: 'v6.11.0',
     argv: [ '/usr/bin/nodejs', '/workspace/Assignment/server/server2.js' ],
     memoryUsage: 
      { rss: 85921792,
        heapTotal: 67964928,
        heapUsed: 43283008,
        external: 19609214 } },
  os: 
   { loadavg: [ 0.10009765625, 0.09130859375, 0.08740234375 ],
     uptime: 445829 },
  trace: 
   [ { column: 17,
       file: '/workspace/Assignment/server/node_modules/python-shell/index.js',
       function: 'PythonShell.parseError',
       line: 190,
       method: 'parseError',
       native: false },
     { column: 28,
       file: '/workspace/Assignment/server/node_modules/python-shell/index.js',
       function: 'terminateIfNeeded',
       line: 98,
       method: null,
       native: false },
     { column: 9,
       file: '/workspace/Assignment/server/node_modules/python-shell/index.js',
       function: null,
       line: 88,
       method: null,
       native: false },
     { column: 13,
       file: 'events.js',
       function: 'emitTwo',
       line: 106,
       method: null,
       native: false },
     { column: 7,
       file: 'events.js',
       function: 'ChildProcess.emit',
       line: 191,
       method: 'emit',
       native: false },
     { column: 12,
       file: 'internal/child_process.js',
       function: 'Process.ChildProcess._handle.onexit',
       line: 215,
       method: 'onexit',
       native: false } ],
  stack: 
   [ 'Error: python: can\'t open file \'../../../workspace/Assignment/text.py\': [Errno 2] No such file or directory',
     '',
     '    at PythonShell.parseError (/workspace/Assignment/server/node_modules/python-shell/index.js:190:17)',
     '    at terminateIfNeeded (/workspace/Assignment/server/node_modules/python-shell/index.js:98:28)',
     '    at ChildProcess.<anonymous> (/workspace/Assignment/server/node_modules/python-shell/index.js:88:9)',
     '    at emitTwo (events.js:106:13)',
     '    at ChildProcess.emit (events.js:191:7)',
     '    at Process.ChildProcess._handle.onexit (internal/child_process.js:215:12)' ] }
17/11/14 10:12:24.156 [pid:917] - error: uncaughtException: python: can't open file 'workspace/Assignment/server/_files/upload/hyunil/layout-master/test.py': [Errno 2] No such file or directory
 
{ date: 'Tue Nov 14 2017 10:12:24 GMT+0000 (UTC)',
  process: 
   { pid: 917,
     uid: 0,
     gid: 0,
     cwd: '/workspace/Assignment',
     execPath: '/usr/bin/nodejs',
     version: 'v6.11.0',
     argv: [ '/usr/bin/nodejs', '/workspace/Assignment/server/server2.js' ],
     memoryUsage: 
      { rss: 62033920,
        heapTotal: 38604800,
        heapUsed: 31070720,
        external: 17958226 } },
  os: 
   { loadavg: [ 0.10595703125, 0.080078125, 0.06787109375 ],
     uptime: 447849 },
  trace: 
   [ { column: 17,
       file: '/workspace/Assignment/server/node_modules/python-shell/index.js',
       function: 'PythonShell.parseError',
       line: 190,
       method: 'parseError',
       native: false },
     { column: 28,
       file: '/workspace/Assignment/server/node_modules/python-shell/index.js',
       function: 'terminateIfNeeded',
       line: 98,
       method: null,
       native: false },
     { column: 9,
       file: '/workspace/Assignment/server/node_modules/python-shell/index.js',
       function: null,
       line: 88,
       method: null,
       native: false },
     { column: 13,
       file: 'events.js',
       function: 'emitTwo',
       line: 106,
       method: null,
       native: false },
     { column: 7,
       file: 'events.js',
       function: 'ChildProcess.emit',
       line: 191,
       method: 'emit',
       native: false },
     { column: 12,
       file: 'internal/child_process.js',
       function: 'Process.ChildProcess._handle.onexit',
       line: 215,
       method: 'onexit',
       native: false } ],
  stack: 
   [ 'Error: python: can\'t open file \'workspace/Assignment/server/_files/upload/hyunil/layout-master/test.py\': [Errno 2] No such file or directory',
     '',
     '    at PythonShell.parseError (/workspace/Assignment/server/node_modules/python-shell/index.js:190:17)',
     '    at terminateIfNeeded (/workspace/Assignment/server/node_modules/python-shell/index.js:98:28)',
     '    at ChildProcess.<anonymous> (/workspace/Assignment/server/node_modules/python-shell/index.js:88:9)',
     '    at emitTwo (events.js:106:13)',
     '    at ChildProcess.emit (events.js:191:7)',
     '    at Process.ChildProcess._handle.onexit (internal/child_process.js:215:12)' ] }
17/11/14 16:10:12.191 [pid:718] - error: uncaughtException:   File "/workspace/Assignment/server/_files/upload/hyunil/layout-master/main.c", line 3
    int main(void) {
           ^
SyntaxError: invalid syntax
 
{ date: 'Tue Nov 14 2017 16:10:12 GMT+0000 (UTC)',
  process: 
   { pid: 718,
     uid: 0,
     gid: 0,
     cwd: '/workspace/Assignment',
     execPath: '/usr/bin/nodejs',
     version: 'v6.11.0',
     argv: [ '/usr/bin/nodejs', '/workspace/Assignment/server/server2.js' ],
     memoryUsage: 
      { rss: 70090752,
        heapTotal: 44896256,
        heapUsed: 36617768,
        external: 17983807 } },
  os: 
   { loadavg: [ 0.5263671875, 0.1513671875, 0.05126953125 ],
     uptime: 16297 },
  trace: 
   [ { column: 17,
       file: '/workspace/Assignment/server/node_modules/python-shell/index.js',
       function: 'PythonShell.parseError',
       line: 190,
       method: 'parseError',
       native: false },
     { column: 28,
       file: '/workspace/Assignment/server/node_modules/python-shell/index.js',
       function: 'terminateIfNeeded',
       line: 98,
       method: null,
       native: false },
     { column: 9,
       file: '/workspace/Assignment/server/node_modules/python-shell/index.js',
       function: null,
       line: 88,
       method: null,
       native: false },
     { column: 13,
       file: 'events.js',
       function: 'emitTwo',
       line: 106,
       method: null,
       native: false },
     { column: 7,
       file: 'events.js',
       function: 'ChildProcess.emit',
       line: 191,
       method: 'emit',
       native: false },
     { column: 12,
       file: 'internal/child_process.js',
       function: 'Process.ChildProcess._handle.onexit',
       line: 215,
       method: 'onexit',
       native: false } ],
  stack: 
   [ 'Error:   File "/workspace/Assignment/server/_files/upload/hyunil/layout-master/main.c", line 3',
     '    int main(void) {',
     '           ^',
     'SyntaxError: invalid syntax',
     '',
     '    at PythonShell.parseError (/workspace/Assignment/server/node_modules/python-shell/index.js:190:17)',
     '    at terminateIfNeeded (/workspace/Assignment/server/node_modules/python-shell/index.js:98:28)',
     '    at ChildProcess.<anonymous> (/workspace/Assignment/server/node_modules/python-shell/index.js:88:9)',
     '    at emitTwo (events.js:106:13)',
     '    at ChildProcess.emit (events.js:191:7)',
     '    at Process.ChildProcess._handle.onexit (internal/child_process.js:215:12)' ] }
17/11/14 16:11:37.369 [pid:742] - error: uncaughtException: b is not defined 
{ date: 'Tue Nov 14 2017 16:11:37 GMT+0000 (UTC)',
  process: 
   { pid: 742,
     uid: 0,
     gid: 0,
     cwd: '/workspace/Assignment',
     execPath: '/usr/bin/nodejs',
     version: 'v6.11.0',
     argv: [ '/usr/bin/nodejs', '/workspace/Assignment/server/server2.js' ],
     memoryUsage: 
      { rss: 83570688,
        heapTotal: 67964928,
        heapUsed: 44448608,
        external: 19632302 } },
  os: 
   { loadavg: [ 0.146484375, 0.123046875, 0.048828125 ],
     uptime: 16382 },
  trace: 
   [ { column: 30,
       file: '/workspace/Assignment/server/controllers/fileManager.js',
       function: null,
       line: 403,
       method: null,
       native: false },
     { column: 14,
       file: '/workspace/Assignment/server/node_modules/async/dist/async.js',
       function: 'nextTask',
       line: 5310,
       method: null,
       native: false },
     { column: 9,
       file: '/workspace/Assignment/server/node_modules/async/dist/async.js',
       function: 'next',
       line: 5317,
       method: null,
       native: false },
     { column: 16,
       file: '/workspace/Assignment/server/node_modules/async/dist/async.js',
       function: null,
       line: 958,
       method: null,
       native: false },
     { column: 7,
       file: '/workspace/Assignment/server/controllers/fileManager.js',
       function: null,
       line: 397,
       method: null,
       native: false },
     { column: 5,
       file: 'child_process.js',
       function: 'exithandler',
       line: 211,
       method: null,
       native: false },
     { column: 5,
       file: 'child_process.js',
       function: 'ChildProcess.errorhandler',
       line: 223,
       method: 'errorhandler',
       native: false },
     { column: 13,
       file: 'events.js',
       function: 'emitOne',
       line: 96,
       method: null,
       native: false },
     { column: 7,
       file: 'events.js',
       function: 'ChildProcess.emit',
       line: 188,
       method: 'emit',
       native: false },
     { column: 12,
       file: 'internal/child_process.js',
       function: 'Process.ChildProcess._handle.onexit',
       line: 213,
       method: 'onexit',
       native: false },
     { column: 16,
       file: 'internal/child_process.js',
       function: 'onErrorNT',
       line: 367,
       method: null,
       native: false },
     { column: 11,
       file: 'internal/process/next_tick.js',
       function: '_combinedTickCallback',
       line: 80,
       method: null,
       native: false },
     { column: 9,
       file: 'internal/process/next_tick.js',
       function: 'process._tickCallback',
       line: 104,
       method: '_tickCallback',
       native: false } ],
  stack: 
   [ 'ReferenceError: b is not defined',
     '    at /workspace/Assignment/server/controllers/fileManager.js:403:30',
     '    at nextTask (/workspace/Assignment/server/node_modules/async/dist/async.js:5310:14)',
     '    at next (/workspace/Assignment/server/node_modules/async/dist/async.js:5317:9)',
     '    at /workspace/Assignment/server/node_modules/async/dist/async.js:958:16',
     '    at /workspace/Assignment/server/controllers/fileManager.js:397:7',
     '    at exithandler (child_process.js:211:5)',
     '    at ChildProcess.errorhandler (child_process.js:223:5)',
     '    at emitOne (events.js:96:13)',
     '    at ChildProcess.emit (events.js:188:7)',
     '    at Process.ChildProcess._handle.onexit (internal/child_process.js:213:12)',
     '    at onErrorNT (internal/child_process.js:367:16)',
     '    at _combinedTickCallback (internal/process/next_tick.js:80:11)',
     '    at process._tickCallback (internal/process/next_tick.js:104:9)' ] }
