17/11/22 04:46:48.254 [pid:110] - error: uncaughtException: Route.post() requires a callback function but got a [object Undefined] 
{ date: 'Wed Nov 22 2017 04:46:48 GMT+0000 (UTC)',
  process: 
   { pid: 110,
     uid: 0,
     gid: 0,
     cwd: '/workspace/Assignment',
     execPath: '/usr/bin/nodejs',
     version: 'v6.11.0',
     argv: [ '/usr/bin/nodejs', '/workspace/Assignment/server/server.js' ],
     memoryUsage: 
      { rss: 67239936,
        heapTotal: 62951424,
        heapUsed: 31897968,
        external: 18848221 } },
  os: 
   { loadavg: [ 1.15771484375, 0.80615234375, 0.64599609375 ],
     uptime: 468935 },
  trace: 
   [ { column: 15,
       file: '/workspace/Assignment/server/node_modules/express/lib/router/route.js',
       function: 'Route.(anonymous function) [as post]',
       line: 202,
       method: '(anonymous function) [as post]',
       native: false },
     { column: 41,
       file: '/workspace/Assignment/server/server.js',
       function: null,
       line: 210,
       method: null,
       native: false },
     { column: null,
       file: null,
       function: 'Array.forEach',
       line: null,
       method: 'forEach',
       native: true },
     { column: 12,
       file: '/workspace/Assignment/server/server.js',
       function: null,
       line: 189,
       method: null,
       native: false },
     { column: 32,
       file: 'module.js',
       function: 'Module._compile',
       line: 570,
       method: '_compile',
       native: false },
     { column: 10,
       file: 'module.js',
       function: 'Module._extensions..js',
       line: 579,
       method: '.js',
       native: false },
     { column: 32,
       file: 'module.js',
       function: 'Module.load',
       line: 487,
       method: 'load',
       native: false },
     { column: 12,
       file: 'module.js',
       function: 'tryModuleLoad',
       line: 446,
       method: null,
       native: false },
     { column: 3,
       file: 'module.js',
       function: 'Module._load',
       line: 438,
       method: '_load',
       native: false },
     { column: 10,
       file: 'module.js',
       function: 'Module.runMain',
       line: 604,
       method: 'runMain',
       native: false },
     { column: 7,
       file: 'bootstrap_node.js',
       function: 'run',
       line: 389,
       method: null,
       native: false },
     { column: 9,
       file: 'bootstrap_node.js',
       function: 'startup',
       line: 149,
       method: null,
       native: false },
     { column: 3,
       file: 'bootstrap_node.js',
       function: null,
       line: 504,
       method: null,
       native: false } ],
  stack: 
   [ 'Error: Route.post() requires a callback function but got a [object Undefined]',
     '    at Route.(anonymous function) [as post] (/workspace/Assignment/server/node_modules/express/lib/router/route.js:202:15)',
     '    at /workspace/Assignment/server/server.js:210:41',
     '    at Array.forEach (native)',
     '    at Object.<anonymous> (/workspace/Assignment/server/server.js:189:12)',
     '    at Module._compile (module.js:570:32)',
     '    at Object.Module._extensions..js (module.js:579:10)',
     '    at Module.load (module.js:487:32)',
     '    at tryModuleLoad (module.js:446:12)',
     '    at Function.Module._load (module.js:438:3)',
     '    at Module.runMain (module.js:604:10)',
     '    at run (bootstrap_node.js:389:7)',
     '    at startup (bootstrap_node.js:149:9)',
     '    at bootstrap_node.js:504:3' ] }
17/11/22 06:22:56.403 [pid:111] - error: uncaughtException: Invalid or unsupported zip format. No END header found 
{ date: 'Wed Nov 22 2017 06:22:55 GMT+0000 (UTC)',
  process: 
   { pid: 111,
     uid: 0,
     gid: 0,
     cwd: '/workspace/Assignment',
     execPath: '/usr/bin/nodejs',
     version: 'v6.11.0',
     argv: [ '/usr/bin/nodejs', '/workspace/Assignment/server/server.js' ],
     memoryUsage: 
      { rss: 168435712,
        heapTotal: 38604800,
        heapUsed: 31002504,
        external: 121009974 } },
  os: 
   { loadavg: [ 0.5673828125, 0.58056640625, 0.6572265625 ],
     uptime: 625989 },
  trace: [],
  stack: undefined }
17/11/22 06:28:46.652 [pid:127] - error: uncaughtException: Invalid or unsupported zip format. No END header found 
{ date: 'Wed Nov 22 2017 06:28:46 GMT+0000 (UTC)',
  process: 
   { pid: 127,
     uid: 0,
     gid: 0,
     cwd: '/workspace/Assignment',
     execPath: '/usr/bin/nodejs',
     version: 'v6.11.0',
     argv: [ '/usr/bin/nodejs', '/workspace/Assignment/server/server.js' ],
     memoryUsage: 
      { rss: 165453824,
        heapTotal: 39653376,
        heapUsed: 32530448,
        external: 121475946 } },
  os: 
   { loadavg: [ 1.50244140625, 1.20703125, 0.9013671875 ],
     uptime: 626340 },
  trace: [],
  stack: undefined }
17/11/22 07:56:45.943 [pid:183] - error: uncaughtException: spawn EACCES 
{ date: 'Wed Nov 22 2017 07:56:45 GMT+0000 (UTC)',
  process: 
   { pid: 183,
     uid: 0,
     gid: 0,
     cwd: '/workspace/Assignment',
     execPath: '/usr/bin/nodejs',
     version: 'v6.11.0',
     argv: [ '/usr/bin/nodejs', '/workspace/Assignment/server/server.js' ],
     memoryUsage: 
      { rss: 64245760,
        heapTotal: 41750528,
        heapUsed: 36110608,
        external: 18721644 } },
  os: 
   { loadavg: [ 0.5341796875, 0.48486328125, 0.68115234375 ],
     uptime: 631619 },
  trace: 
   [ { column: 11,
       file: 'util.js',
       function: 'exports._errnoException',
       line: 1018,
       method: '_errnoException',
       native: false },
     { column: 11,
       file: 'internal/child_process.js',
       function: 'ChildProcess.spawn',
       line: 319,
       method: 'spawn',
       native: false },
     { column: 9,
       file: 'child_process.js',
       function: 'exports.spawn',
       line: 378,
       method: 'spawn',
       native: false },
     { column: 14,
       file: '/workspace/Assignment/server/controllers/fileManager.js',
       function: 'Timeout._onTimeout',
       line: 430,
       method: '_onTimeout',
       native: false },
     { column: 14,
       file: 'timers.js',
       function: 'ontimeout',
       line: 386,
       method: null,
       native: false },
     { column: 5,
       file: 'timers.js',
       function: 'tryOnTimeout',
       line: 250,
       method: null,
       native: false },
     { column: 5,
       file: 'timers.js',
       function: 'Timer.listOnTimeout',
       line: 214,
       method: 'listOnTimeout',
       native: false } ],
  stack: 
   [ 'Error: spawn EACCES',
     '    at exports._errnoException (util.js:1018:11)',
     '    at ChildProcess.spawn (internal/child_process.js:319:11)',
     '    at exports.spawn (child_process.js:378:9)',
     '    at Timeout._onTimeout (/workspace/Assignment/server/controllers/fileManager.js:430:14)',
     '    at ontimeout (timers.js:386:14)',
     '    at tryOnTimeout (timers.js:250:5)',
     '    at Timer.listOnTimeout (timers.js:214:5)' ] }
17/11/22 08:06:18.351 [pid:205] - error: uncaughtException: Cannot read property 'salt_pw' of undefined 
{ date: 'Wed Nov 22 2017 08:06:18 GMT+0000 (UTC)',
  process: 
   { pid: 205,
     uid: 0,
     gid: 0,
     cwd: '/workspace/Assignment',
     execPath: '/usr/bin/nodejs',
     version: 'v6.11.0',
     argv: [ '/usr/bin/nodejs', '/workspace/Assignment/server/server.js' ],
     memoryUsage: 
      { rss: 62181376,
        heapTotal: 38604800,
        heapUsed: 32587448,
        external: 17971780 } },
  os: 
   { loadavg: [ 0.6689453125, 0.67041015625, 0.67578125 ],
     uptime: 632191 },
  trace: 
   [ { column: 28,
       file: '/workspace/Assignment/server/controllers/member.js',
       function: null,
       line: 311,
       method: null,
       native: false },
     { column: 16,
       file: '/workspace/Assignment/server/node_modules/mongoose/lib/model.js',
       function: null,
       line: 4032,
       method: null,
       native: false },
     { column: 21,
       file: '/workspace/Assignment/server/node_modules/kareem/index.js',
       function: null,
       line: 273,
       method: null,
       native: false },
     { column: 16,
       file: '/workspace/Assignment/server/node_modules/kareem/index.js',
       function: null,
       line: 131,
       method: null,
       native: false },
     { column: 7,
       file: 'internal/process/next_tick.js',
       function: '_combinedTickCallback',
       line: 73,
       method: null,
       native: false },
     { column: 9,
       file: 'internal/process/next_tick.js',
       function: 'process._tickCallback',
       line: 104,
       method: '_tickCallback',
       native: false } ],
  stack: 
   [ 'TypeError: Cannot read property \'salt_pw\' of undefined',
     '    at /workspace/Assignment/server/controllers/member.js:311:28',
     '    at Query.<anonymous> (/workspace/Assignment/server/node_modules/mongoose/lib/model.js:4032:16)',
     '    at /workspace/Assignment/server/node_modules/kareem/index.js:273:21',
     '    at /workspace/Assignment/server/node_modules/kareem/index.js:131:16',
     '    at _combinedTickCallback (internal/process/next_tick.js:73:7)',
     '    at process._tickCallback (internal/process/next_tick.js:104:9)' ] }
17/11/22 08:06:31.263 [pid:235] - error: uncaughtException: Cannot read property 'salt_pw' of undefined 
{ date: 'Wed Nov 22 2017 08:06:31 GMT+0000 (UTC)',
  process: 
   { pid: 235,
     uid: 0,
     gid: 0,
     cwd: '/workspace/Assignment',
     execPath: '/usr/bin/nodejs',
     version: 'v6.11.0',
     argv: [ '/usr/bin/nodejs', '/workspace/Assignment/server/server.js' ],
     memoryUsage: 
      { rss: 74354688,
        heapTotal: 65867776,
        heapUsed: 39292080,
        external: 19640439 } },
  os: 
   { loadavg: [ 0.56591796875, 0.64794921875, 0.66796875 ],
     uptime: 632204 },
  trace: 
   [ { column: 28,
       file: '/workspace/Assignment/server/controllers/member.js',
       function: null,
       line: 311,
       method: null,
       native: false },
     { column: 16,
       file: '/workspace/Assignment/server/node_modules/mongoose/lib/model.js',
       function: null,
       line: 4032,
       method: null,
       native: false },
     { column: 21,
       file: '/workspace/Assignment/server/node_modules/kareem/index.js',
       function: null,
       line: 273,
       method: null,
       native: false },
     { column: 16,
       file: '/workspace/Assignment/server/node_modules/kareem/index.js',
       function: null,
       line: 131,
       method: null,
       native: false },
     { column: 7,
       file: 'internal/process/next_tick.js',
       function: '_combinedTickCallback',
       line: 73,
       method: null,
       native: false },
     { column: 9,
       file: 'internal/process/next_tick.js',
       function: 'process._tickCallback',
       line: 104,
       method: '_tickCallback',
       native: false } ],
  stack: 
   [ 'TypeError: Cannot read property \'salt_pw\' of undefined',
     '    at /workspace/Assignment/server/controllers/member.js:311:28',
     '    at Query.<anonymous> (/workspace/Assignment/server/node_modules/mongoose/lib/model.js:4032:16)',
     '    at /workspace/Assignment/server/node_modules/kareem/index.js:273:21',
     '    at /workspace/Assignment/server/node_modules/kareem/index.js:131:16',
     '    at _combinedTickCallback (internal/process/next_tick.js:73:7)',
     '    at process._tickCallback (internal/process/next_tick.js:104:9)' ] }
17/11/22 08:09:10.351 [pid:247] - error: uncaughtException: Cannot read property 'salt_pw' of undefined 
{ date: 'Wed Nov 22 2017 08:09:10 GMT+0000 (UTC)',
  process: 
   { pid: 247,
     uid: 0,
     gid: 0,
     cwd: '/workspace/Assignment',
     execPath: '/usr/bin/nodejs',
     version: 'v6.11.0',
     argv: [ '/usr/bin/nodejs', '/workspace/Assignment/server/server.js' ],
     memoryUsage: 
      { rss: 76251136,
        heapTotal: 66916352,
        heapUsed: 41584048,
        external: 19642613 } },
  os: 
   { loadavg: [ 0.48779296875, 0.58251953125, 0.6357421875 ],
     uptime: 632363 },
  trace: 
   [ { column: 28,
       file: '/workspace/Assignment/server/controllers/member.js',
       function: null,
       line: 311,
       method: null,
       native: false },
     { column: 16,
       file: '/workspace/Assignment/server/node_modules/mongoose/lib/model.js',
       function: null,
       line: 4032,
       method: null,
       native: false },
     { column: 21,
       file: '/workspace/Assignment/server/node_modules/kareem/index.js',
       function: null,
       line: 273,
       method: null,
       native: false },
     { column: 16,
       file: '/workspace/Assignment/server/node_modules/kareem/index.js',
       function: null,
       line: 131,
       method: null,
       native: false },
     { column: 7,
       file: 'internal/process/next_tick.js',
       function: '_combinedTickCallback',
       line: 73,
       method: null,
       native: false },
     { column: 9,
       file: 'internal/process/next_tick.js',
       function: 'process._tickCallback',
       line: 104,
       method: '_tickCallback',
       native: false } ],
  stack: 
   [ 'TypeError: Cannot read property \'salt_pw\' of undefined',
     '    at /workspace/Assignment/server/controllers/member.js:311:28',
     '    at Query.<anonymous> (/workspace/Assignment/server/node_modules/mongoose/lib/model.js:4032:16)',
     '    at /workspace/Assignment/server/node_modules/kareem/index.js:273:21',
     '    at /workspace/Assignment/server/node_modules/kareem/index.js:131:16',
     '    at _combinedTickCallback (internal/process/next_tick.js:73:7)',
     '    at process._tickCallback (internal/process/next_tick.js:104:9)' ] }
17/11/22 08:10:24.139 [pid:259] - error: uncaughtException: Cannot read property 'salt_pw' of undefined 
{ date: 'Wed Nov 22 2017 08:10:24 GMT+0000 (UTC)',
  process: 
   { pid: 259,
     uid: 0,
     gid: 0,
     cwd: '/workspace/Assignment',
     execPath: '/usr/bin/nodejs',
     version: 'v6.11.0',
     argv: [ '/usr/bin/nodejs', '/workspace/Assignment/server/server.js' ],
     memoryUsage: 
      { rss: 75423744,
        heapTotal: 65867776,
        heapUsed: 41289056,
        external: 19640906 } },
  os: 
   { loadavg: [ 0.59326171875, 0.634765625, 0.65087890625 ],
     uptime: 632437 },
  trace: 
   [ { column: 28,
       file: '/workspace/Assignment/server/controllers/member.js',
       function: null,
       line: 311,
       method: null,
       native: false },
     { column: 16,
       file: '/workspace/Assignment/server/node_modules/mongoose/lib/model.js',
       function: null,
       line: 4032,
       method: null,
       native: false },
     { column: 21,
       file: '/workspace/Assignment/server/node_modules/kareem/index.js',
       function: null,
       line: 273,
       method: null,
       native: false },
     { column: 16,
       file: '/workspace/Assignment/server/node_modules/kareem/index.js',
       function: null,
       line: 131,
       method: null,
       native: false },
     { column: 7,
       file: 'internal/process/next_tick.js',
       function: '_combinedTickCallback',
       line: 73,
       method: null,
       native: false },
     { column: 9,
       file: 'internal/process/next_tick.js',
       function: 'process._tickCallback',
       line: 104,
       method: '_tickCallback',
       native: false } ],
  stack: 
   [ 'TypeError: Cannot read property \'salt_pw\' of undefined',
     '    at /workspace/Assignment/server/controllers/member.js:311:28',
     '    at Query.<anonymous> (/workspace/Assignment/server/node_modules/mongoose/lib/model.js:4032:16)',
     '    at /workspace/Assignment/server/node_modules/kareem/index.js:273:21',
     '    at /workspace/Assignment/server/node_modules/kareem/index.js:131:16',
     '    at _combinedTickCallback (internal/process/next_tick.js:73:7)',
     '    at process._tickCallback (internal/process/next_tick.js:104:9)' ] }
17/11/22 08:10:56.648 [pid:271] - error: uncaughtException: Cannot read property 'salt_pw' of undefined 
{ date: 'Wed Nov 22 2017 08:10:56 GMT+0000 (UTC)',
  process: 
   { pid: 271,
     uid: 0,
     gid: 0,
     cwd: '/workspace/Assignment',
     execPath: '/usr/bin/nodejs',
     version: 'v6.11.0',
     argv: [ '/usr/bin/nodejs', '/workspace/Assignment/server/server.js' ],
     memoryUsage: 
      { rss: 76079104,
        heapTotal: 66916352,
        heapUsed: 41313936,
        external: 19640906 } },
  os: 
   { loadavg: [ 0.43212890625, 0.58935546875, 0.6337890625 ],
     uptime: 632470 },
  trace: 
   [ { column: 28,
       file: '/workspace/Assignment/server/controllers/member.js',
       function: null,
       line: 312,
       method: null,
       native: false },
     { column: 16,
       file: '/workspace/Assignment/server/node_modules/mongoose/lib/model.js',
       function: null,
       line: 4032,
       method: null,
       native: false },
     { column: 21,
       file: '/workspace/Assignment/server/node_modules/kareem/index.js',
       function: null,
       line: 273,
       method: null,
       native: false },
     { column: 16,
       file: '/workspace/Assignment/server/node_modules/kareem/index.js',
       function: null,
       line: 131,
       method: null,
       native: false },
     { column: 7,
       file: 'internal/process/next_tick.js',
       function: '_combinedTickCallback',
       line: 73,
       method: null,
       native: false },
     { column: 9,
       file: 'internal/process/next_tick.js',
       function: 'process._tickCallback',
       line: 104,
       method: '_tickCallback',
       native: false } ],
  stack: 
   [ 'TypeError: Cannot read property \'salt_pw\' of undefined',
     '    at /workspace/Assignment/server/controllers/member.js:312:28',
     '    at Query.<anonymous> (/workspace/Assignment/server/node_modules/mongoose/lib/model.js:4032:16)',
     '    at /workspace/Assignment/server/node_modules/kareem/index.js:273:21',
     '    at /workspace/Assignment/server/node_modules/kareem/index.js:131:16',
     '    at _combinedTickCallback (internal/process/next_tick.js:73:7)',
     '    at process._tickCallback (internal/process/next_tick.js:104:9)' ] }
