17/11/15 13:07:43.665 [pid:195] - error: uncaughtException: socket.set is not a function 
{ date: 'Wed Nov 15 2017 13:07:43 GMT+0000 (UTC)',
  process: 
   { pid: 195,
     uid: 0,
     gid: 0,
     cwd: '/workspace/Assignment',
     execPath: '/usr/bin/nodejs',
     version: 'v6.11.0',
     argv: [ '/usr/bin/nodejs', '/workspace/Assignment/server/server2.js' ],
     memoryUsage: 
      { rss: 81309696,
        heapTotal: 67964928,
        heapUsed: 43338600,
        external: 19629922 } },
  os: { loadavg: [ 0, 0.0048828125, 0.01318359375 ], uptime: 45477 },
  trace: 
   [ { column: 12,
       file: '/workspace/Assignment/server/server2.js',
       function: null,
       line: 277,
       method: null,
       native: false },
     { column: 13,
       file: 'events.js',
       function: 'emitOne',
       line: 96,
       method: null,
       native: false },
     { column: 7,
       file: 'events.js',
       function: 'Socket.emit',
       line: 188,
       method: 'emit',
       native: false },
     { column: 12,
       file: '/workspace/Assignment/server/node_modules/socket.io/lib/socket.js',
       function: null,
       line: 513,
       method: null,
       native: false },
     { column: 7,
       file: 'internal/process/next_tick.js',
       function: '_combinedTickCallback',
       line: 73,
       method: null,
       native: false },
     { column: 9,
       file: 'internal/process/next_tick.js',
       function: 'process._tickCallback',
       line: 104,
       method: '_tickCallback',
       native: false } ],
  stack: 
   [ 'TypeError: socket.set is not a function',
     '    at Socket.<anonymous> (/workspace/Assignment/server/server2.js:277:12)',
     '    at emitOne (events.js:96:13)',
     '    at Socket.emit (events.js:188:7)',
     '    at /workspace/Assignment/server/node_modules/socket.io/lib/socket.js:513:12',
     '    at _combinedTickCallback (internal/process/next_tick.js:73:7)',
     '    at process._tickCallback (internal/process/next_tick.js:104:9)' ] }
17/11/15 13:11:16.941 [pid:209] - error: uncaughtException: socket.get is not a function 
{ date: 'Wed Nov 15 2017 13:11:16 GMT+0000 (UTC)',
  process: 
   { pid: 209,
     uid: 0,
     gid: 0,
     cwd: '/workspace/Assignment',
     execPath: '/usr/bin/nodejs',
     version: 'v6.11.0',
     argv: [ '/usr/bin/nodejs', '/workspace/Assignment/server/server2.js' ],
     memoryUsage: 
      { rss: 64057344,
        heapTotal: 37556224,
        heapUsed: 30057688,
        external: 17961916 } },
  os: 
   { loadavg: [ 0.017578125, 0.01904296875, 0.00439453125 ],
     uptime: 45690 },
  trace: 
   [ { column: 11,
       file: '/workspace/Assignment/server/server2.js',
       function: null,
       line: 280,
       method: null,
       native: false },
     { column: 13,
       file: 'events.js',
       function: 'emitOne',
       line: 96,
       method: null,
       native: false },
     { column: 7,
       file: 'events.js',
       function: 'Socket.emit',
       line: 188,
       method: 'emit',
       native: false },
     { column: 12,
       file: '/workspace/Assignment/server/node_modules/socket.io/lib/socket.js',
       function: null,
       line: 513,
       method: null,
       native: false },
     { column: 7,
       file: 'internal/process/next_tick.js',
       function: '_combinedTickCallback',
       line: 73,
       method: null,
       native: false },
     { column: 9,
       file: 'internal/process/next_tick.js',
       function: 'process._tickCallback',
       line: 104,
       method: '_tickCallback',
       native: false } ],
  stack: 
   [ 'TypeError: socket.get is not a function',
     '    at Socket.<anonymous> (/workspace/Assignment/server/server2.js:280:11)',
     '    at emitOne (events.js:96:13)',
     '    at Socket.emit (events.js:188:7)',
     '    at /workspace/Assignment/server/node_modules/socket.io/lib/socket.js:513:12',
     '    at _combinedTickCallback (internal/process/next_tick.js:73:7)',
     '    at process._tickCallback (internal/process/next_tick.js:104:9)' ] }
17/11/15 13:20:44.046 [pid:257] - error: uncaughtException: socket.set is not a function 
{ date: 'Wed Nov 15 2017 13:20:44 GMT+0000 (UTC)',
  process: 
   { pid: 257,
     uid: 0,
     gid: 0,
     cwd: '/workspace/Assignment',
     execPath: '/usr/bin/nodejs',
     version: 'v6.11.0',
     argv: [ '/usr/bin/nodejs', '/workspace/Assignment/server/server2.js' ],
     memoryUsage: 
      { rss: 73256960,
        heapTotal: 65867776,
        heapUsed: 35951856,
        external: 19377169 } },
  os: 
   { loadavg: [ 0.07080078125, 0.052734375, 0.0029296875 ],
     uptime: 46257 },
  trace: 
   [ { column: 12,
       file: '/workspace/Assignment/server/server2.js',
       function: null,
       line: 277,
       method: null,
       native: false },
     { column: 13,
       file: 'events.js',
       function: 'emitOne',
       line: 96,
       method: null,
       native: false },
     { column: 7,
       file: 'events.js',
       function: 'Socket.emit',
       line: 188,
       method: 'emit',
       native: false },
     { column: 12,
       file: '/workspace/Assignment/server/node_modules/socket.io/lib/socket.js',
       function: null,
       line: 513,
       method: null,
       native: false },
     { column: 7,
       file: 'internal/process/next_tick.js',
       function: '_combinedTickCallback',
       line: 73,
       method: null,
       native: false },
     { column: 9,
       file: 'internal/process/next_tick.js',
       function: 'process._tickCallback',
       line: 104,
       method: '_tickCallback',
       native: false } ],
  stack: 
   [ 'TypeError: socket.set is not a function',
     '    at Socket.<anonymous> (/workspace/Assignment/server/server2.js:277:12)',
     '    at emitOne (events.js:96:13)',
     '    at Socket.emit (events.js:188:7)',
     '    at /workspace/Assignment/server/node_modules/socket.io/lib/socket.js:513:12',
     '    at _combinedTickCallback (internal/process/next_tick.js:73:7)',
     '    at process._tickCallback (internal/process/next_tick.js:104:9)' ] }
17/11/15 13:56:33.836 [pid:285] - error: uncaughtException: Cannot read property 'length' of null 
{ date: 'Wed Nov 15 2017 13:56:33 GMT+0000 (UTC)',
  process: 
   { pid: 285,
     uid: 0,
     gid: 0,
     cwd: '/workspace/Assignment',
     execPath: '/usr/bin/nodejs',
     version: 'v6.11.0',
     argv: [ '/usr/bin/nodejs', '/workspace/Assignment/server/server2.js' ],
     memoryUsage: 
      { rss: 70012928,
        heapTotal: 42799104,
        heapUsed: 35915168,
        external: 18095266 } },
  os: 
   { loadavg: [ 0.9140625, 0.89599609375, 0.75830078125 ],
     uptime: 48407 },
  trace: 
   [ { column: 17,
       file: '/workspace/Assignment/server/controllers/member.js',
       function: null,
       line: 275,
       method: null,
       native: false },
     { column: 16,
       file: '/workspace/Assignment/server/node_modules/mongoose/lib/model.js',
       function: null,
       line: 4032,
       method: null,
       native: false },
     { column: 21,
       file: '/workspace/Assignment/server/node_modules/kareem/index.js',
       function: null,
       line: 273,
       method: null,
       native: false },
     { column: 16,
       file: '/workspace/Assignment/server/node_modules/kareem/index.js',
       function: null,
       line: 131,
       method: null,
       native: false },
     { column: 7,
       file: 'internal/process/next_tick.js',
       function: '_combinedTickCallback',
       line: 73,
       method: null,
       native: false },
     { column: 9,
       file: 'internal/process/next_tick.js',
       function: 'process._tickCallback',
       line: 104,
       method: '_tickCallback',
       native: false } ],
  stack: 
   [ 'TypeError: Cannot read property \'length\' of null',
     '    at /workspace/Assignment/server/controllers/member.js:275:17',
     '    at Query.<anonymous> (/workspace/Assignment/server/node_modules/mongoose/lib/model.js:4032:16)',
     '    at /workspace/Assignment/server/node_modules/kareem/index.js:273:21',
     '    at /workspace/Assignment/server/node_modules/kareem/index.js:131:16',
     '    at _combinedTickCallback (internal/process/next_tick.js:73:7)',
     '    at process._tickCallback (internal/process/next_tick.js:104:9)' ] }
17/11/15 16:09:28.157 [pid:185] - error: uncaughtException: next is not defined 
{ date: 'Wed Nov 15 2017 16:09:28 GMT+0000 (UTC)',
  process: 
   { pid: 185,
     uid: 0,
     gid: 0,
     cwd: '/workspace/Assignment',
     execPath: '/usr/bin/nodejs',
     version: 'v6.11.0',
     argv: [ '/usr/bin/nodejs', '/workspace/Assignment/server/server2.js' ],
     memoryUsage: 
      { rss: 64405504,
        heapTotal: 37556224,
        heapUsed: 30902448,
        external: 17955594 } },
  os: 
   { loadavg: [ 0.04248046875, 0.0546875, 0.00537109375 ],
     uptime: 56381 },
  trace: 
   [ { column: 13,
       file: '/workspace/Assignment/server/server2.js',
       function: null,
       line: 295,
       method: null,
       native: false },
     { column: 16,
       file: '/workspace/Assignment/server/node_modules/mongoose/lib/model.js',
       function: null,
       line: 4032,
       method: null,
       native: false },
     { column: 21,
       file: '/workspace/Assignment/server/node_modules/kareem/index.js',
       function: null,
       line: 273,
       method: null,
       native: false },
     { column: 16,
       file: '/workspace/Assignment/server/node_modules/kareem/index.js',
       function: null,
       line: 131,
       method: null,
       native: false },
     { column: 7,
       file: 'internal/process/next_tick.js',
       function: '_combinedTickCallback',
       line: 73,
       method: null,
       native: false },
     { column: 9,
       file: 'internal/process/next_tick.js',
       function: 'process._tickCallback',
       line: 104,
       method: '_tickCallback',
       native: false } ],
  stack: 
   [ 'ReferenceError: next is not defined',
     '    at /workspace/Assignment/server/server2.js:295:13',
     '    at Query.<anonymous> (/workspace/Assignment/server/node_modules/mongoose/lib/model.js:4032:16)',
     '    at /workspace/Assignment/server/node_modules/kareem/index.js:273:21',
     '    at /workspace/Assignment/server/node_modules/kareem/index.js:131:16',
     '    at _combinedTickCallback (internal/process/next_tick.js:73:7)',
     '    at process._tickCallback (internal/process/next_tick.js:104:9)' ] }
17/11/15 16:10:47.654 [pid:201] - error: uncaughtException: member is not defined 
{ date: 'Wed Nov 15 2017 16:10:47 GMT+0000 (UTC)',
  process: 
   { pid: 201,
     uid: 0,
     gid: 0,
     cwd: '/workspace/Assignment',
     execPath: '/usr/bin/nodejs',
     version: 'v6.11.0',
     argv: [ '/usr/bin/nodejs', '/workspace/Assignment/server/server2.js' ],
     memoryUsage: 
      { rss: 89010176,
        heapTotal: 70062080,
        heapUsed: 39296552,
        external: 18023782 } },
  os: { loadavg: [ 0.0087890625, 0.0390625, 0 ], uptime: 56461 },
  trace: 
   [ { column: 4,
       file: '/workspace/Assignment/server/server2.js',
       function: null,
       line: 281,
       method: null,
       native: false },
     { column: 13,
       file: 'events.js',
       function: 'emitTwo',
       line: 106,
       method: null,
       native: false },
     { column: 7,
       file: 'events.js',
       function: 'Socket.emit',
       line: 191,
       method: 'emit',
       native: false },
     { column: 12,
       file: '/workspace/Assignment/server/node_modules/socket.io/lib/socket.js',
       function: null,
       line: 513,
       method: null,
       native: false },
     { column: 7,
       file: 'internal/process/next_tick.js',
       function: '_combinedTickCallback',
       line: 73,
       method: null,
       native: false },
     { column: 9,
       file: 'internal/process/next_tick.js',
       function: 'process._tickCallback',
       line: 104,
       method: '_tickCallback',
       native: false } ],
  stack: 
   [ 'ReferenceError: member is not defined',
     '    at Socket.<anonymous> (/workspace/Assignment/server/server2.js:281:4)',
     '    at emitTwo (events.js:106:13)',
     '    at Socket.emit (events.js:191:7)',
     '    at /workspace/Assignment/server/node_modules/socket.io/lib/socket.js:513:12',
     '    at _combinedTickCallback (internal/process/next_tick.js:73:7)',
     '    at process._tickCallback (internal/process/next_tick.js:104:9)' ] }
17/11/15 19:09:51.841 [pid:162] - error: uncaughtException: alert is not defined 
{ date: 'Wed Nov 15 2017 19:09:51 GMT+0000 (UTC)',
  process: 
   { pid: 162,
     uid: 0,
     gid: 0,
     cwd: '/workspace/Assignment',
     execPath: '/usr/bin/nodejs',
     version: 'v6.11.0',
     argv: [ '/usr/bin/nodejs', '/workspace/Assignment/server/server2.js' ],
     memoryUsage: 
      { rss: 83001344,
        heapTotal: 67964928,
        heapUsed: 42705192,
        external: 19470679 } },
  os: { loadavg: [ 0, 0.00439453125, 0 ], uptime: 67205 },
  trace: 
   [ { column: 4,
       file: '/workspace/Assignment/server/server2.js',
       function: null,
       line: 338,
       method: null,
       native: false },
     { column: 13,
       file: 'events.js',
       function: 'emitOne',
       line: 96,
       method: null,
       native: false },
     { column: 7,
       file: 'events.js',
       function: 'Socket.emit',
       line: 188,
       method: 'emit',
       native: false },
     { column: 12,
       file: '/workspace/Assignment/server/node_modules/socket.io/lib/socket.js',
       function: null,
       line: 513,
       method: null,
       native: false },
     { column: 7,
       file: 'internal/process/next_tick.js',
       function: '_combinedTickCallback',
       line: 73,
       method: null,
       native: false },
     { column: 9,
       file: 'internal/process/next_tick.js',
       function: 'process._tickCallback',
       line: 104,
       method: '_tickCallback',
       native: false } ],
  stack: 
   [ 'ReferenceError: alert is not defined',
     '    at Socket.<anonymous> (/workspace/Assignment/server/server2.js:338:4)',
     '    at emitOne (events.js:96:13)',
     '    at Socket.emit (events.js:188:7)',
     '    at /workspace/Assignment/server/node_modules/socket.io/lib/socket.js:513:12',
     '    at _combinedTickCallback (internal/process/next_tick.js:73:7)',
     '    at process._tickCallback (internal/process/next_tick.js:104:9)' ] }
17/11/15 19:16:41.646 [pid:238] - error: uncaughtException: oneChats is not defined 
{ date: 'Wed Nov 15 2017 19:16:41 GMT+0000 (UTC)',
  process: 
   { pid: 238,
     uid: 0,
     gid: 0,
     cwd: '/workspace/Assignment',
     execPath: '/usr/bin/nodejs',
     version: 'v6.11.0',
     argv: [ '/usr/bin/nodejs', '/workspace/Assignment/server/server2.js' ],
     memoryUsage: 
      { rss: 84905984,
        heapTotal: 67964928,
        heapUsed: 42782968,
        external: 19472250 } },
  os: 
   { loadavg: [ 0.09033203125, 0.08056640625, 0.02197265625 ],
     uptime: 67615 },
  trace: 
   [ { column: 26,
       file: '/workspace/Assignment/server/server2.js',
       function: null,
       line: 352,
       method: null,
       native: false },
     { column: 16,
       file: '/workspace/Assignment/server/node_modules/mongoose/lib/model.js',
       function: null,
       line: 4032,
       method: null,
       native: false },
     { column: 21,
       file: '/workspace/Assignment/server/node_modules/kareem/index.js',
       function: null,
       line: 273,
       method: null,
       native: false },
     { column: 16,
       file: '/workspace/Assignment/server/node_modules/kareem/index.js',
       function: null,
       line: 131,
       method: null,
       native: false },
     { column: 7,
       file: 'internal/process/next_tick.js',
       function: '_combinedTickCallback',
       line: 73,
       method: null,
       native: false },
     { column: 9,
       file: 'internal/process/next_tick.js',
       function: 'process._tickCallback',
       line: 104,
       method: '_tickCallback',
       native: false } ],
  stack: 
   [ 'ReferenceError: oneChats is not defined',
     '    at /workspace/Assignment/server/server2.js:352:26',
     '    at Query.<anonymous> (/workspace/Assignment/server/node_modules/mongoose/lib/model.js:4032:16)',
     '    at /workspace/Assignment/server/node_modules/kareem/index.js:273:21',
     '    at /workspace/Assignment/server/node_modules/kareem/index.js:131:16',
     '    at _combinedTickCallback (internal/process/next_tick.js:73:7)',
     '    at process._tickCallback (internal/process/next_tick.js:104:9)' ] }
17/11/15 20:13:47.147 [pid:460] - error: uncaughtException: io.sockets.socket is not a function 
{ date: 'Wed Nov 15 2017 20:13:47 GMT+0000 (UTC)',
  process: 
   { pid: 460,
     uid: 0,
     gid: 0,
     cwd: '/workspace/Assignment',
     execPath: '/usr/bin/nodejs',
     version: 'v6.11.0',
     argv: [ '/usr/bin/nodejs', '/workspace/Assignment/server/server2.js' ],
     memoryUsage: 
      { rss: 66883584,
        heapTotal: 39653376,
        heapUsed: 29995072,
        external: 17900335 } },
  os: 
   { loadavg: [ 0.16455078125, 0.45263671875, 0.3203125 ],
     uptime: 71040 },
  trace: 
   [ { column: 17,
       file: '/workspace/Assignment/server/server2.js',
       function: null,
       line: 319,
       method: null,
       native: false },
     { column: 13,
       file: 'events.js',
       function: 'emitThree',
       line: 116,
       method: null,
       native: false },
     { column: 7,
       file: 'events.js',
       function: 'Socket.emit',
       line: 194,
       method: 'emit',
       native: false },
     { column: 12,
       file: '/workspace/Assignment/server/node_modules/socket.io/lib/socket.js',
       function: null,
       line: 513,
       method: null,
       native: false },
     { column: 7,
       file: 'internal/process/next_tick.js',
       function: '_combinedTickCallback',
       line: 73,
       method: null,
       native: false },
     { column: 9,
       file: 'internal/process/next_tick.js',
       function: 'process._tickCallback',
       line: 104,
       method: '_tickCallback',
       native: false } ],
  stack: 
   [ 'TypeError: io.sockets.socket is not a function',
     '    at Socket.<anonymous> (/workspace/Assignment/server/server2.js:319:17)',
     '    at emitThree (events.js:116:13)',
     '    at Socket.emit (events.js:194:7)',
     '    at /workspace/Assignment/server/node_modules/socket.io/lib/socket.js:513:12',
     '    at _combinedTickCallback (internal/process/next_tick.js:73:7)',
     '    at process._tickCallback (internal/process/next_tick.js:104:9)' ] }
17/11/15 20:14:49.735 [pid:476] - error: uncaughtException: io.sockets.sockets is not a function 
{ date: 'Wed Nov 15 2017 20:14:49 GMT+0000 (UTC)',
  process: 
   { pid: 476,
     uid: 0,
     gid: 0,
     cwd: '/workspace/Assignment',
     execPath: '/usr/bin/nodejs',
     version: 'v6.11.0',
     argv: [ '/usr/bin/nodejs', '/workspace/Assignment/server/server2.js' ],
     memoryUsage: 
      { rss: 87842816,
        heapTotal: 70062080,
        heapUsed: 38155128,
        external: 17949979 } },
  os: 
   { loadavg: [ 0.107421875, 0.376953125, 0.30078125 ],
     uptime: 71103 },
  trace: 
   [ { column: 17,
       file: '/workspace/Assignment/server/server2.js',
       function: null,
       line: 319,
       method: null,
       native: false },
     { column: 13,
       file: 'events.js',
       function: 'emitThree',
       line: 116,
       method: null,
       native: false },
     { column: 7,
       file: 'events.js',
       function: 'Socket.emit',
       line: 194,
       method: 'emit',
       native: false },
     { column: 12,
       file: '/workspace/Assignment/server/node_modules/socket.io/lib/socket.js',
       function: null,
       line: 513,
       method: null,
       native: false },
     { column: 7,
       file: 'internal/process/next_tick.js',
       function: '_combinedTickCallback',
       line: 73,
       method: null,
       native: false },
     { column: 9,
       file: 'internal/process/next_tick.js',
       function: 'process._tickCallback',
       line: 104,
       method: '_tickCallback',
       native: false } ],
  stack: 
   [ 'TypeError: io.sockets.sockets is not a function',
     '    at Socket.<anonymous> (/workspace/Assignment/server/server2.js:319:17)',
     '    at emitThree (events.js:116:13)',
     '    at Socket.emit (events.js:194:7)',
     '    at /workspace/Assignment/server/node_modules/socket.io/lib/socket.js:513:12',
     '    at _combinedTickCallback (internal/process/next_tick.js:73:7)',
     '    at process._tickCallback (internal/process/next_tick.js:104:9)' ] }
17/11/15 20:19:47.024 [pid:492] - error: uncaughtException: io.sockets.sockets is not a function 
{ date: 'Wed Nov 15 2017 20:19:47 GMT+0000 (UTC)',
  process: 
   { pid: 492,
     uid: 0,
     gid: 0,
     cwd: '/workspace/Assignment',
     execPath: '/usr/bin/nodejs',
     version: 'v6.11.0',
     argv: [ '/usr/bin/nodejs', '/workspace/Assignment/server/server2.js' ],
     memoryUsage: 
      { rss: 66994176,
        heapTotal: 37556224,
        heapUsed: 32466240,
        external: 17912163 } },
  os: 
   { loadavg: [ 0.0048828125, 0.1494140625, 0.21875 ],
     uptime: 71400 },
  trace: 
   [ { column: 17,
       file: '/workspace/Assignment/server/server2.js',
       function: null,
       line: 319,
       method: null,
       native: false },
     { column: 13,
       file: 'events.js',
       function: 'emitThree',
       line: 116,
       method: null,
       native: false },
     { column: 7,
       file: 'events.js',
       function: 'Socket.emit',
       line: 194,
       method: 'emit',
       native: false },
     { column: 12,
       file: '/workspace/Assignment/server/node_modules/socket.io/lib/socket.js',
       function: null,
       line: 513,
       method: null,
       native: false },
     { column: 7,
       file: 'internal/process/next_tick.js',
       function: '_combinedTickCallback',
       line: 73,
       method: null,
       native: false },
     { column: 9,
       file: 'internal/process/next_tick.js',
       function: 'process._tickCallback',
       line: 104,
       method: '_tickCallback',
       native: false } ],
  stack: 
   [ 'TypeError: io.sockets.sockets is not a function',
     '    at Socket.<anonymous> (/workspace/Assignment/server/server2.js:319:17)',
     '    at emitThree (events.js:116:13)',
     '    at Socket.emit (events.js:194:7)',
     '    at /workspace/Assignment/server/node_modules/socket.io/lib/socket.js:513:12',
     '    at _combinedTickCallback (internal/process/next_tick.js:73:7)',
     '    at process._tickCallback (internal/process/next_tick.js:104:9)' ] }
17/11/15 20:52:01.246 [pid:636] - error: uncaughtException: console.long is not a function 
{ date: 'Wed Nov 15 2017 20:52:01 GMT+0000 (UTC)',
  process: 
   { pid: 636,
     uid: 0,
     gid: 0,
     cwd: '/workspace/Assignment',
     execPath: '/usr/bin/nodejs',
     version: 'v6.11.0',
     argv: [ '/usr/bin/nodejs', '/workspace/Assignment/server/server2.js' ],
     memoryUsage: 
      { rss: 89563136,
        heapTotal: 70062080,
        heapUsed: 38571096,
        external: 17976218 } },
  os: 
   { loadavg: [ 0.0322265625, 0.083984375, 0.09130859375 ],
     uptime: 73334 },
  trace: 
   [ { column: 12,
       file: '/workspace/Assignment/server/server2.js',
       function: null,
       line: 322,
       method: null,
       native: false },
     { column: 13,
       file: 'events.js',
       function: 'emitThree',
       line: 116,
       method: null,
       native: false },
     { column: 7,
       file: 'events.js',
       function: 'Socket.emit',
       line: 194,
       method: 'emit',
       native: false },
     { column: 12,
       file: '/workspace/Assignment/server/node_modules/socket.io/lib/socket.js',
       function: null,
       line: 513,
       method: null,
       native: false },
     { column: 7,
       file: 'internal/process/next_tick.js',
       function: '_combinedTickCallback',
       line: 73,
       method: null,
       native: false },
     { column: 9,
       file: 'internal/process/next_tick.js',
       function: 'process._tickCallback',
       line: 104,
       method: '_tickCallback',
       native: false } ],
  stack: 
   [ 'TypeError: console.long is not a function',
     '    at Socket.<anonymous> (/workspace/Assignment/server/server2.js:322:12)',
     '    at emitThree (events.js:116:13)',
     '    at Socket.emit (events.js:194:7)',
     '    at /workspace/Assignment/server/node_modules/socket.io/lib/socket.js:513:12',
     '    at _combinedTickCallback (internal/process/next_tick.js:73:7)',
     '    at process._tickCallback (internal/process/next_tick.js:104:9)' ] }
