17/11/12 08:43:32.413 [pid:175] - error: uncaughtException: file is not defined 
{ date: 'Sun Nov 12 2017 08:43:32 GMT+0000 (UTC)',
  process: 
   { pid: 175,
     uid: 0,
     gid: 0,
     cwd: '/workspace/Assignment',
     execPath: '/usr/bin/nodejs',
     version: 'v6.11.0',
     argv: [ '/usr/bin/nodejs', '/workspace/Assignment/server/server2.js' ],
     memoryUsage: 
      { rss: 65224704,
        heapTotal: 38604800,
        heapUsed: 29774472,
        external: 19992225 } },
  os: 
   { loadavg: [ 0.8330078125, 0.71240234375, 0.77978515625 ],
     uptime: 421531 },
  trace: 
   [ { column: 25,
       file: '/workspace/Assignment/server/controllers/fileManager.js',
       function: null,
       line: 199,
       method: null,
       native: false },
     { column: 16,
       file: '/workspace/Assignment/server/node_modules/async/dist/async.js',
       function: null,
       line: 473,
       method: null,
       native: false },
     { column: 29,
       file: '/workspace/Assignment/server/node_modules/async/dist/async.js',
       function: 'next',
       line: 5315,
       method: null,
       native: false },
     { column: 16,
       file: '/workspace/Assignment/server/node_modules/async/dist/async.js',
       function: null,
       line: 958,
       method: null,
       native: false },
     { column: 43,
       file: '/workspace/Assignment/server/controllers/fileManager.js',
       function: null,
       line: 130,
       method: null,
       native: false },
     { column: 37,
       file: '/workspace/Assignment/server/node_modules/multer/lib/make-middleware.js',
       function: null,
       line: 53,
       method: null,
       native: false },
     { column: 15,
       file: '/workspace/Assignment/server/node_modules/on-finished/index.js',
       function: 'listener',
       line: 169,
       method: null,
       native: false },
     { column: 5,
       file: '/workspace/Assignment/server/node_modules/on-finished/index.js',
       function: 'onFinish',
       line: 100,
       method: null,
       native: false },
     { column: 10,
       file: '/workspace/Assignment/server/node_modules/ee-first/index.js',
       function: 'callback',
       line: 55,
       method: null,
       native: false },
     { column: 5,
       file: '/workspace/Assignment/server/node_modules/ee-first/index.js',
       function: 'IncomingMessage.onevent',
       line: 93,
       method: 'onevent',
       native: false },
     { column: 13,
       file: 'events.js',
       function: 'emitNone',
       line: 86,
       method: null,
       native: false },
     { column: 7,
       file: 'events.js',
       function: 'IncomingMessage.emit',
       line: 185,
       method: 'emit',
       native: false },
     { column: 12,
       file: '_stream_readable.js',
       function: 'endReadableNT',
       line: 974,
       method: null,
       native: false },
     { column: 11,
       file: 'internal/process/next_tick.js',
       function: '_combinedTickCallback',
       line: 80,
       method: null,
       native: false },
     { column: 9,
       file: 'internal/process/next_tick.js',
       function: 'process._tickCallback',
       line: 104,
       method: '_tickCallback',
       native: false } ],
  stack: 
   [ 'ReferenceError: file is not defined',
     '    at /workspace/Assignment/server/controllers/fileManager.js:199:25',
     '    at /workspace/Assignment/server/node_modules/async/dist/async.js:473:16',
     '    at next (/workspace/Assignment/server/node_modules/async/dist/async.js:5315:29)',
     '    at /workspace/Assignment/server/node_modules/async/dist/async.js:958:16',
     '    at /workspace/Assignment/server/controllers/fileManager.js:130:43',
     '    at Array.<anonymous> (/workspace/Assignment/server/node_modules/multer/lib/make-middleware.js:53:37)',
     '    at listener (/workspace/Assignment/server/node_modules/on-finished/index.js:169:15)',
     '    at onFinish (/workspace/Assignment/server/node_modules/on-finished/index.js:100:5)',
     '    at callback (/workspace/Assignment/server/node_modules/ee-first/index.js:55:10)',
     '    at IncomingMessage.onevent (/workspace/Assignment/server/node_modules/ee-first/index.js:93:5)',
     '    at emitNone (events.js:86:13)',
     '    at IncomingMessage.emit (events.js:185:7)',
     '    at endReadableNT (_stream_readable.js:974:12)',
     '    at _combinedTickCallback (internal/process/next_tick.js:80:11)',
     '    at process._tickCallback (internal/process/next_tick.js:104:9)' ] }
17/11/12 08:48:09.900 [pid:190] - error: uncaughtException: Invalid filename 
{ date: 'Sun Nov 12 2017 08:48:09 GMT+0000 (UTC)',
  process: 
   { pid: 190,
     uid: 0,
     gid: 0,
     cwd: '/workspace/Assignment',
     execPath: '/usr/bin/nodejs',
     version: 'v6.11.0',
     argv: [ '/usr/bin/nodejs', '/workspace/Assignment/server/server2.js' ],
     memoryUsage: 
      { rss: 61669376,
        heapTotal: 36507648,
        heapUsed: 29620736,
        external: 18696185 } },
  os: 
   { loadavg: [ 0.3642578125, 0.52099609375, 0.67578125 ],
     uptime: 421809 },
  trace: [],
  stack: undefined }
17/11/12 08:55:25.462 [pid:203] - error: uncaughtException: Invalid filename 
{ date: 'Sun Nov 12 2017 08:55:25 GMT+0000 (UTC)',
  process: 
   { pid: 203,
     uid: 0,
     gid: 0,
     cwd: '/workspace/Assignment',
     execPath: '/usr/bin/nodejs',
     version: 'v6.11.0',
     argv: [ '/usr/bin/nodejs', '/workspace/Assignment/server/server2.js' ],
     memoryUsage: 
      { rss: 77119488,
        heapTotal: 67964928,
        heapUsed: 40837184,
        external: 19950127 } },
  os: 
   { loadavg: [ 0.73486328125, 0.587890625, 0.6474609375 ],
     uptime: 422244 },
  trace: [],
  stack: undefined }
17/11/12 09:07:43.183 [pid:234] - error: uncaughtException: path is not defined 
{ date: 'Sun Nov 12 2017 09:07:43 GMT+0000 (UTC)',
  process: 
   { pid: 234,
     uid: 0,
     gid: 0,
     cwd: '/workspace/Assignment',
     execPath: '/usr/bin/nodejs',
     version: 'v6.11.0',
     argv: [ '/usr/bin/nodejs', '/workspace/Assignment/server/server2.js' ],
     memoryUsage: 
      { rss: 81657856,
        heapTotal: 67964928,
        heapUsed: 40180480,
        external: 19512889 } },
  os: 
   { loadavg: [ 0.52099609375, 0.509765625, 0.607421875 ],
     uptime: 422982 },
  trace: 
   [ { column: 36,
       file: '/workspace/Assignment/server/controllers/fileManager.js',
       function: 'DiskStorage.filename [as getFilename]',
       line: 142,
       method: 'filename [as getFilename]',
       native: false },
     { column: 10,
       file: '/workspace/Assignment/server/node_modules/multer/storage/disk.js',
       function: null,
       line: 34,
       method: null,
       native: false },
     { column: 21,
       file: '/workspace/Assignment/server/controllers/fileManager.js',
       function: 'DiskStorage.destination [as getDestination]',
       line: 129,
       method: 'destination [as getDestination]',
       native: false },
     { column: 8,
       file: '/workspace/Assignment/server/node_modules/multer/storage/disk.js',
       function: 'DiskStorage._handleFile',
       line: 31,
       method: '_handleFile',
       native: false },
     { column: 17,
       file: '/workspace/Assignment/server/node_modules/multer/lib/make-middleware.js',
       function: null,
       line: 144,
       method: null,
       native: false },
     { column: 3,
       file: '/workspace/Assignment/server/node_modules/multer/index.js',
       function: 'allowAll',
       line: 8,
       method: null,
       native: false },
     { column: 7,
       file: '/workspace/Assignment/server/node_modules/multer/index.js',
       function: 'wrappedFileFilter',
       line: 44,
       method: null,
       native: false },
     { column: 7,
       file: '/workspace/Assignment/server/node_modules/multer/lib/make-middleware.js',
       function: null,
       line: 114,
       method: null,
       native: false },
     { column: 13,
       file: 'events.js',
       function: 'emitMany',
       line: 127,
       method: null,
       native: false },
     { column: 7,
       file: 'events.js',
       function: 'Busboy.emit',
       line: 201,
       method: 'emit',
       native: false },
     { column: 33,
       file: '/workspace/Assignment/server/node_modules/busboy/lib/main.js',
       function: 'Busboy.emit',
       line: 38,
       method: 'emit',
       native: false },
     { column: 13,
       file: '/workspace/Assignment/server/node_modules/busboy/lib/types/multipart.js',
       function: null,
       line: 213,
       method: null,
       native: false },
     { column: 13,
       file: 'events.js',
       function: 'emitOne',
       line: 96,
       method: null,
       native: false },
     { column: 7,
       file: 'events.js',
       function: 'PartStream.emit',
       line: 188,
       method: 'emit',
       native: false },
     { column: 16,
       file: '/workspace/Assignment/server/node_modules/dicer/lib/Dicer.js',
       function: null,
       line: 51,
       method: null,
       native: false },
     { column: 13,
       file: 'events.js',
       function: 'emitOne',
       line: 96,
       method: null,
       native: false } ],
  stack: 
   [ 'ReferenceError: path is not defined',
     '    at DiskStorage.filename [as getFilename] (/workspace/Assignment/server/controllers/fileManager.js:142:36)',
     '    at /workspace/Assignment/server/node_modules/multer/storage/disk.js:34:10',
     '    at DiskStorage.destination [as getDestination] (/workspace/Assignment/server/controllers/fileManager.js:129:21)',
     '    at DiskStorage._handleFile (/workspace/Assignment/server/node_modules/multer/storage/disk.js:31:8)',
     '    at /workspace/Assignment/server/node_modules/multer/lib/make-middleware.js:144:17',
     '    at allowAll (/workspace/Assignment/server/node_modules/multer/index.js:8:3)',
     '    at wrappedFileFilter (/workspace/Assignment/server/node_modules/multer/index.js:44:7)',
     '    at Busboy.<anonymous> (/workspace/Assignment/server/node_modules/multer/lib/make-middleware.js:114:7)',
     '    at emitMany (events.js:127:13)',
     '    at Busboy.emit (events.js:201:7)',
     '    at Busboy.emit (/workspace/Assignment/server/node_modules/busboy/lib/main.js:38:33)',
     '    at PartStream.<anonymous> (/workspace/Assignment/server/node_modules/busboy/lib/types/multipart.js:213:13)',
     '    at emitOne (events.js:96:13)',
     '    at PartStream.emit (events.js:188:7)',
     '    at HeaderParser.<anonymous> (/workspace/Assignment/server/node_modules/dicer/lib/Dicer.js:51:16)',
     '    at emitOne (events.js:96:13)' ] }
17/11/12 09:09:35.580 [pid:249] - error: uncaughtException: Path must be a string. Received undefined 
{ date: 'Sun Nov 12 2017 09:09:35 GMT+0000 (UTC)',
  process: 
   { pid: 249,
     uid: 0,
     gid: 0,
     cwd: '/workspace/Assignment',
     execPath: '/usr/bin/nodejs',
     version: 'v6.11.0',
     argv: [ '/usr/bin/nodejs', '/workspace/Assignment/server/server2.js' ],
     memoryUsage: 
      { rss: 71647232,
        heapTotal: 65867776,
        heapUsed: 36213536,
        external: 19453713 } },
  os: 
   { loadavg: [ 0.2998046875, 0.45166015625, 0.57568359375 ],
     uptime: 423094 },
  trace: 
   [ { column: 11,
       file: 'path.js',
       function: 'assertPath',
       line: 7,
       method: null,
       native: false },
     { column: 7,
       file: 'path.js',
       function: 'Object.join',
       line: 1211,
       method: 'join',
       native: false },
     { column: 28,
       file: '/workspace/Assignment/server/node_modules/multer/storage/disk.js',
       function: null,
       line: 37,
       method: null,
       native: false },
     { column: 21,
       file: '/workspace/Assignment/server/controllers/fileManager.js',
       function: 'DiskStorage.filename [as getFilename]',
       line: 138,
       method: 'filename [as getFilename]',
       native: false },
     { column: 10,
       file: '/workspace/Assignment/server/node_modules/multer/storage/disk.js',
       function: null,
       line: 34,
       method: null,
       native: false },
     { column: 21,
       file: '/workspace/Assignment/server/controllers/fileManager.js',
       function: 'DiskStorage.destination [as getDestination]',
       line: 129,
       method: 'destination [as getDestination]',
       native: false },
     { column: 8,
       file: '/workspace/Assignment/server/node_modules/multer/storage/disk.js',
       function: 'DiskStorage._handleFile',
       line: 31,
       method: '_handleFile',
       native: false },
     { column: 17,
       file: '/workspace/Assignment/server/node_modules/multer/lib/make-middleware.js',
       function: null,
       line: 144,
       method: null,
       native: false },
     { column: 3,
       file: '/workspace/Assignment/server/node_modules/multer/index.js',
       function: 'allowAll',
       line: 8,
       method: null,
       native: false },
     { column: 7,
       file: '/workspace/Assignment/server/node_modules/multer/index.js',
       function: 'wrappedFileFilter',
       line: 44,
       method: null,
       native: false },
     { column: 7,
       file: '/workspace/Assignment/server/node_modules/multer/lib/make-middleware.js',
       function: null,
       line: 114,
       method: null,
       native: false },
     { column: 13,
       file: 'events.js',
       function: 'emitMany',
       line: 127,
       method: null,
       native: false },
     { column: 7,
       file: 'events.js',
       function: 'Busboy.emit',
       line: 201,
       method: 'emit',
       native: false },
     { column: 33,
       file: '/workspace/Assignment/server/node_modules/busboy/lib/main.js',
       function: 'Busboy.emit',
       line: 38,
       method: 'emit',
       native: false },
     { column: 13,
       file: '/workspace/Assignment/server/node_modules/busboy/lib/types/multipart.js',
       function: null,
       line: 213,
       method: null,
       native: false },
     { column: 13,
       file: 'events.js',
       function: 'emitOne',
       line: 96,
       method: null,
       native: false } ],
  stack: 
   [ 'TypeError: Path must be a string. Received undefined',
     '    at assertPath (path.js:7:11)',
     '    at Object.join (path.js:1211:7)',
     '    at /workspace/Assignment/server/node_modules/multer/storage/disk.js:37:28',
     '    at DiskStorage.filename [as getFilename] (/workspace/Assignment/server/controllers/fileManager.js:138:21)',
     '    at /workspace/Assignment/server/node_modules/multer/storage/disk.js:34:10',
     '    at DiskStorage.destination [as getDestination] (/workspace/Assignment/server/controllers/fileManager.js:129:21)',
     '    at DiskStorage._handleFile (/workspace/Assignment/server/node_modules/multer/storage/disk.js:31:8)',
     '    at /workspace/Assignment/server/node_modules/multer/lib/make-middleware.js:144:17',
     '    at allowAll (/workspace/Assignment/server/node_modules/multer/index.js:8:3)',
     '    at wrappedFileFilter (/workspace/Assignment/server/node_modules/multer/index.js:44:7)',
     '    at Busboy.<anonymous> (/workspace/Assignment/server/node_modules/multer/lib/make-middleware.js:114:7)',
     '    at emitMany (events.js:127:13)',
     '    at Busboy.emit (events.js:201:7)',
     '    at Busboy.emit (/workspace/Assignment/server/node_modules/busboy/lib/main.js:38:33)',
     '    at PartStream.<anonymous> (/workspace/Assignment/server/node_modules/busboy/lib/types/multipart.js:213:13)',
     '    at emitOne (events.js:96:13)' ] }
17/11/12 09:11:03.377 [pid:261] - error: uncaughtException: Path must be a string. Received undefined 
{ date: 'Sun Nov 12 2017 09:11:03 GMT+0000 (UTC)',
  process: 
   { pid: 261,
     uid: 0,
     gid: 0,
     cwd: '/workspace/Assignment',
     execPath: '/usr/bin/nodejs',
     version: 'v6.11.0',
     argv: [ '/usr/bin/nodejs', '/workspace/Assignment/server/server2.js' ],
     memoryUsage: 
      { rss: 79609856,
        heapTotal: 67964928,
        heapUsed: 40312400,
        external: 19512405 } },
  os: 
   { loadavg: [ 0.5263671875, 0.48681640625, 0.5751953125 ],
     uptime: 423182 },
  trace: 
   [ { column: 11,
       file: 'path.js',
       function: 'assertPath',
       line: 7,
       method: null,
       native: false },
     { column: 7,
       file: 'path.js',
       function: 'Object.join',
       line: 1211,
       method: 'join',
       native: false },
     { column: 28,
       file: '/workspace/Assignment/server/node_modules/multer/storage/disk.js',
       function: null,
       line: 37,
       method: null,
       native: false },
     { column: 21,
       file: '/workspace/Assignment/server/controllers/fileManager.js',
       function: 'DiskStorage.filename [as getFilename]',
       line: 138,
       method: 'filename [as getFilename]',
       native: false },
     { column: 10,
       file: '/workspace/Assignment/server/node_modules/multer/storage/disk.js',
       function: null,
       line: 34,
       method: null,
       native: false },
     { column: 21,
       file: '/workspace/Assignment/server/controllers/fileManager.js',
       function: 'DiskStorage.destination [as getDestination]',
       line: 129,
       method: 'destination [as getDestination]',
       native: false },
     { column: 8,
       file: '/workspace/Assignment/server/node_modules/multer/storage/disk.js',
       function: 'DiskStorage._handleFile',
       line: 31,
       method: '_handleFile',
       native: false },
     { column: 17,
       file: '/workspace/Assignment/server/node_modules/multer/lib/make-middleware.js',
       function: null,
       line: 144,
       method: null,
       native: false },
     { column: 3,
       file: '/workspace/Assignment/server/node_modules/multer/index.js',
       function: 'allowAll',
       line: 8,
       method: null,
       native: false },
     { column: 7,
       file: '/workspace/Assignment/server/node_modules/multer/index.js',
       function: 'wrappedFileFilter',
       line: 44,
       method: null,
       native: false },
     { column: 7,
       file: '/workspace/Assignment/server/node_modules/multer/lib/make-middleware.js',
       function: null,
       line: 114,
       method: null,
       native: false },
     { column: 13,
       file: 'events.js',
       function: 'emitMany',
       line: 127,
       method: null,
       native: false },
     { column: 7,
       file: 'events.js',
       function: 'Busboy.emit',
       line: 201,
       method: 'emit',
       native: false },
     { column: 33,
       file: '/workspace/Assignment/server/node_modules/busboy/lib/main.js',
       function: 'Busboy.emit',
       line: 38,
       method: 'emit',
       native: false },
     { column: 13,
       file: '/workspace/Assignment/server/node_modules/busboy/lib/types/multipart.js',
       function: null,
       line: 213,
       method: null,
       native: false },
     { column: 13,
       file: 'events.js',
       function: 'emitOne',
       line: 96,
       method: null,
       native: false } ],
  stack: 
   [ 'TypeError: Path must be a string. Received undefined',
     '    at assertPath (path.js:7:11)',
     '    at Object.join (path.js:1211:7)',
     '    at /workspace/Assignment/server/node_modules/multer/storage/disk.js:37:28',
     '    at DiskStorage.filename [as getFilename] (/workspace/Assignment/server/controllers/fileManager.js:138:21)',
     '    at /workspace/Assignment/server/node_modules/multer/storage/disk.js:34:10',
     '    at DiskStorage.destination [as getDestination] (/workspace/Assignment/server/controllers/fileManager.js:129:21)',
     '    at DiskStorage._handleFile (/workspace/Assignment/server/node_modules/multer/storage/disk.js:31:8)',
     '    at /workspace/Assignment/server/node_modules/multer/lib/make-middleware.js:144:17',
     '    at allowAll (/workspace/Assignment/server/node_modules/multer/index.js:8:3)',
     '    at wrappedFileFilter (/workspace/Assignment/server/node_modules/multer/index.js:44:7)',
     '    at Busboy.<anonymous> (/workspace/Assignment/server/node_modules/multer/lib/make-middleware.js:114:7)',
     '    at emitMany (events.js:127:13)',
     '    at Busboy.emit (events.js:201:7)',
     '    at Busboy.emit (/workspace/Assignment/server/node_modules/busboy/lib/main.js:38:33)',
     '    at PartStream.<anonymous> (/workspace/Assignment/server/node_modules/busboy/lib/types/multipart.js:213:13)',
     '    at emitOne (events.js:96:13)' ] }
17/11/12 09:12:20.016 [pid:277] - error: uncaughtException: Invalid filename 
{ date: 'Sun Nov 12 2017 09:12:20 GMT+0000 (UTC)',
  process: 
   { pid: 277,
     uid: 0,
     gid: 0,
     cwd: '/workspace/Assignment',
     execPath: '/usr/bin/nodejs',
     version: 'v6.11.0',
     argv: [ '/usr/bin/nodejs', '/workspace/Assignment/server/server2.js' ],
     memoryUsage: 
      { rss: 80236544,
        heapTotal: 67964928,
        heapUsed: 41964952,
        external: 20475320 } },
  os: 
   { loadavg: [ 0.38818359375, 0.45751953125, 0.5556640625 ],
     uptime: 423259 },
  trace: [],
  stack: undefined }
17/11/12 09:15:39.085 [pid:291] - error: uncaughtException: There is a file in the way: /workspace/Assignment/server/_files/upload/project/fileMng_nodejs-master.zip 
{ date: 'Sun Nov 12 2017 09:15:39 GMT+0000 (UTC)',
  process: 
   { pid: 291,
     uid: 0,
     gid: 0,
     cwd: '/workspace/Assignment',
     execPath: '/usr/bin/nodejs',
     version: 'v6.11.0',
     argv: [ '/usr/bin/nodejs', '/workspace/Assignment/server/server2.js' ],
     memoryUsage: 
      { rss: 81002496,
        heapTotal: 67964928,
        heapUsed: 43432376,
        external: 21514029 } },
  os: 
   { loadavg: [ 0.4892578125, 0.39794921875, 0.50927734375 ],
     uptime: 423458 },
  trace: [],
  stack: undefined }
17/11/12 09:16:49.874 [pid:306] - error: uncaughtException: There is a file in the way: /workspace/Assignment/server/_files/upload/project/fileMng_nodejs-master.zip 
{ date: 'Sun Nov 12 2017 09:16:49 GMT+0000 (UTC)',
  process: 
   { pid: 306,
     uid: 0,
     gid: 0,
     cwd: '/workspace/Assignment',
     execPath: '/usr/bin/nodejs',
     version: 'v6.11.0',
     argv: [ '/usr/bin/nodejs', '/workspace/Assignment/server/server2.js' ],
     memoryUsage: 
      { rss: 83238912,
        heapTotal: 67964928,
        heapUsed: 43354328,
        external: 21588523 } },
  os: 
   { loadavg: [ 0.23583984375, 0.3369140625, 0.47705078125 ],
     uptime: 423529 },
  trace: [],
  stack: undefined }
17/11/12 09:18:02.677 [pid:321] - error: uncaughtException: There is a file in the way: /workspace/Assignment/server/_files/upload/project/jquery-treetable-master.zip 
{ date: 'Sun Nov 12 2017 09:18:02 GMT+0000 (UTC)',
  process: 
   { pid: 321,
     uid: 0,
     gid: 0,
     cwd: '/workspace/Assignment',
     execPath: '/usr/bin/nodejs',
     version: 'v6.11.0',
     argv: [ '/usr/bin/nodejs', '/workspace/Assignment/server/server2.js' ],
     memoryUsage: 
      { rss: 78176256,
        heapTotal: 67964928,
        heapUsed: 40739200,
        external: 19532201 } },
  os: 
   { loadavg: [ 0.21484375, 0.3203125, 0.458984375 ],
     uptime: 423601 },
  trace: [],
  stack: undefined }
17/11/12 09:20:16.584 [pid:336] - error: uncaughtException: pathName is not defined 
{ date: 'Sun Nov 12 2017 09:20:16 GMT+0000 (UTC)',
  process: 
   { pid: 336,
     uid: 0,
     gid: 0,
     cwd: '/workspace/Assignment',
     execPath: '/usr/bin/nodejs',
     version: 'v6.11.0',
     argv: [ '/usr/bin/nodejs', '/workspace/Assignment/server/server2.js' ],
     memoryUsage: 
      { rss: 81293312,
        heapTotal: 67964928,
        heapUsed: 42424928,
        external: 20332082 } },
  os: 
   { loadavg: [ 0.330078125, 0.3037109375, 0.43310546875 ],
     uptime: 423735 },
  trace: 
   [ { column: 93,
       file: '/workspace/Assignment/server/controllers/fileManager.js',
       function: null,
       line: 163,
       method: null,
       native: false },
     { column: 37,
       file: '/workspace/Assignment/server/node_modules/multer/lib/make-middleware.js',
       function: null,
       line: 53,
       method: null,
       native: false },
     { column: 15,
       file: '/workspace/Assignment/server/node_modules/on-finished/index.js',
       function: 'listener',
       line: 169,
       method: null,
       native: false },
     { column: 5,
       file: '/workspace/Assignment/server/node_modules/on-finished/index.js',
       function: 'onFinish',
       line: 100,
       method: null,
       native: false },
     { column: 10,
       file: '/workspace/Assignment/server/node_modules/ee-first/index.js',
       function: 'callback',
       line: 55,
       method: null,
       native: false },
     { column: 5,
       file: '/workspace/Assignment/server/node_modules/ee-first/index.js',
       function: 'IncomingMessage.onevent',
       line: 93,
       method: 'onevent',
       native: false },
     { column: 13,
       file: 'events.js',
       function: 'emitNone',
       line: 86,
       method: null,
       native: false },
     { column: 7,
       file: 'events.js',
       function: 'IncomingMessage.emit',
       line: 185,
       method: 'emit',
       native: false },
     { column: 12,
       file: '_stream_readable.js',
       function: 'endReadableNT',
       line: 974,
       method: null,
       native: false },
     { column: 11,
       file: 'internal/process/next_tick.js',
       function: '_combinedTickCallback',
       line: 80,
       method: null,
       native: false },
     { column: 9,
       file: 'internal/process/next_tick.js',
       function: 'process._tickCallback',
       line: 104,
       method: '_tickCallback',
       native: false } ],
  stack: 
   [ 'ReferenceError: pathName is not defined',
     '    at /workspace/Assignment/server/controllers/fileManager.js:163:93',
     '    at Array.<anonymous> (/workspace/Assignment/server/node_modules/multer/lib/make-middleware.js:53:37)',
     '    at listener (/workspace/Assignment/server/node_modules/on-finished/index.js:169:15)',
     '    at onFinish (/workspace/Assignment/server/node_modules/on-finished/index.js:100:5)',
     '    at callback (/workspace/Assignment/server/node_modules/ee-first/index.js:55:10)',
     '    at IncomingMessage.onevent (/workspace/Assignment/server/node_modules/ee-first/index.js:93:5)',
     '    at emitNone (events.js:86:13)',
     '    at IncomingMessage.emit (events.js:185:7)',
     '    at endReadableNT (_stream_readable.js:974:12)',
     '    at _combinedTickCallback (internal/process/next_tick.js:80:11)',
     '    at process._tickCallback (internal/process/next_tick.js:104:9)' ] }
17/11/12 14:25:09.771 [pid:166] - error: uncaughtException: Invalid filename 
{ date: 'Sun Nov 12 2017 14:25:09 GMT+0000 (UTC)',
  process: 
   { pid: 166,
     uid: 0,
     gid: 0,
     cwd: '/workspace/Assignment',
     execPath: '/usr/bin/nodejs',
     version: 'v6.11.0',
     argv: [ '/usr/bin/nodejs', '/workspace/Assignment/server/server2.js' ],
     memoryUsage: 
      { rss: 63049728,
        heapTotal: 38604800,
        heapUsed: 30152088,
        external: 18375791 } },
  os: 
   { loadavg: [ 0.53955078125, 0.98583984375, 1.44189453125 ],
     uptime: 442029 },
  trace: [],
  stack: undefined }
17/11/12 14:30:38.459 [pid:182] - error: uncaughtException: Invalid filename 
{ date: 'Sun Nov 12 2017 14:30:38 GMT+0000 (UTC)',
  process: 
   { pid: 182,
     uid: 0,
     gid: 0,
     cwd: '/workspace/Assignment',
     execPath: '/usr/bin/nodejs',
     version: 'v6.11.0',
     argv: [ '/usr/bin/nodejs', '/workspace/Assignment/server/server2.js' ],
     memoryUsage: 
      { rss: 82309120,
        heapTotal: 67964928,
        heapUsed: 40788664,
        external: 19853646 } },
  os: 
   { loadavg: [ 0.19384765625, 0.47412109375, 1.07275390625 ],
     uptime: 442357 },
  trace: [],
  stack: undefined }
17/11/12 14:33:46.704 [pid:198] - error: uncaughtException: Invalid filename 
{ date: 'Sun Nov 12 2017 14:33:46 GMT+0000 (UTC)',
  process: 
   { pid: 198,
     uid: 0,
     gid: 0,
     cwd: '/workspace/Assignment',
     execPath: '/usr/bin/nodejs',
     version: 'v6.11.0',
     argv: [ '/usr/bin/nodejs', '/workspace/Assignment/server/server2.js' ],
     memoryUsage: 
      { rss: 82911232,
        heapTotal: 67964928,
        heapUsed: 43560376,
        external: 22237548 } },
  os: 
   { loadavg: [ 0.4453125, 0.439453125, 0.94384765625 ],
     uptime: 442545 },
  trace: [],
  stack: undefined }
17/11/12 16:50:26.682 [pid:310] - error: uncaughtException: Can't set headers after they are sent. 
{ date: 'Sun Nov 12 2017 16:50:26 GMT+0000 (UTC)',
  process: 
   { pid: 310,
     uid: 0,
     gid: 0,
     cwd: '/workspace/Assignment',
     execPath: '/usr/bin/nodejs',
     version: 'v6.11.0',
     argv: [ '/usr/bin/nodejs', '/workspace/Assignment/server/server2.js' ],
     memoryUsage: 
      { rss: 128241664,
        heapTotal: 97325056,
        heapUsed: 57389720,
        external: 56870536 } },
  os: 
   { loadavg: [ 0.52294921875, 0.4140625, 0.37451171875 ],
     uptime: 450745 },
  trace: 
   [ { column: 11,
       file: '_http_outgoing.js',
       function: 'ServerResponse.OutgoingMessage.setHeader',
       line: 357,
       method: 'setHeader',
       native: false },
     { column: 10,
       file: '/workspace/Assignment/server/node_modules/express/lib/response.js',
       function: 'ServerResponse.header',
       line: 767,
       method: 'header',
       native: false },
     { column: 12,
       file: '/workspace/Assignment/server/node_modules/express/lib/response.js',
       function: 'ServerResponse.send',
       line: 170,
       method: 'send',
       native: false },
     { column: 15,
       file: '/workspace/Assignment/server/node_modules/express/lib/response.js',
       function: 'ServerResponse.json',
       line: 267,
       method: 'json',
       native: false },
     { column: 21,
       file: '/workspace/Assignment/server/node_modules/express/lib/response.js',
       function: 'ServerResponse.send',
       line: 158,
       method: 'send',
       native: false },
     { column: 38,
       file: '/workspace/Assignment/server/helper/web_helper.js',
       function: 'ServerResponse.res.sendJson',
       line: 79,
       method: 'sendJson',
       native: false },
     { column: 21,
       file: '/workspace/Assignment/server/controllers/fileManager.js',
       function: null,
       line: 214,
       method: null,
       native: false },
     { column: 16,
       file: '/workspace/Assignment/server/node_modules/async/dist/async.js',
       function: null,
       line: 473,
       method: null,
       native: false },
     { column: 29,
       file: '/workspace/Assignment/server/node_modules/async/dist/async.js',
       function: 'next',
       line: 5315,
       method: null,
       native: false },
     { column: 16,
       file: '/workspace/Assignment/server/node_modules/async/dist/async.js',
       function: null,
       line: 958,
       method: null,
       native: false },
     { column: 21,
       file: '/workspace/Assignment/server/controllers/fileManager.js',
       function: null,
       line: 193,
       method: null,
       native: false },
     { column: 14,
       file: '/workspace/Assignment/server/node_modules/async/dist/async.js',
       function: 'nextTask',
       line: 5310,
       method: null,
       native: false },
     { column: 9,
       file: '/workspace/Assignment/server/node_modules/async/dist/async.js',
       function: 'next',
       line: 5317,
       method: null,
       native: false },
     { column: 16,
       file: '/workspace/Assignment/server/node_modules/async/dist/async.js',
       function: null,
       line: 958,
       method: null,
       native: false },
     { column: 25,
       file: '/workspace/Assignment/server/controllers/fileManager.js',
       function: null,
       line: 174,
       method: null,
       native: false },
     { column: 37,
       file: '/workspace/Assignment/server/node_modules/multer/lib/make-middleware.js',
       function: null,
       line: 53,
       method: null,
       native: false } ],
  stack: 
   [ 'Error: Can\'t set headers after they are sent.',
     '    at ServerResponse.OutgoingMessage.setHeader (_http_outgoing.js:357:11)',
     '    at ServerResponse.header (/workspace/Assignment/server/node_modules/express/lib/response.js:767:10)',
     '    at ServerResponse.send (/workspace/Assignment/server/node_modules/express/lib/response.js:170:12)',
     '    at ServerResponse.json (/workspace/Assignment/server/node_modules/express/lib/response.js:267:15)',
     '    at ServerResponse.send (/workspace/Assignment/server/node_modules/express/lib/response.js:158:21)',
     '    at ServerResponse.res.sendJson (/workspace/Assignment/server/helper/web_helper.js:79:38)',
     '    at /workspace/Assignment/server/controllers/fileManager.js:214:21',
     '    at /workspace/Assignment/server/node_modules/async/dist/async.js:473:16',
     '    at next (/workspace/Assignment/server/node_modules/async/dist/async.js:5315:29)',
     '    at /workspace/Assignment/server/node_modules/async/dist/async.js:958:16',
     '    at /workspace/Assignment/server/controllers/fileManager.js:193:21',
     '    at nextTask (/workspace/Assignment/server/node_modules/async/dist/async.js:5310:14)',
     '    at next (/workspace/Assignment/server/node_modules/async/dist/async.js:5317:9)',
     '    at /workspace/Assignment/server/node_modules/async/dist/async.js:958:16',
     '    at /workspace/Assignment/server/controllers/fileManager.js:174:25',
     '    at Immediate.<anonymous> (/workspace/Assignment/server/node_modules/multer/lib/make-middleware.js:53:37)' ] }
17/11/12 16:54:39.685 [pid:326] - error: uncaughtException: Can't set headers after they are sent. 
{ date: 'Sun Nov 12 2017 16:54:39 GMT+0000 (UTC)',
  process: 
   { pid: 326,
     uid: 0,
     gid: 0,
     cwd: '/workspace/Assignment',
     execPath: '/usr/bin/nodejs',
     version: 'v6.11.0',
     argv: [ '/usr/bin/nodejs', '/workspace/Assignment/server/server2.js' ],
     memoryUsage: 
      { rss: 86114304,
        heapTotal: 67964928,
        heapUsed: 47248016,
        external: 24107104 } },
  os: 
   { loadavg: [ 0.42431640625, 0.39599609375, 0.3681640625 ],
     uptime: 450998 },
  trace: 
   [ { column: 11,
       file: '_http_outgoing.js',
       function: 'ServerResponse.OutgoingMessage.setHeader',
       line: 357,
       method: 'setHeader',
       native: false },
     { column: 10,
       file: '/workspace/Assignment/server/node_modules/express/lib/response.js',
       function: 'ServerResponse.header',
       line: 767,
       method: 'header',
       native: false },
     { column: 12,
       file: '/workspace/Assignment/server/node_modules/express/lib/response.js',
       function: 'ServerResponse.send',
       line: 170,
       method: 'send',
       native: false },
     { column: 15,
       file: '/workspace/Assignment/server/node_modules/express/lib/response.js',
       function: 'ServerResponse.json',
       line: 267,
       method: 'json',
       native: false },
     { column: 21,
       file: '/workspace/Assignment/server/node_modules/express/lib/response.js',
       function: 'ServerResponse.send',
       line: 158,
       method: 'send',
       native: false },
     { column: 38,
       file: '/workspace/Assignment/server/helper/web_helper.js',
       function: 'ServerResponse.res.sendJson',
       line: 79,
       method: 'sendJson',
       native: false },
     { column: 21,
       file: '/workspace/Assignment/server/controllers/fileManager.js',
       function: null,
       line: 215,
       method: null,
       native: false },
     { column: 16,
       file: '/workspace/Assignment/server/node_modules/async/dist/async.js',
       function: null,
       line: 473,
       method: null,
       native: false },
     { column: 29,
       file: '/workspace/Assignment/server/node_modules/async/dist/async.js',
       function: 'next',
       line: 5315,
       method: null,
       native: false },
     { column: 16,
       file: '/workspace/Assignment/server/node_modules/async/dist/async.js',
       function: null,
       line: 958,
       method: null,
       native: false },
     { column: 21,
       file: '/workspace/Assignment/server/controllers/fileManager.js',
       function: null,
       line: 194,
       method: null,
       native: false },
     { column: 14,
       file: '/workspace/Assignment/server/node_modules/async/dist/async.js',
       function: 'nextTask',
       line: 5310,
       method: null,
       native: false },
     { column: 9,
       file: '/workspace/Assignment/server/node_modules/async/dist/async.js',
       function: 'next',
       line: 5317,
       method: null,
       native: false },
     { column: 16,
       file: '/workspace/Assignment/server/node_modules/async/dist/async.js',
       function: null,
       line: 958,
       method: null,
       native: false },
     { column: 25,
       file: '/workspace/Assignment/server/controllers/fileManager.js',
       function: null,
       line: 175,
       method: null,
       native: false },
     { column: 37,
       file: '/workspace/Assignment/server/node_modules/multer/lib/make-middleware.js',
       function: null,
       line: 53,
       method: null,
       native: false } ],
  stack: 
   [ 'Error: Can\'t set headers after they are sent.',
     '    at ServerResponse.OutgoingMessage.setHeader (_http_outgoing.js:357:11)',
     '    at ServerResponse.header (/workspace/Assignment/server/node_modules/express/lib/response.js:767:10)',
     '    at ServerResponse.send (/workspace/Assignment/server/node_modules/express/lib/response.js:170:12)',
     '    at ServerResponse.json (/workspace/Assignment/server/node_modules/express/lib/response.js:267:15)',
     '    at ServerResponse.send (/workspace/Assignment/server/node_modules/express/lib/response.js:158:21)',
     '    at ServerResponse.res.sendJson (/workspace/Assignment/server/helper/web_helper.js:79:38)',
     '    at /workspace/Assignment/server/controllers/fileManager.js:215:21',
     '    at /workspace/Assignment/server/node_modules/async/dist/async.js:473:16',
     '    at next (/workspace/Assignment/server/node_modules/async/dist/async.js:5315:29)',
     '    at /workspace/Assignment/server/node_modules/async/dist/async.js:958:16',
     '    at /workspace/Assignment/server/controllers/fileManager.js:194:21',
     '    at nextTask (/workspace/Assignment/server/node_modules/async/dist/async.js:5310:14)',
     '    at next (/workspace/Assignment/server/node_modules/async/dist/async.js:5317:9)',
     '    at /workspace/Assignment/server/node_modules/async/dist/async.js:958:16',
     '    at /workspace/Assignment/server/controllers/fileManager.js:175:25',
     '    at Immediate.<anonymous> (/workspace/Assignment/server/node_modules/multer/lib/make-middleware.js:53:37)' ] }
17/11/12 17:19:08.208 [pid:342] - error: uncaughtException: Invalid or unsupported zip format. No END header found 
{ date: 'Sun Nov 12 2017 17:19:08 GMT+0000 (UTC)',
  process: 
   { pid: 342,
     uid: 0,
     gid: 0,
     cwd: '/workspace/Assignment',
     execPath: '/usr/bin/nodejs',
     version: 'v6.11.0',
     argv: [ '/usr/bin/nodejs', '/workspace/Assignment/server/server2.js' ],
     memoryUsage: 
      { rss: 92483584,
        heapTotal: 38604800,
        heapUsed: 31577960,
        external: 19066535 } },
  os: 
   { loadavg: [ 0.40283203125, 0.45751953125, 0.45068359375 ],
     uptime: 452467 },
  trace: [],
  stack: undefined }
