17/11/21 07:14:38.543 [pid:278] - error: uncaughtException: ENOENT: no such file or directory, stat '/workspace/Assignment/www/favicon.png' 
{ date: 'Tue Nov 21 2017 07:14:38 GMT+0000 (UTC)',
  process: 
   { pid: 278,
     uid: 0,
     gid: 0,
     cwd: '/workspace/Assignment',
     execPath: '/usr/bin/nodejs',
     version: 'v6.11.0',
     argv: [ '/usr/bin/nodejs', '/workspace/Assignment/server/server.js' ],
     memoryUsage: 
      { rss: 54128640,
        heapTotal: 37785600,
        heapUsed: 21629368,
        external: 18135201 } },
  os: 
   { loadavg: [ 0.5703125, 0.52880859375, 0.8642578125 ],
     uptime: 542691 },
  trace: 
   [ { column: null,
       file: null,
       function: 'Error',
       line: null,
       method: null,
       native: true },
     { column: 11,
       file: 'fs.js',
       function: 'Object.fs.statSync',
       line: 1000,
       method: 'statSync',
       native: false },
     { column: 17,
       file: '/workspace/Assignment/server/node_modules/serve-favicon/index.js',
       function: 'resolveSync',
       line: 172,
       method: null,
       native: false },
     { column: 12,
       file: '/workspace/Assignment/server/node_modules/serve-favicon/index.js',
       function: 'favicon',
       line: 61,
       method: null,
       native: false },
     { column: 13,
       file: '/workspace/Assignment/server/server.js',
       function: null,
       line: 176,
       method: null,
       native: false },
     { column: 32,
       file: 'module.js',
       function: 'Module._compile',
       line: 570,
       method: '_compile',
       native: false },
     { column: 10,
       file: 'module.js',
       function: 'Module._extensions..js',
       line: 579,
       method: '.js',
       native: false },
     { column: 32,
       file: 'module.js',
       function: 'Module.load',
       line: 487,
       method: 'load',
       native: false },
     { column: 12,
       file: 'module.js',
       function: 'tryModuleLoad',
       line: 446,
       method: null,
       native: false },
     { column: 3,
       file: 'module.js',
       function: 'Module._load',
       line: 438,
       method: '_load',
       native: false },
     { column: 10,
       file: 'module.js',
       function: 'Module.runMain',
       line: 604,
       method: 'runMain',
       native: false },
     { column: 7,
       file: 'bootstrap_node.js',
       function: 'run',
       line: 389,
       method: null,
       native: false },
     { column: 9,
       file: 'bootstrap_node.js',
       function: 'startup',
       line: 149,
       method: null,
       native: false },
     { column: 3,
       file: 'bootstrap_node.js',
       function: null,
       line: 504,
       method: null,
       native: false } ],
  stack: 
   [ 'Error: ENOENT: no such file or directory, stat \'/workspace/Assignment/www/favicon.png\'',
     '    at Error (native)',
     '    at Object.fs.statSync (fs.js:1000:11)',
     '    at resolveSync (/workspace/Assignment/server/node_modules/serve-favicon/index.js:172:17)',
     '    at favicon (/workspace/Assignment/server/node_modules/serve-favicon/index.js:61:12)',
     '    at Object.<anonymous> (/workspace/Assignment/server/server.js:176:13)',
     '    at Module._compile (module.js:570:32)',
     '    at Object.Module._extensions..js (module.js:579:10)',
     '    at Module.load (module.js:487:32)',
     '    at tryModuleLoad (module.js:446:12)',
     '    at Function.Module._load (module.js:438:3)',
     '    at Module.runMain (module.js:604:10)',
     '    at run (bootstrap_node.js:389:7)',
     '    at startup (bootstrap_node.js:149:9)',
     '    at bootstrap_node.js:504:3' ] }
